#
# There is insufficient memory for the Java Runtime Environment to continue.
# Native memory allocation (malloc) failed to allocate 45488 bytes for Chunk::new
# Possible reasons:
#   The system is out of physical RAM or swap space
#   In 32 bit mode, the process size limit was hit
# Possible solutions:
#   Reduce memory load on the system
#   Increase physical memory or swap space
#   Check if swap backing store is full
#   Use 64 bit Java on a 64 bit OS
#   Decrease Java heap size (-Xmx/-Xms)
#   Decrease number of Java threads
#   Decrease Java thread stack sizes (-Xss)
#   Set larger code cache with -XX:ReservedCodeCacheSize=
# This output file may be truncated or incomplete.
#
#  Out of Memory Error (allocation.cpp:390), pid=9324, tid=0x0000000000002d7c
#
# JRE version: OpenJDK Runtime Environment (8.0_152-b01) (build 1.8.0_152-release-915-b01)
# Java VM: OpenJDK 64-Bit Server VM (25.152-b01 mixed mode windows-amd64 compressed oops)
# Failed to write core dump. Minidumps are not enabled by default on client versions of Windows
#

---------------  T H R E A D  ---------------

Current thread (0x0000000052d1f000):  JavaThread "C2 CompilerThread2" daemon [_thread_in_native, id=11644, stack(0x0000000055ab0000,0x0000000055bb0000)]

Stack: [0x0000000055ab0000,0x0000000055bb0000]
[error occurred during error reporting (printing stack bounds), id 0xc0000005]

Native frames: (J=compiled Java code, j=interpreted, Vv=VM code, C=native code)


Current CompileTask:
C2:    451  426       4       java.lang.String::indexOf (166 bytes)


---------------  P R O C E S S  ---------------

Java Threads: ( => current thread )
  0x0000000053f40800 JavaThread "Service Thread" daemon [_thread_blocked, id=9944, stack(0x0000000055c50000,0x0000000055d50000)]
  0x0000000053f39800 JavaThread "C1 CompilerThread3" daemon [_thread_blocked, id=4116, stack(0x00000000554c0000,0x00000000555c0000)]
=>0x0000000052d1f000 JavaThread "C2 CompilerThread2" daemon [_thread_in_native, id=11644, stack(0x0000000055ab0000,0x0000000055bb0000)]
  0x0000000052d1c000 JavaThread "C2 CompilerThread1" daemon [_thread_blocked, id=4716, stack(0x00000000558e0000,0x00000000559e0000)]
  0x0000000053ed2800 JavaThread "C2 CompilerThread0" daemon [_thread_blocked, id=8180, stack(0x00000000557b0000,0x00000000558b0000)]
  0x0000000053ed1800 JavaThread "Attach Listener" daemon [_thread_blocked, id=7408, stack(0x00000000555e0000,0x00000000556e0000)]
  0x0000000053ee0000 JavaThread "Signal Dispatcher" daemon [_thread_blocked, id=10696, stack(0x00000000553c0000,0x00000000554c0000)]
  0x0000000052d0e800 JavaThread "Finalizer" daemon [_thread_blocked, id=10604, stack(0x0000000055210000,0x0000000055310000)]
  0x0000000052d07800 JavaThread "Reference Handler" daemon [_thread_blocked, id=2936, stack(0x0000000055100000,0x0000000055200000)]
  0x0000000001e2f000 JavaThread "main" [_thread_in_vm, id=5768, stack(0x0000000001fe0000,0x00000000020e0000)]

Other Threads:
  0x0000000052cff000 VMThread [stack: 0x0000000054e70000,0x0000000054f70000] [id=3352]
  0x0000000053f42800 WatcherThread [stack: 0x0000000055e90000,0x0000000055f90000] [id=11380]

VM state:not at safepoint (normal execution)

VM Mutex/Monitor currently owned by a thread: None

Heap:
 PSYoungGen      total 18944K, used 7590K [0x00000000feb00000, 0x0000000100000000, 0x0000000100000000)
  eden space 16384K, 46% used [0x00000000feb00000,0x00000000ff269aa0,0x00000000ffb00000)
  from space 2560K, 0% used [0x00000000ffd80000,0x00000000ffd80000,0x0000000100000000)
  to   space 2560K, 0% used [0x00000000ffb00000,0x00000000ffb00000,0x00000000ffd80000)
 ParOldGen       total 44032K, used 0K [0x00000000fc000000, 0x00000000feb00000, 0x00000000feb00000)
  object space 44032K, 0% used [0x00000000fc000000,0x00000000fc000000,0x00000000feb00000)
 Metaspace       used 6315K, capacity 6490K, committed 6784K, reserved 1056768K
  class space    used 752K, capacity 823K, committed 896K, reserved 1048576K

Card table byte_map: [0x0000000000380000,0x00000000003b0000] byte_map_base: 0xffffffffffba0000

Marking Bits: (ParMarkBitMap*) 0x0000000060a53950
 Begin Bits: [0x0000000012120000, 0x0000000012220000)
 End Bits:   [0x0000000012220000, 0x0000000012320000)

Polling page: 0x0000000000350000

CodeCache: size=245760Kb used=1862Kb max_used=1873Kb free=243897Kb
 bounds [0x00000000023b0000, 0x0000000002620000, 0x00000000113b0000]
 total_blobs=745 nmethods=425 adapters=234
 compilation: enabled

Compilation events (10 events):
Event: 0.447 Thread 0x0000000053f39800 nmethod 416 0x000000000257da90 code [0x000000000257dbe0, 0x000000000257dcf0]
Event: 0.447 Thread 0x0000000053f39800  419       1       com.google.common.collect.LinkedHashMultimap::access$300 (5 bytes)
Event: 0.447 Thread 0x0000000053f39800 nmethod 419 0x000000000257e7d0 code [0x000000000257e920, 0x000000000257ea10]
Event: 0.447 Thread 0x0000000053f39800  423       1       com.google.common.collect.LinkedHashMultimap$ValueEntry::getSuccessorInValueSet (5 bytes)
Event: 0.447 Thread 0x0000000053f39800 nmethod 423 0x0000000002581750 code [0x00000000025818a0, 0x00000000025819b0]
Event: 0.447 Thread 0x0000000053f39800  424       1       sun.nio.fs.NativeBuffer::size (5 bytes)
Event: 0.447 Thread 0x0000000053f39800 nmethod 424 0x0000000002581490 code [0x00000000025815e0, 0x00000000025816f0]
Event: 0.447 Thread 0x0000000053f39800  425       1       sun.nio.fs.NativeBuffer::owner (5 bytes)
Event: 0.447 Thread 0x0000000053f39800 nmethod 425 0x00000000025811d0 code [0x0000000002581320, 0x0000000002581430]
Event: 0.447 Thread 0x0000000053ed2800 nmethod 420 0x0000000002580ed0 code [0x0000000002581000, 0x00000000025810f8]

GC Heap History (0 events):
No events

Deoptimization events (1 events):
Event: 0.218 Thread 0x0000000001e2f000 Uncommon trap: reason=range_check action=make_not_entrant pc=0x0000000002512390 method=sun.reflect.generics.parser.SignatureParser.current()C @ 34

Classes redefined (0 events):
No events

Internal exceptions (10 events):
Event: 0.356 Thread 0x0000000001e2f000 Exception <a 'sun/nio/fs/WindowsException'> (0x00000000ff1f1688) thrown at [D:\src\AOSP-openjdk-cygwin\jdk8u\hotspot\src\share\vm\prims\jni.cpp, line 709]
Event: 0.356 Thread 0x0000000001e2f000 Exception <a 'sun/nio/fs/WindowsException'> (0x00000000ff1f1d20) thrown at [D:\src\AOSP-openjdk-cygwin\jdk8u\hotspot\src\share\vm\prims\jni.cpp, line 709]
Event: 0.356 Thread 0x0000000001e2f000 Exception <a 'sun/nio/fs/WindowsException'> (0x00000000ff1f2530) thrown at [D:\src\AOSP-openjdk-cygwin\jdk8u\hotspot\src\share\vm\prims\jni.cpp, line 709]
Event: 0.357 Thread 0x0000000001e2f000 Exception <a 'sun/nio/fs/WindowsException'> (0x00000000ff1f2b80) thrown at [D:\src\AOSP-openjdk-cygwin\jdk8u\hotspot\src\share\vm\prims\jni.cpp, line 709]
Event: 0.357 Thread 0x0000000001e2f000 Exception <a 'sun/nio/fs/WindowsException'> (0x00000000ff1f3360) thrown at [D:\src\AOSP-openjdk-cygwin\jdk8u\hotspot\src\share\vm\prims\jni.cpp, line 709]
Event: 0.357 Thread 0x0000000001e2f000 Exception <a 'sun/nio/fs/WindowsException'> (0x00000000ff1f3958) thrown at [D:\src\AOSP-openjdk-cygwin\jdk8u\hotspot\src\share\vm\prims\jni.cpp, line 709]
Event: 0.357 Thread 0x0000000001e2f000 Exception <a 'sun/nio/fs/WindowsException'> (0x00000000ff1f4128) thrown at [D:\src\AOSP-openjdk-cygwin\jdk8u\hotspot\src\share\vm\prims\jni.cpp, line 709]
Event: 0.357 Thread 0x0000000001e2f000 Exception <a 'sun/nio/fs/WindowsException'> (0x00000000ff1f46d8) thrown at [D:\src\AOSP-openjdk-cygwin\jdk8u\hotspot\src\share\vm\prims\jni.cpp, line 709]
Event: 0.357 Thread 0x0000000001e2f000 Exception <a 'sun/nio/fs/WindowsException'> (0x00000000ff1f4e98) thrown at [D:\src\AOSP-openjdk-cygwin\jdk8u\hotspot\src\share\vm\prims\jni.cpp, line 709]
Event: 0.432 Thread 0x0000000001e2f000 Exception <a 'sun/nio/fs/WindowsException'> (0x00000000ff227a68) thrown at [D:\src\AOSP-openjdk-cygwin\jdk8u\hotspot\src\share\vm\prims\jni.cpp, line 709]

Events (10 events):
Event: 0.445 loading class java/util/ConcurrentModificationException
Event: 0.445 loading class java/util/ConcurrentModificationException done
Event: 0.446 loading class com/google/common/escape/CharEscaperBuilder
Event: 0.446 loading class com/google/common/escape/CharEscaperBuilder done
Event: 0.446 loading class com/google/common/escape/Escaper
Event: 0.446 loading class com/google/common/escape/Escaper done
Event: 0.446 loading class com/google/common/escape/CharEscaperBuilder$CharArrayDecorator
Event: 0.446 loading class com/google/common/escape/CharEscaperBuilder$CharArrayDecorator done
Event: 0.446 loading class com/google/common/escape/CharEscaper
Event: 0.446 loading class com/google/common/escape/CharEscaper done


Dynamic libraries:
0x000000013f080000 - 0x000000013f0b1000 	C:\Program Files\Android\Android Studio\jre\bin\java.exe
0x0000000077320000 - 0x00000000774bf000 	C:\Windows\SYSTEM32\ntdll.dll
0x0000000077100000 - 0x000000007721f000 	C:\Windows\system32\kernel32.dll
0x000007fefd290000 - 0x000007fefd2fa000 	C:\Windows\system32\KERNELBASE.dll
0x000007fefdf90000 - 0x000007fefe06b000 	C:\Windows\system32\ADVAPI32.dll
0x000007feff2f0000 - 0x000007feff38f000 	C:\Windows\system32\msvcrt.dll
0x000007fefe540000 - 0x000007fefe55f000 	C:\Windows\SYSTEM32\sechost.dll
0x000007fefd730000 - 0x000007fefd85d000 	C:\Windows\system32\RPCRT4.dll
0x0000000077220000 - 0x000000007731a000 	C:\Windows\system32\USER32.dll
0x000007fefda70000 - 0x000007fefdad7000 	C:\Windows\system32\GDI32.dll
0x000007fefe530000 - 0x000007fefe53e000 	C:\Windows\system32\LPK.dll
0x000007fefdec0000 - 0x000007fefdf8b000 	C:\Windows\system32\USP10.dll
0x000007fefb3c0000 - 0x000007fefb5b4000 	C:\Windows\WinSxS\amd64_microsoft.windows.common-controls_6595b64144ccf1df_6.0.7601.23403_none_e36ad4593102f066\COMCTL32.dll
0x000007fefde40000 - 0x000007fefdeb1000 	C:\Windows\system32\SHLWAPI.dll
0x000007fefde10000 - 0x000007fefde3e000 	C:\Windows\system32\IMM32.DLL
0x000007fefe420000 - 0x000007fefe529000 	C:\Windows\system32\MSCTF.dll
0x000007fefcf30000 - 0x000007fefcf60000 	C:\Windows\system32\nvinitx.dll
0x000007fefcf20000 - 0x000007fefcf2c000 	C:\Windows\system32\VERSION.dll
0x000007fefd280000 - 0x000007fefd285000 	C:\Windows\system32\api-ms-win-downlevel-advapi32-l1-1-0.dll
0x000007fefcdc0000 - 0x000007fefcde5000 	C:\Windows\system32\SspiCli.dll
0x0000000062c40000 - 0x0000000062d12000 	C:\Program Files\Android\Android Studio\jre\jre\bin\msvcr100.dll
0x0000000060290000 - 0x0000000060ace000 	C:\Program Files\Android\Android Studio\jre\jre\bin\server\jvm.dll
0x000007fef91f0000 - 0x000007fef91f9000 	C:\Windows\system32\WSOCK32.dll
0x000007fefdce0000 - 0x000007fefdd2d000 	C:\Windows\system32\WS2_32.dll
0x000007fefd720000 - 0x000007fefd728000 	C:\Windows\system32\NSI.dll
0x000007fefab60000 - 0x000007fefab9b000 	C:\Windows\system32\WINMM.dll
0x00000000774c0000 - 0x00000000774c7000 	C:\Windows\system32\PSAPI.DLL
0x000007feedd00000 - 0x000007feedd0f000 	C:\Program Files\Android\Android Studio\jre\jre\bin\verify.dll
0x000007fee69e0000 - 0x000007fee6a09000 	C:\Program Files\Android\Android Studio\jre\jre\bin\java.dll
0x000007feed980000 - 0x000007feed996000 	C:\Program Files\Android\Android Studio\jre\jre\bin\zip.dll
0x000007fefe560000 - 0x000007feff2eb000 	C:\Windows\system32\SHELL32.dll
0x000007fefdae0000 - 0x000007fefdcdd000 	C:\Windows\system32\ole32.dll
0x000007fefcff0000 - 0x000007fefcfff000 	C:\Windows\system32\profapi.dll
0x000007fefc7e0000 - 0x000007fefc7f8000 	C:\Windows\system32\CRYPTSP.dll
0x000007fefc4e0000 - 0x000007fefc527000 	C:\Windows\system32\rsaenh.dll
0x000007fefd1d0000 - 0x000007fefd1ef000 	C:\Windows\system32\USERENV.dll
0x000007fefce50000 - 0x000007fefce5f000 	C:\Windows\system32\CRYPTBASE.dll
0x000007fee8600000 - 0x000007fee861a000 	C:\Program Files\Android\Android Studio\jre\jre\bin\net.dll
0x000007fefc780000 - 0x000007fefc7d5000 	C:\Windows\system32\mswsock.dll
0x000007fefc770000 - 0x000007fefc777000 	C:\Windows\System32\wship6.dll
0x000007fefa6b0000 - 0x000007fefa6d7000 	C:\Windows\system32\IPHLPAPI.DLL
0x000007fefa6a0000 - 0x000007fefa6ab000 	C:\Windows\system32\WINNSI.DLL
0x000007fefa250000 - 0x000007fefa261000 	C:\Windows\system32\dhcpcsvc6.DLL
0x000007fefa230000 - 0x000007fefa248000 	C:\Windows\system32\dhcpcsvc.DLL
0x000007fedb0e0000 - 0x000007fedb0f1000 	C:\Program Files\Android\Android Studio\jre\jre\bin\nio.dll

VM Arguments:
jvm_args: -Djava.awt.headless=true -Xmx64M -Dfile.encoding=windows-1252 -Duser.country=US -Duser.language=en -Duser.variant 
java_command: com.google.devtools.build.android.desugar.Desugar @C:\Users\zhli\workspace\ReUnite\app\build\intermediates\tmp\desugar_args1952080043319566127
java_class_path (initial): C:\Users\zhli\AppData\Local\Temp\3\desugar_deploy.jar104985555399314533
Launcher Type: SUN_STANDARD

Environment Variables:
JAVA_HOME=C:\Program Files\Java\jdk1.8.0_131
PATH=C:\ProgramData\Oracle\Java\javapath;C:\Windows\system32;C:\Windows;C:\Windows\System32\Wbem;C:\Windows\System32\WindowsPowerShell\v1.0\;C:\Program Files\Java\jdk1.8.0_131\bin;C:\Program Files\ActivIdentity\ActivClient\;C:\Program Files (x86)\ActivIdentity\ActivClient\;C:\Program Files\VanDyke Software\Clients\;C:\Program Files\TortoiseSVN\bin;C:\Program Files\nodejs\;C:\Windows\System32\WindowsPowerShell\v1.0\;C:\Windows\System32\WindowsPowerShell\v1.0\;C:\Program Files\Git\cmd;C:\Program Files (x86)\GtkSharp\2.12\bin;C:\Users\zhli\AppData\Roaming\npm;C:\Users\zhli\AppData\Local\atom\bin;C:\Users\zhli\Bin\flutter\bin;
USERNAME=zhli
OS=Windows_NT
PROCESSOR_IDENTIFIER=Intel64 Family 6 Model 94 Stepping 3, GenuineIntel



---------------  S Y S T E M  ---------------

OS: Windows 7 , 64 bit Build 7601 (6.1.7601.24024)

CPU:total 8 (initial active 8) (4 cores per cpu, 2 threads per core) family 6 model 94 stepping 3, cmov, cx8, fxsr, mmx, sse, sse2, sse3, ssse3, sse4.1, sse4.2, popcnt, avx, avx2, aes, clmul, erms, rtm, 3dnowpref, lzcnt, ht, tsc, tscinvbit, bmi1, bmi2, adx

Memory: 4k page, physical 16701228k(592416k free), swap 20893656k(5120k free)

vm_info: OpenJDK 64-Bit Server VM (25.152-b01) for windows-amd64 JRE (1.8.0_152-release-915-b01), built by "builder" with MS VC++ 10.0 (VS2010)

time: Thu Mar 08 13:45:43 2018
elapsed time: 0 seconds (0d 0h 0m 0s)

