#
# There is insufficient memory for the Java Runtime Environment to continue.
# Native memory allocation (malloc) failed to allocate 735744 bytes for Chunk::new
# Possible reasons:
#   The system is out of physical RAM or swap space
#   In 32 bit mode, the process size limit was hit
# Possible solutions:
#   Reduce memory load on the system
#   Increase physical memory or swap space
#   Check if swap backing store is full
#   Use 64 bit Java on a 64 bit OS
#   Decrease Java heap size (-Xmx/-Xms)
#   Decrease number of Java threads
#   Decrease Java thread stack sizes (-Xss)
#   Set larger code cache with -XX:ReservedCodeCacheSize=
# This output file may be truncated or incomplete.
#
#  Out of Memory Error (allocation.cpp:390), pid=9800, tid=0x0000000000002714
#
# JRE version: OpenJDK Runtime Environment (8.0_152-b01) (build 1.8.0_152-release-915-b01)
# Java VM: OpenJDK 64-Bit Server VM (25.152-b01 mixed mode windows-amd64 compressed oops)
# Failed to write core dump. Minidumps are not enabled by default on client versions of Windows
#

---------------  T H R E A D  ---------------

Current thread (0x0000000053f41800):  JavaThread "C2 CompilerThread1" daemon [_thread_in_native, id=10004, stack(0x0000000055750000,0x0000000055850000)]

Stack: [0x0000000055750000,0x0000000055850000]
[error occurred during error reporting (printing stack bounds), id 0xc0000005]

Native frames: (J=compiled Java code, j=interpreted, Vv=VM code, C=native code)


Current CompileTask:
C2:   2904 1033       4       org.objectweb.asm.MethodVisitor::visitFieldInsn (20 bytes)


---------------  P R O C E S S  ---------------

Java Threads: ( => current thread )
  0x0000000053fd8000 JavaThread "Service Thread" daemon [_thread_blocked, id=11932, stack(0x0000000055d60000,0x0000000055e60000)]
  0x0000000053f5e000 JavaThread "C1 CompilerThread3" daemon [_thread_blocked, id=5932, stack(0x0000000055bb0000,0x0000000055cb0000)]
  0x0000000053f53800 JavaThread "C2 CompilerThread2" daemon [_thread_in_native, id=1108, stack(0x00000000559a0000,0x0000000055aa0000)]
=>0x0000000053f41800 JavaThread "C2 CompilerThread1" daemon [_thread_in_native, id=10004, stack(0x0000000055750000,0x0000000055850000)]
  0x0000000053f38800 JavaThread "C2 CompilerThread0" daemon [_thread_blocked, id=10428, stack(0x0000000055890000,0x0000000055990000)]
  0x0000000053f37000 JavaThread "Attach Listener" daemon [_thread_blocked, id=4140, stack(0x0000000055600000,0x0000000055700000)]
  0x0000000053f47800 JavaThread "Signal Dispatcher" daemon [_thread_blocked, id=8252, stack(0x0000000055400000,0x0000000055500000)]
  0x0000000052f9c000 JavaThread "Finalizer" daemon [_thread_blocked, id=7120, stack(0x0000000055240000,0x0000000055340000)]
  0x0000000052f95000 JavaThread "Reference Handler" daemon [_thread_blocked, id=11612, stack(0x0000000054e50000,0x0000000054f50000)]
  0x0000000001d3f000 JavaThread "main" [_thread_in_native, id=11140, stack(0x0000000001fa0000,0x00000000020a0000)]

Other Threads:
  0x0000000053ef1800 VMThread [stack: 0x0000000055000000,0x0000000055100000] [id=5584]
  0x0000000053fda000 WatcherThread [stack: 0x0000000055e70000,0x0000000055f70000] [id=4332]

VM state:not at safepoint (normal execution)

VM Mutex/Monitor currently owned by a thread: None

Heap:
 PSYoungGen      total 18944K, used 4564K [0x00000000feb00000, 0x0000000100000000, 0x0000000100000000)
  eden space 16384K, 12% used [0x00000000feb00000,0x00000000fecfbdc0,0x00000000ffb00000)
  from space 2560K, 98% used [0x00000000ffb00000,0x00000000ffd79540,0x00000000ffd80000)
  to   space 2560K, 0% used [0x00000000ffd80000,0x00000000ffd80000,0x0000000100000000)
 ParOldGen       total 44032K, used 6136K [0x00000000fc000000, 0x00000000feb00000, 0x00000000feb00000)
  object space 44032K, 13% used [0x00000000fc000000,0x00000000fc5fe028,0x00000000feb00000)
 Metaspace       used 7587K, capacity 7724K, committed 7936K, reserved 1056768K
  class space    used 873K, capacity 956K, committed 1024K, reserved 1048576K

Card table byte_map: [0x0000000001cb0000,0x0000000001ce0000] byte_map_base: 0x00000000014d0000

Marking Bits: (ParMarkBitMap*) 0x000000005e243950
 Begin Bits: [0x00000000123b0000, 0x00000000124b0000)
 End Bits:   [0x00000000124b0000, 0x00000000125b0000)

Polling page: 0x00000000005d0000

CodeCache: size=245760Kb used=4042Kb max_used=4069Kb free=241717Kb
 bounds [0x0000000002370000, 0x0000000002780000, 0x0000000011370000]
 total_blobs=1384 nmethods=1052 adapters=245
 compilation: enabled

Compilation events (10 events):
Event: 2.631 Thread 0x0000000053f5e000 1047       3       com.google.common.base.Preconditions::checkPositionIndex (8 bytes)
Event: 2.631 Thread 0x0000000053f5e000 nmethod 1047 0x0000000002739f10 code [0x000000000273a0a0, 0x000000000273a398]
Event: 2.631 Thread 0x0000000053f5e000 1048       3       com.google.common.base.Preconditions::checkPositionIndex (25 bytes)
Event: 2.631 Thread 0x0000000053f5e000 nmethod 1048 0x0000000002739a10 code [0x0000000002739b80, 0x0000000002739e18]
Event: 2.635 Thread 0x0000000053f53800 1052       4       org.objectweb.asm.ClassWriter::newUTF8 (70 bytes)
Event: 2.654 Thread 0x0000000053f53800 nmethod 1052 0x0000000002734390 code [0x0000000002734580, 0x0000000002735350]
Event: 2.654 Thread 0x0000000053f53800 1051 %     4       org.objectweb.asm.ClassReader::a @ 1360 (3587 bytes)
Event: 2.760 Thread 0x0000000053f38800 nmethod 1005 0x0000000002760410 code [0x0000000002760900, 0x00000000027668f8]
Event: 2.760 Thread 0x0000000053f38800 1049       4       org.objectweb.asm.tree.LabelNode::getLabel (23 bytes)
Event: 2.761 Thread 0x0000000053f38800 nmethod 1049 0x000000000272c990 code [0x000000000272cae0, 0x000000000272cbb8]

GC Heap History (6 events):
Event: 0.472 GC heap before
{Heap before GC invocations=1 (full 0):
 PSYoungGen      total 18944K, used 16384K [0x00000000feb00000, 0x0000000100000000, 0x0000000100000000)
  eden space 16384K, 100% used [0x00000000feb00000,0x00000000ffb00000,0x00000000ffb00000)
  from space 2560K, 0% used [0x00000000ffd80000,0x00000000ffd80000,0x0000000100000000)
  to   space 2560K, 0% used [0x00000000ffb00000,0x00000000ffb00000,0x00000000ffd80000)
 ParOldGen       total 44032K, used 0K [0x00000000fc000000, 0x00000000feb00000, 0x00000000feb00000)
  object space 44032K, 0% used [0x00000000fc000000,0x00000000fc000000,0x00000000feb00000)
 Metaspace       used 6487K, capacity 6682K, committed 6784K, reserved 1056768K
  class space    used 771K, capacity 823K, committed 896K, reserved 1048576K
Event: 0.520 GC heap after
Heap after GC invocations=1 (full 0):
 PSYoungGen      total 18944K, used 2544K [0x00000000feb00000, 0x0000000100000000, 0x0000000100000000)
  eden space 16384K, 0% used [0x00000000feb00000,0x00000000feb00000,0x00000000ffb00000)
  from space 2560K, 99% used [0x00000000ffb00000,0x00000000ffd7c020,0x00000000ffd80000)
  to   space 2560K, 0% used [0x00000000ffd80000,0x00000000ffd80000,0x0000000100000000)
 ParOldGen       total 44032K, used 1524K [0x00000000fc000000, 0x00000000feb00000, 0x00000000feb00000)
  object space 44032K, 3% used [0x00000000fc000000,0x00000000fc17d310,0x00000000feb00000)
 Metaspace       used 6487K, capacity 6682K, committed 6784K, reserved 1056768K
  class space    used 771K, capacity 823K, committed 896K, reserved 1048576K
}
Event: 0.743 GC heap before
{Heap before GC invocations=2 (full 0):
 PSYoungGen      total 18944K, used 18928K [0x00000000feb00000, 0x0000000100000000, 0x0000000100000000)
  eden space 16384K, 100% used [0x00000000feb00000,0x00000000ffb00000,0x00000000ffb00000)
  from space 2560K, 99% used [0x00000000ffb00000,0x00000000ffd7c020,0x00000000ffd80000)
  to   space 2560K, 0% used [0x00000000ffd80000,0x00000000ffd80000,0x0000000100000000)
 ParOldGen       total 44032K, used 1524K [0x00000000fc000000, 0x00000000feb00000, 0x00000000feb00000)
  object space 44032K, 3% used [0x00000000fc000000,0x00000000fc17d310,0x00000000feb00000)
 Metaspace       used 6951K, capacity 7084K, committed 7296K, reserved 1056768K
  class space    used 825K, capacity 892K, committed 896K, reserved 1048576K
Event: 0.821 GC heap after
Heap after GC invocations=2 (full 0):
 PSYoungGen      total 18944K, used 2549K [0x00000000feb00000, 0x0000000100000000, 0x0000000100000000)
  eden space 16384K, 0% used [0x00000000feb00000,0x00000000feb00000,0x00000000ffb00000)
  from space 2560K, 99% used [0x00000000ffd80000,0x00000000ffffd530,0x0000000100000000)
  to   space 2560K, 0% used [0x00000000ffb00000,0x00000000ffb00000,0x00000000ffd80000)
 ParOldGen       total 44032K, used 5653K [0x00000000fc000000, 0x00000000feb00000, 0x00000000feb00000)
  object space 44032K, 12% used [0x00000000fc000000,0x00000000fc5854c0,0x00000000feb00000)
 Metaspace       used 6951K, capacity 7084K, committed 7296K, reserved 1056768K
  class space    used 825K, capacity 892K, committed 896K, reserved 1048576K
}
Event: 1.569 GC heap before
{Heap before GC invocations=3 (full 0):
 PSYoungGen      total 18944K, used 18933K [0x00000000feb00000, 0x0000000100000000, 0x0000000100000000)
  eden space 16384K, 100% used [0x00000000feb00000,0x00000000ffb00000,0x00000000ffb00000)
  from space 2560K, 99% used [0x00000000ffd80000,0x00000000ffffd530,0x0000000100000000)
  to   space 2560K, 0% used [0x00000000ffb00000,0x00000000ffb00000,0x00000000ffd80000)
 ParOldGen       total 44032K, used 5653K [0x00000000fc000000, 0x00000000feb00000, 0x00000000feb00000)
  object space 44032K, 12% used [0x00000000fc000000,0x00000000fc5854c0,0x00000000feb00000)
 Metaspace       used 7581K, capacity 7724K, committed 7936K, reserved 1056768K
  class space    used 873K, capacity 956K, committed 1024K, reserved 1048576K
Event: 2.584 GC heap after
Heap after GC invocations=3 (full 0):
 PSYoungGen      total 18944K, used 2533K [0x00000000feb00000, 0x0000000100000000, 0x0000000100000000)
  eden space 16384K, 0% used [0x00000000feb00000,0x00000000feb00000,0x00000000ffb00000)
  from space 2560K, 98% used [0x00000000ffb00000,0x00000000ffd79540,0x00000000ffd80000)
  to   space 2560K, 0% used [0x00000000ffd80000,0x00000000ffd80000,0x0000000100000000)
 ParOldGen       total 44032K, used 6136K [0x00000000fc000000, 0x00000000feb00000, 0x00000000feb00000)
  object space 44032K, 13% used [0x00000000fc000000,0x00000000fc5fe028,0x00000000feb00000)
 Metaspace       used 7581K, capacity 7724K, committed 7936K, reserved 1056768K
  class space    used 873K, capacity 956K, committed 1024K, reserved 1048576K
}

Deoptimization events (10 events):
Event: 0.990 Thread 0x0000000001d3f000 Uncommon trap: reason=unstable_if action=reinterpret pc=0x000000000253ab68 method=java.lang.String.<init>([CII)V @ 18
Event: 0.995 Thread 0x0000000001d3f000 Uncommon trap: reason=unstable_if action=reinterpret pc=0x0000000002677e1c method=org.objectweb.asm.Type.getArgumentsAndReturnSizes(Ljava/lang/String;)I @ 41
Event: 1.010 Thread 0x0000000001d3f000 Uncommon trap: reason=unstable_if action=reinterpret pc=0x000000000266ef08 method=org.objectweb.asm.Item.a(Lorg/objectweb/asm/Item;)Z @ 345
Event: 1.032 Thread 0x0000000001d3f000 Uncommon trap: reason=unstable_if action=reinterpret pc=0x000000000269a598 method=java.io.BufferedOutputStream.write(I)V @ 9
Event: 1.102 Thread 0x0000000001d3f000 Uncommon trap: reason=unstable_if action=reinterpret pc=0x00000000026bd96c method=org.objectweb.asm.ClassReader.readUTF8(I[C)Ljava/lang/String; @ 11
Event: 1.499 Thread 0x0000000001d3f000 Uncommon trap: reason=null_check action=make_not_entrant pc=0x000000000271e328 method=com.google.devtools.build.android.desugar.InterfaceDesugaring$InterfaceInvocationRewriter.visitMethodInsn(ILjava/lang/String;Ljava/lang/String;Ljava/lang/String;Z)V @ 10
Event: 1.507 Thread 0x0000000001d3f000 Uncommon trap: reason=unstable_if action=reinterpret pc=0x00000000026b14e8 method=org.objectweb.asm.ClassReader.a(II[C)Ljava/lang/String; @ 77
Event: 1.507 Thread 0x0000000001d3f000 Uncommon trap: reason=unstable_if action=reinterpret pc=0x000000000269b22c method=org.objectweb.asm.ByteVector.putUTF8(Ljava/lang/String;)Lorg/objectweb/asm/ByteVector; @ 98
Event: 2.624 Thread 0x0000000001d3f000 Uncommon trap: reason=unstable_if action=reinterpret pc=0x000000000272e8e8 method=org.objectweb.asm.ClassReader.a(II[C)Ljava/lang/String; @ 77
Event: 2.625 Thread 0x0000000001d3f000 Uncommon trap: reason=unstable_if action=reinterpret pc=0x000000000260fffc method=org.objectweb.asm.ByteVector.putUTF8(Ljava/lang/String;)Lorg/objectweb/asm/ByteVector; @ 98

Classes redefined (0 events):
No events

Internal exceptions (10 events):
Event: 1.033 Thread 0x0000000001d3f000 Exception <a 'sun/nio/fs/WindowsException'> (0x00000000ff34a5b0) thrown at [D:\src\AOSP-openjdk-cygwin\jdk8u\hotspot\src\share\vm\prims\jni.cpp, line 709]
Event: 1.042 Thread 0x0000000001d3f000 Exception <a 'sun/nio/fs/WindowsException'> (0x00000000ff359c78) thrown at [D:\src\AOSP-openjdk-cygwin\jdk8u\hotspot\src\share\vm\prims\jni.cpp, line 709]
Event: 1.042 Thread 0x0000000001d3f000 Exception <a 'sun/nio/fs/WindowsException'> (0x00000000ff35a180) thrown at [D:\src\AOSP-openjdk-cygwin\jdk8u\hotspot\src\share\vm\prims\jni.cpp, line 709]
Event: 1.096 Thread 0x0000000001d3f000 Exception <a 'sun/nio/fs/WindowsException'> (0x00000000ff6fc360) thrown at [D:\src\AOSP-openjdk-cygwin\jdk8u\hotspot\src\share\vm\prims\jni.cpp, line 709]
Event: 1.096 Thread 0x0000000001d3f000 Exception <a 'sun/nio/fs/WindowsException'> (0x00000000ff6fc868) thrown at [D:\src\AOSP-openjdk-cygwin\jdk8u\hotspot\src\share\vm\prims\jni.cpp, line 709]
Event: 1.479 Thread 0x0000000001d3f000 Exception <a 'sun/nio/fs/WindowsException'> (0x00000000ff7d3110) thrown at [D:\src\AOSP-openjdk-cygwin\jdk8u\hotspot\src\share\vm\prims\jni.cpp, line 709]
Event: 1.479 Thread 0x0000000001d3f000 Exception <a 'sun/nio/fs/WindowsException'> (0x00000000ff7d3618) thrown at [D:\src\AOSP-openjdk-cygwin\jdk8u\hotspot\src\share\vm\prims\jni.cpp, line 709]
Event: 1.499 Thread 0x0000000001d3f000 Implicit null exception at 0x000000000271b9a2 to 0x000000000271e315
Event: 1.502 Thread 0x0000000001d3f000 Exception <a 'sun/nio/fs/WindowsException'> (0x00000000ff83b078) thrown at [D:\src\AOSP-openjdk-cygwin\jdk8u\hotspot\src\share\vm\prims\jni.cpp, line 709]
Event: 1.502 Thread 0x0000000001d3f000 Exception <a 'sun/nio/fs/WindowsException'> (0x00000000ff83b580) thrown at [D:\src\AOSP-openjdk-cygwin\jdk8u\hotspot\src\share\vm\prims\jni.cpp, line 709]

Events (10 events):
Event: 1.507 Thread 0x0000000001d3f000 DEOPT PACKING pc=0x000000000269b22c sp=0x000000000209ed40
Event: 1.507 Thread 0x0000000001d3f000 DEOPT UNPACKING pc=0x00000000023b556a sp=0x000000000209eca0 mode 2
Event: 1.569 Executing VM operation: ParallelGCFailedAllocation
Event: 2.584 Executing VM operation: ParallelGCFailedAllocation done
Event: 2.624 Thread 0x0000000001d3f000 Uncommon trap: trap_request=0xffffff65 fr.pc=0x000000000272e8e8
Event: 2.624 Thread 0x0000000001d3f000 DEOPT PACKING pc=0x000000000272e8e8 sp=0x000000000209eb80
Event: 2.624 Thread 0x0000000001d3f000 DEOPT UNPACKING pc=0x00000000023b556a sp=0x000000000209ea98 mode 2
Event: 2.625 Thread 0x0000000001d3f000 Uncommon trap: trap_request=0xffffff65 fr.pc=0x000000000260fffc
Event: 2.625 Thread 0x0000000001d3f000 DEOPT PACKING pc=0x000000000260fffc sp=0x000000000209ecc0
Event: 2.625 Thread 0x0000000001d3f000 DEOPT UNPACKING pc=0x00000000023b556a sp=0x000000000209ec48 mode 2


Dynamic libraries:
0x000000013fe50000 - 0x000000013fe81000 	C:\Program Files\Android\Android Studio\jre\bin\java.exe
0x0000000077320000 - 0x00000000774bf000 	C:\Windows\SYSTEM32\ntdll.dll
0x0000000077100000 - 0x000000007721f000 	C:\Windows\system32\kernel32.dll
0x000007fefd290000 - 0x000007fefd2fa000 	C:\Windows\system32\KERNELBASE.dll
0x000007fefdf90000 - 0x000007fefe06b000 	C:\Windows\system32\ADVAPI32.dll
0x000007feff2f0000 - 0x000007feff38f000 	C:\Windows\system32\msvcrt.dll
0x000007fefe540000 - 0x000007fefe55f000 	C:\Windows\SYSTEM32\sechost.dll
0x000007fefd730000 - 0x000007fefd85d000 	C:\Windows\system32\RPCRT4.dll
0x0000000077220000 - 0x000000007731a000 	C:\Windows\system32\USER32.dll
0x000007fefda70000 - 0x000007fefdad7000 	C:\Windows\system32\GDI32.dll
0x000007fefe530000 - 0x000007fefe53e000 	C:\Windows\system32\LPK.dll
0x000007fefdec0000 - 0x000007fefdf8b000 	C:\Windows\system32\USP10.dll
0x000007fefb3c0000 - 0x000007fefb5b4000 	C:\Windows\WinSxS\amd64_microsoft.windows.common-controls_6595b64144ccf1df_6.0.7601.23403_none_e36ad4593102f066\COMCTL32.dll
0x000007fefde40000 - 0x000007fefdeb1000 	C:\Windows\system32\SHLWAPI.dll
0x000007fefde10000 - 0x000007fefde3e000 	C:\Windows\system32\IMM32.DLL
0x000007fefe420000 - 0x000007fefe529000 	C:\Windows\system32\MSCTF.dll
0x000007fefcf30000 - 0x000007fefcf60000 	C:\Windows\system32\nvinitx.dll
0x000007fefcf20000 - 0x000007fefcf2c000 	C:\Windows\system32\VERSION.dll
0x000007fefd280000 - 0x000007fefd285000 	C:\Windows\system32\api-ms-win-downlevel-advapi32-l1-1-0.dll
0x000007fefcdc0000 - 0x000007fefcde5000 	C:\Windows\system32\SspiCli.dll
0x00000000639c0000 - 0x0000000063a92000 	C:\Program Files\Android\Android Studio\jre\jre\bin\msvcr100.dll
0x000000005da80000 - 0x000000005e2be000 	C:\Program Files\Android\Android Studio\jre\jre\bin\server\jvm.dll
0x000007fef91f0000 - 0x000007fef91f9000 	C:\Windows\system32\WSOCK32.dll
0x000007fefdce0000 - 0x000007fefdd2d000 	C:\Windows\system32\WS2_32.dll
0x000007fefd720000 - 0x000007fefd728000 	C:\Windows\system32\NSI.dll
0x000007fefab60000 - 0x000007fefab9b000 	C:\Windows\system32\WINMM.dll
0x00000000774c0000 - 0x00000000774c7000 	C:\Windows\system32\PSAPI.DLL
0x000007feedd60000 - 0x000007feedd6f000 	C:\Program Files\Android\Android Studio\jre\jre\bin\verify.dll
0x000007feed990000 - 0x000007feed9b9000 	C:\Program Files\Android\Android Studio\jre\jre\bin\java.dll
0x000007fee8980000 - 0x000007fee8996000 	C:\Program Files\Android\Android Studio\jre\jre\bin\zip.dll
0x000007fefe560000 - 0x000007feff2eb000 	C:\Windows\system32\SHELL32.dll
0x000007fefdae0000 - 0x000007fefdcdd000 	C:\Windows\system32\ole32.dll
0x000007fefcff0000 - 0x000007fefcfff000 	C:\Windows\system32\profapi.dll
0x000007fefc7e0000 - 0x000007fefc7f8000 	C:\Windows\system32\CRYPTSP.dll
0x000007fefc4e0000 - 0x000007fefc527000 	C:\Windows\system32\rsaenh.dll
0x000007fefd1d0000 - 0x000007fefd1ef000 	C:\Windows\system32\USERENV.dll
0x000007fefce50000 - 0x000007fefce5f000 	C:\Windows\system32\CRYPTBASE.dll
0x000007fee8960000 - 0x000007fee897a000 	C:\Program Files\Android\Android Studio\jre\jre\bin\net.dll
0x000007fefc780000 - 0x000007fefc7d5000 	C:\Windows\system32\mswsock.dll
0x000007fefc770000 - 0x000007fefc777000 	C:\Windows\System32\wship6.dll
0x000007fefa6b0000 - 0x000007fefa6d7000 	C:\Windows\system32\IPHLPAPI.DLL
0x000007fefa6a0000 - 0x000007fefa6ab000 	C:\Windows\system32\WINNSI.DLL
0x000007fefa250000 - 0x000007fefa261000 	C:\Windows\system32\dhcpcsvc6.DLL
0x000007fefa230000 - 0x000007fefa248000 	C:\Windows\system32\dhcpcsvc.DLL
0x000007fee8710000 - 0x000007fee8721000 	C:\Program Files\Android\Android Studio\jre\jre\bin\nio.dll

VM Arguments:
jvm_args: -Djava.awt.headless=true -Xmx64M -Dfile.encoding=windows-1252 -Duser.country=US -Duser.language=en -Duser.variant 
java_command: com.google.devtools.build.android.desugar.Desugar @C:\Users\zhli\workspace\ReUnite\app\build\intermediates\tmp\desugar_args8722348450024633837
java_class_path (initial): C:\Users\zhli\AppData\Local\Temp\3\desugar_deploy.jar3862804513960915086
Launcher Type: SUN_STANDARD

Environment Variables:
JAVA_HOME=C:\Program Files\Java\jdk1.8.0_131
PATH=C:\ProgramData\Oracle\Java\javapath;C:\Windows\system32;C:\Windows;C:\Windows\System32\Wbem;C:\Windows\System32\WindowsPowerShell\v1.0\;C:\Program Files\Java\jdk1.8.0_131\bin;C:\Program Files\ActivIdentity\ActivClient\;C:\Program Files (x86)\ActivIdentity\ActivClient\;C:\Program Files\VanDyke Software\Clients\;C:\Program Files\TortoiseSVN\bin;C:\Program Files\nodejs\;C:\Windows\System32\WindowsPowerShell\v1.0\;C:\Windows\System32\WindowsPowerShell\v1.0\;C:\Program Files\Git\cmd;C:\Program Files (x86)\GtkSharp\2.12\bin;C:\Users\zhli\AppData\Roaming\npm;C:\Users\zhli\AppData\Local\atom\bin;C:\Users\zhli\Bin\flutter\bin;
USERNAME=zhli
OS=Windows_NT
PROCESSOR_IDENTIFIER=Intel64 Family 6 Model 94 Stepping 3, GenuineIntel



---------------  S Y S T E M  ---------------

OS: Windows 7 , 64 bit Build 7601 (6.1.7601.24024)

CPU:total 8 (initial active 8) (4 cores per cpu, 2 threads per core) family 6 model 94 stepping 3, cmov, cx8, fxsr, mmx, sse, sse2, sse3, ssse3, sse4.1, sse4.2, popcnt, avx, avx2, aes, clmul, erms, rtm, 3dnowpref, lzcnt, ht, tsc, tscinvbit, bmi1, bmi2, adx

Memory: 4k page, physical 16701228k(143648k free), swap 20893656k(2900k free)

vm_info: OpenJDK 64-Bit Server VM (25.152-b01) for windows-amd64 JRE (1.8.0_152-release-915-b01), built by "builder" with MS VC++ 10.0 (VS2010)

time: Mon Mar 12 14:24:53 2018
elapsed time: 2 seconds (0d 0h 0m 2s)

