#
# There is insufficient memory for the Java Runtime Environment to continue.
# Native memory allocation (malloc) failed to allocate 32744 bytes for ChunkPool::allocate
# Possible reasons:
#   The system is out of physical RAM or swap space
#   In 32 bit mode, the process size limit was hit
# Possible solutions:
#   Reduce memory load on the system
#   Increase physical memory or swap space
#   Check if swap backing store is full
#   Use 64 bit Java on a 64 bit OS
#   Decrease Java heap size (-Xmx/-Xms)
#   Decrease number of Java threads
#   Decrease Java thread stack sizes (-Xss)
#   Set larger code cache with -XX:ReservedCodeCacheSize=
# This output file may be truncated or incomplete.
#
#  Out of Memory Error (allocation.cpp:273), pid=776, tid=0x0000000000002c78
#
# JRE version: OpenJDK Runtime Environment (8.0_152-b01) (build 1.8.0_152-release-915-b01)
# Java VM: OpenJDK 64-Bit Server VM (25.152-b01 mixed mode windows-amd64 compressed oops)
# Failed to write core dump. Minidumps are not enabled by default on client versions of Windows
#

---------------  T H R E A D  ---------------

Current thread (0x0000000053e99800):  JavaThread "C2 CompilerThread0" daemon [_thread_in_native, id=11384, stack(0x00000000557f0000,0x00000000558f0000)]

Stack: [0x00000000557f0000,0x00000000558f0000]
[error occurred during error reporting (printing stack bounds), id 0xc0000005]

Native frames: (J=compiled Java code, j=interpreted, Vv=VM code, C=native code)


Current CompileTask:
C2:   1668  852       4       org.objectweb.asm.ClassReader::a (3587 bytes)


---------------  P R O C E S S  ---------------

Java Threads: ( => current thread )
  0x0000000053f37000 JavaThread "Service Thread" daemon [_thread_blocked, id=2592, stack(0x0000000055ba0000,0x0000000055ca0000)]
  0x0000000053f01800 JavaThread "C1 CompilerThread3" daemon [_thread_blocked, id=8044, stack(0x0000000055290000,0x0000000055390000)]
  0x0000000053eb4800 JavaThread "C2 CompilerThread2" daemon [_thread_blocked, id=10468, stack(0x0000000055a70000,0x0000000055b70000)]
  0x0000000053ea0000 JavaThread "C2 CompilerThread1" daemon [_thread_blocked, id=7628, stack(0x0000000055920000,0x0000000055a20000)]
=>0x0000000053e99800 JavaThread "C2 CompilerThread0" daemon [_thread_in_native, id=11384, stack(0x00000000557f0000,0x00000000558f0000)]
  0x0000000053ea7800 JavaThread "Attach Listener" daemon [_thread_blocked, id=7476, stack(0x0000000055620000,0x0000000055720000)]
  0x0000000053ea6800 JavaThread "Signal Dispatcher" daemon [_thread_blocked, id=5568, stack(0x0000000055390000,0x0000000055490000)]
  0x000000005300c000 JavaThread "Finalizer" daemon [_thread_blocked, id=9840, stack(0x0000000054e60000,0x0000000054f60000)]
  0x0000000053005000 JavaThread "Reference Handler" daemon [_thread_blocked, id=12004, stack(0x0000000055170000,0x0000000055270000)]
  0x0000000001e0f000 JavaThread "main" [_thread_blocked, id=11212, stack(0x0000000002080000,0x0000000002180000)]

Other Threads:
  0x0000000053e51800 VMThread [stack: 0x0000000054f80000,0x0000000055080000] [id=2684]
  0x0000000053f39000 WatcherThread [stack: 0x0000000055cc0000,0x0000000055dc0000] [id=6892]

VM state:at safepoint (normal execution)

VM Mutex/Monitor currently owned by a thread:  ([mutex/lock_event])
[0x0000000001e0cef0] Threads_lock - owner thread: 0x0000000053e51800
[0x0000000001e0d3f0] Heap_lock - owner thread: 0x0000000001e0f000

Heap:
 PSYoungGen      total 18944K, used 18941K [0x00000000feb00000, 0x0000000100000000, 0x0000000100000000)
  eden space 16384K, 100% used [0x00000000feb00000,0x00000000ffb00000,0x00000000ffb00000)
  from space 2560K, 99% used [0x00000000ffd80000,0x00000000fffff4e8,0x0000000100000000)
  to   space 2560K, 99% used [0x00000000ffb00000,0x00000000ffd7e830,0x00000000ffd80000)
 ParOldGen       total 44032K, used 6263K [0x00000000fc000000, 0x00000000feb00000, 0x00000000feb00000)
  object space 44032K, 14% used [0x00000000fc000000,0x00000000fc61dfb0,0x00000000feb00000)
 Metaspace       used 7574K, capacity 7724K, committed 7936K, reserved 1056768K
  class space    used 873K, capacity 956K, committed 1024K, reserved 1048576K

Card table byte_map: [0x0000000001ba0000,0x0000000001bd0000] byte_map_base: 0x00000000013c0000

Marking Bits: (ParMarkBitMap*) 0x0000000060a53950
 Begin Bits: [0x0000000012420000, 0x0000000012520000)
 End Bits:   [0x0000000012520000, 0x0000000012620000)

Polling page: 0x0000000000350000

CodeCache: size=245760Kb used=3926Kb max_used=3926Kb free=241833Kb
 bounds [0x0000000002450000, 0x0000000002830000, 0x0000000011450000]
 total_blobs=1357 nmethods=1026 adapters=245
 compilation: enabled

Compilation events (10 events):
Event: 1.351 Thread 0x0000000053f01800 1027       3       java.lang.Integer::<init> (10 bytes)
Event: 1.351 Thread 0x0000000053f01800 nmethod 1027 0x000000000280d590 code [0x000000000280d700, 0x000000000280d910]
Event: 1.351 Thread 0x0000000053f01800 1028       3       org.objectweb.asm.ClassReader::accept (11 bytes)
Event: 1.351 Thread 0x0000000053f01800 nmethod 1028 0x00000000028210d0 code [0x0000000002821240, 0x00000000028214e8]
Event: 1.351 Thread 0x0000000053f01800 1025       3       org.objectweb.asm.ClassWriter::b (70 bytes)
Event: 1.351 Thread 0x0000000053f01800 nmethod 1025 0x00000000028215d0 code [0x0000000002821780, 0x0000000002821b98]
Event: 1.351 Thread 0x0000000053f01800 1019       3       com.google.devtools.build.android.desugar.LambdaDesugaring::visitEnd (363 bytes)
Event: 1.354 Thread 0x0000000053f01800 nmethod 1019 0x0000000002821d50 code [0x00000000028223a0, 0x00000000028261f8]
Event: 1.354 Thread 0x0000000053f01800 1020       3       com.google.devtools.build.android.desugar.ZipOutputFileProvider::write (19 bytes)
Event: 1.354 Thread 0x0000000053f01800 nmethod 1020 0x0000000002828790 code [0x0000000002828940, 0x0000000002828de8]

GC Heap History (5 events):
Event: 0.340 GC heap before
{Heap before GC invocations=1 (full 0):
 PSYoungGen      total 18944K, used 16384K [0x00000000feb00000, 0x0000000100000000, 0x0000000100000000)
  eden space 16384K, 100% used [0x00000000feb00000,0x00000000ffb00000,0x00000000ffb00000)
  from space 2560K, 0% used [0x00000000ffd80000,0x00000000ffd80000,0x0000000100000000)
  to   space 2560K, 0% used [0x00000000ffb00000,0x00000000ffb00000,0x00000000ffd80000)
 ParOldGen       total 44032K, used 0K [0x00000000fc000000, 0x00000000feb00000, 0x00000000feb00000)
  object space 44032K, 0% used [0x00000000fc000000,0x00000000fc000000,0x00000000feb00000)
 Metaspace       used 6473K, capacity 6618K, committed 6784K, reserved 1056768K
  class space    used 771K, capacity 823K, committed 896K, reserved 1048576K
Event: 0.355 GC heap after
Heap after GC invocations=1 (full 0):
 PSYoungGen      total 18944K, used 2544K [0x00000000feb00000, 0x0000000100000000, 0x0000000100000000)
  eden space 16384K, 0% used [0x00000000feb00000,0x00000000feb00000,0x00000000ffb00000)
  from space 2560K, 99% used [0x00000000ffb00000,0x00000000ffd7c020,0x00000000ffd80000)
  to   space 2560K, 0% used [0x00000000ffd80000,0x00000000ffd80000,0x0000000100000000)
 ParOldGen       total 44032K, used 1548K [0x00000000fc000000, 0x00000000feb00000, 0x00000000feb00000)
  object space 44032K, 3% used [0x00000000fc000000,0x00000000fc183310,0x00000000feb00000)
 Metaspace       used 6473K, capacity 6618K, committed 6784K, reserved 1056768K
  class space    used 771K, capacity 823K, committed 896K, reserved 1048576K
}
Event: 0.542 GC heap before
{Heap before GC invocations=2 (full 0):
 PSYoungGen      total 18944K, used 18928K [0x00000000feb00000, 0x0000000100000000, 0x0000000100000000)
  eden space 16384K, 100% used [0x00000000feb00000,0x00000000ffb00000,0x00000000ffb00000)
  from space 2560K, 99% used [0x00000000ffb00000,0x00000000ffd7c020,0x00000000ffd80000)
  to   space 2560K, 0% used [0x00000000ffd80000,0x00000000ffd80000,0x0000000100000000)
 ParOldGen       total 44032K, used 1548K [0x00000000fc000000, 0x00000000feb00000, 0x00000000feb00000)
  object space 44032K, 3% used [0x00000000fc000000,0x00000000fc183310,0x00000000feb00000)
 Metaspace       used 6923K, capacity 7084K, committed 7296K, reserved 1056768K
  class space    used 825K, capacity 892K, committed 896K, reserved 1048576K
Event: 0.647 GC heap after
Heap after GC invocations=2 (full 0):
 PSYoungGen      total 18944K, used 2557K [0x00000000feb00000, 0x0000000100000000, 0x0000000100000000)
  eden space 16384K, 0% used [0x00000000feb00000,0x00000000feb00000,0x00000000ffb00000)
  from space 2560K, 99% used [0x00000000ffd80000,0x00000000fffff4e8,0x0000000100000000)
  to   space 2560K, 0% used [0x00000000ffb00000,0x00000000ffb00000,0x00000000ffd80000)
 ParOldGen       total 44032K, used 5677K [0x00000000fc000000, 0x00000000feb00000, 0x00000000feb00000)
  object space 44032K, 12% used [0x00000000fc000000,0x00000000fc58b548,0x00000000feb00000)
 Metaspace       used 6923K, capacity 7084K, committed 7296K, reserved 1056768K
  class space    used 825K, capacity 892K, committed 896K, reserved 1048576K
}
Event: 1.354 GC heap before
{Heap before GC invocations=3 (full 0):
 PSYoungGen      total 18944K, used 18941K [0x00000000feb00000, 0x0000000100000000, 0x0000000100000000)
  eden space 16384K, 100% used [0x00000000feb00000,0x00000000ffb00000,0x00000000ffb00000)
  from space 2560K, 99% used [0x00000000ffd80000,0x00000000fffff4e8,0x0000000100000000)
  to   space 2560K, 0% used [0x00000000ffb00000,0x00000000ffb00000,0x00000000ffd80000)
 ParOldGen       total 44032K, used 5677K [0x00000000fc000000, 0x00000000feb00000, 0x00000000feb00000)
  object space 44032K, 12% used [0x00000000fc000000,0x00000000fc58b548,0x00000000feb00000)
 Metaspace       used 7574K, capacity 7724K, committed 7936K, reserved 1056768K
  class space    used 873K, capacity 956K, committed 1024K, reserved 1048576K

Deoptimization events (10 events):
Event: 0.323 Thread 0x0000000001e0f000 Uncommon trap: reason=unstable_if action=reinterpret pc=0x000000000264bfa8 method=java.util.zip.ZipCoder.decoder()Ljava/nio/charset/CharsetDecoder; @ 4
Event: 0.374 Thread 0x0000000001e0f000 Uncommon trap: reason=unstable_if action=reinterpret pc=0x0000000002660fe4 method=java.util.zip.ZipCoder.decoder()Ljava/nio/charset/CharsetDecoder; @ 4
Event: 0.375 Thread 0x0000000001e0f000 Uncommon trap: reason=unstable_if action=reinterpret pc=0x0000000002657830 method=java.util.zip.ZipCoder.decoder()Ljava/nio/charset/CharsetDecoder; @ 4
Event: 0.375 Thread 0x0000000001e0f000 Uncommon trap: reason=unstable_if action=reinterpret pc=0x0000000002663a40 method=java.util.zip.ZipCoder.decoder()Ljava/nio/charset/CharsetDecoder; @ 4
Event: 0.495 Thread 0x0000000001e0f000 Uncommon trap: reason=unloaded action=reinterpret pc=0x000000000265ddec method=java.util.zip.ZipEntry.setExtra0([BZ)V @ 37
Event: 0.851 Thread 0x0000000001e0f000 Uncommon trap: reason=unstable_if action=reinterpret pc=0x00000000026f6934 method=org.objectweb.asm.ClassReader.readUTF8(I[C)Ljava/lang/String; @ 7
Event: 0.875 Thread 0x0000000001e0f000 Uncommon trap: reason=unstable_if action=reinterpret pc=0x00000000026f4dc8 method=java.lang.String.<init>([CII)V @ 18
Event: 0.910 Thread 0x0000000001e0f000 Uncommon trap: reason=unstable_if action=reinterpret pc=0x0000000002744988 method=org.objectweb.asm.Type.getArgumentsAndReturnSizes(Ljava/lang/String;)I @ 130
Event: 0.934 Thread 0x0000000001e0f000 Uncommon trap: reason=unstable_if action=reinterpret pc=0x000000000279b028 method=org.objectweb.asm.ClassReader.readUTF8(I[C)Ljava/lang/String; @ 11
Event: 1.248 Thread 0x0000000001e0f000 Uncommon trap: reason=null_check action=make_not_entrant pc=0x00000000028138d0 method=com.google.devtools.build.android.desugar.InterfaceDesugaring$InterfaceInvocationRewriter.visitMethodInsn(ILjava/lang/String;Ljava/lang/String;Ljava/lang/String;Z)V @ 10

Classes redefined (0 events):
No events

Internal exceptions (10 events):
Event: 0.409 Thread 0x0000000001e0f000 Exception <a 'sun/nio/fs/WindowsException'> (0x00000000ff16e568) thrown at [D:\src\AOSP-openjdk-cygwin\jdk8u\hotspot\src\share\vm\prims\jni.cpp, line 709]
Event: 0.409 Thread 0x0000000001e0f000 Exception <a 'sun/nio/fs/WindowsException'> (0x00000000ff16ed38) thrown at [D:\src\AOSP-openjdk-cygwin\jdk8u\hotspot\src\share\vm\prims\jni.cpp, line 709]
Event: 0.409 Thread 0x0000000001e0f000 Exception <a 'sun/nio/fs/WindowsException'> (0x00000000ff16f2f0) thrown at [D:\src\AOSP-openjdk-cygwin\jdk8u\hotspot\src\share\vm\prims\jni.cpp, line 709]
Event: 0.409 Thread 0x0000000001e0f000 Exception <a 'sun/nio/fs/WindowsException'> (0x00000000ff16fab0) thrown at [D:\src\AOSP-openjdk-cygwin\jdk8u\hotspot\src\share\vm\prims\jni.cpp, line 709]
Event: 0.418 Thread 0x0000000001e0f000 Exception <a 'sun/nio/fs/WindowsException'> (0x00000000ff174f68) thrown at [D:\src\AOSP-openjdk-cygwin\jdk8u\hotspot\src\share\vm\prims\jni.cpp, line 709]
Event: 0.531 Thread 0x0000000001e0f000 Exception <a 'sun/nio/fs/WindowsException'> (0x00000000ffab0248) thrown at [D:\src\AOSP-openjdk-cygwin\jdk8u\hotspot\src\share\vm\prims\jni.cpp, line 709]
Event: 0.531 Thread 0x0000000001e0f000 Exception <a 'sun/nio/fs/WindowsException'> (0x00000000ffab07d0) thrown at [D:\src\AOSP-openjdk-cygwin\jdk8u\hotspot\src\share\vm\prims\jni.cpp, line 709]
Event: 0.873 Thread 0x0000000001e0f000 Exception <a 'sun/nio/fs/WindowsException'> (0x00000000ff0b1b90) thrown at [D:\src\AOSP-openjdk-cygwin\jdk8u\hotspot\src\share\vm\prims\jni.cpp, line 709]
Event: 0.874 Thread 0x0000000001e0f000 Exception <a 'sun/nio/fs/WindowsException'> (0x00000000ff0b2098) thrown at [D:\src\AOSP-openjdk-cygwin\jdk8u\hotspot\src\share\vm\prims\jni.cpp, line 709]
Event: 1.248 Thread 0x0000000001e0f000 Implicit null exception at 0x0000000002810dcc to 0x00000000028138ad

Events (10 events):
Event: 0.934 Thread 0x0000000001e0f000 DEOPT PACKING pc=0x000000000279b028 sp=0x000000000217eeb0
Event: 0.934 Thread 0x0000000001e0f000 DEOPT UNPACKING pc=0x000000000249556a sp=0x000000000217ee90 mode 2
Event: 1.071 Executing VM operation: ForceSafepoint
Event: 1.071 Executing VM operation: ForceSafepoint done
Event: 1.138 Thread 0x0000000001e0f000 DEOPT PACKING pc=0x00000000027529f0 sp=0x000000000217ebc0
Event: 1.138 Thread 0x0000000001e0f000 DEOPT UNPACKING pc=0x00000000024975bf sp=0x000000000217e950 mode 0
Event: 1.248 Thread 0x0000000001e0f000 Uncommon trap: trap_request=0xfffffff4 fr.pc=0x00000000028138d0
Event: 1.248 Thread 0x0000000001e0f000 DEOPT PACKING pc=0x00000000028138d0 sp=0x000000000217ea70
Event: 1.248 Thread 0x0000000001e0f000 DEOPT UNPACKING pc=0x000000000249556a sp=0x000000000217e9f0 mode 2
Event: 1.354 Executing VM operation: ParallelGCFailedAllocation


Dynamic libraries:
0x000000013f080000 - 0x000000013f0b1000 	C:\Program Files\Android\Android Studio\jre\bin\java.exe
0x0000000077320000 - 0x00000000774bf000 	C:\Windows\SYSTEM32\ntdll.dll
0x0000000077100000 - 0x000000007721f000 	C:\Windows\system32\kernel32.dll
0x000007fefd290000 - 0x000007fefd2fa000 	C:\Windows\system32\KERNELBASE.dll
0x000007fefdf90000 - 0x000007fefe06b000 	C:\Windows\system32\ADVAPI32.dll
0x000007feff2f0000 - 0x000007feff38f000 	C:\Windows\system32\msvcrt.dll
0x000007fefe540000 - 0x000007fefe55f000 	C:\Windows\SYSTEM32\sechost.dll
0x000007fefd730000 - 0x000007fefd85d000 	C:\Windows\system32\RPCRT4.dll
0x0000000077220000 - 0x000000007731a000 	C:\Windows\system32\USER32.dll
0x000007fefda70000 - 0x000007fefdad7000 	C:\Windows\system32\GDI32.dll
0x000007fefe530000 - 0x000007fefe53e000 	C:\Windows\system32\LPK.dll
0x000007fefdec0000 - 0x000007fefdf8b000 	C:\Windows\system32\USP10.dll
0x000007fefb3c0000 - 0x000007fefb5b4000 	C:\Windows\WinSxS\amd64_microsoft.windows.common-controls_6595b64144ccf1df_6.0.7601.23403_none_e36ad4593102f066\COMCTL32.dll
0x000007fefde40000 - 0x000007fefdeb1000 	C:\Windows\system32\SHLWAPI.dll
0x000007fefde10000 - 0x000007fefde3e000 	C:\Windows\system32\IMM32.DLL
0x000007fefe420000 - 0x000007fefe529000 	C:\Windows\system32\MSCTF.dll
0x000007fefcf30000 - 0x000007fefcf60000 	C:\Windows\system32\nvinitx.dll
0x000007fefcf20000 - 0x000007fefcf2c000 	C:\Windows\system32\VERSION.dll
0x000007fefd280000 - 0x000007fefd285000 	C:\Windows\system32\api-ms-win-downlevel-advapi32-l1-1-0.dll
0x000007fefcdc0000 - 0x000007fefcde5000 	C:\Windows\system32\SspiCli.dll
0x0000000062c40000 - 0x0000000062d12000 	C:\Program Files\Android\Android Studio\jre\jre\bin\msvcr100.dll
0x0000000060290000 - 0x0000000060ace000 	C:\Program Files\Android\Android Studio\jre\jre\bin\server\jvm.dll
0x000007fef91f0000 - 0x000007fef91f9000 	C:\Windows\system32\WSOCK32.dll
0x000007fefdce0000 - 0x000007fefdd2d000 	C:\Windows\system32\WS2_32.dll
0x000007fefd720000 - 0x000007fefd728000 	C:\Windows\system32\NSI.dll
0x000007fefab60000 - 0x000007fefab9b000 	C:\Windows\system32\WINMM.dll
0x00000000774c0000 - 0x00000000774c7000 	C:\Windows\system32\PSAPI.DLL
0x000007feedd00000 - 0x000007feedd0f000 	C:\Program Files\Android\Android Studio\jre\jre\bin\verify.dll
0x000007fee69e0000 - 0x000007fee6a09000 	C:\Program Files\Android\Android Studio\jre\jre\bin\java.dll
0x000007feed980000 - 0x000007feed996000 	C:\Program Files\Android\Android Studio\jre\jre\bin\zip.dll
0x000007fefe560000 - 0x000007feff2eb000 	C:\Windows\system32\SHELL32.dll
0x000007fefdae0000 - 0x000007fefdcdd000 	C:\Windows\system32\ole32.dll
0x000007fefcff0000 - 0x000007fefcfff000 	C:\Windows\system32\profapi.dll
0x000007fefc7e0000 - 0x000007fefc7f8000 	C:\Windows\system32\CRYPTSP.dll
0x000007fefc4e0000 - 0x000007fefc527000 	C:\Windows\system32\rsaenh.dll
0x000007fefd1d0000 - 0x000007fefd1ef000 	C:\Windows\system32\USERENV.dll
0x000007fefce50000 - 0x000007fefce5f000 	C:\Windows\system32\CRYPTBASE.dll
0x000007fee8600000 - 0x000007fee861a000 	C:\Program Files\Android\Android Studio\jre\jre\bin\net.dll
0x000007fefc780000 - 0x000007fefc7d5000 	C:\Windows\system32\mswsock.dll
0x000007fefc770000 - 0x000007fefc777000 	C:\Windows\System32\wship6.dll
0x000007fefa6b0000 - 0x000007fefa6d7000 	C:\Windows\system32\IPHLPAPI.DLL
0x000007fefa6a0000 - 0x000007fefa6ab000 	C:\Windows\system32\WINNSI.DLL
0x000007fefa250000 - 0x000007fefa261000 	C:\Windows\system32\dhcpcsvc6.DLL
0x000007fefa230000 - 0x000007fefa248000 	C:\Windows\system32\dhcpcsvc.DLL
0x000007fedb0e0000 - 0x000007fedb0f1000 	C:\Program Files\Android\Android Studio\jre\jre\bin\nio.dll

VM Arguments:
jvm_args: -Djava.awt.headless=true -Xmx64M -Dfile.encoding=windows-1252 -Duser.country=US -Duser.language=en -Duser.variant 
java_command: com.google.devtools.build.android.desugar.Desugar @C:\Users\zhli\workspace\ReUnite\app\build\intermediates\tmp\desugar_args142106829486606197
java_class_path (initial): C:\Users\zhli\AppData\Local\Temp\3\desugar_deploy.jar104985555399314533
Launcher Type: SUN_STANDARD

Environment Variables:
JAVA_HOME=C:\Program Files\Java\jdk1.8.0_131
PATH=C:\ProgramData\Oracle\Java\javapath;C:\Windows\system32;C:\Windows;C:\Windows\System32\Wbem;C:\Windows\System32\WindowsPowerShell\v1.0\;C:\Program Files\Java\jdk1.8.0_131\bin;C:\Program Files\ActivIdentity\ActivClient\;C:\Program Files (x86)\ActivIdentity\ActivClient\;C:\Program Files\VanDyke Software\Clients\;C:\Program Files\TortoiseSVN\bin;C:\Program Files\nodejs\;C:\Windows\System32\WindowsPowerShell\v1.0\;C:\Windows\System32\WindowsPowerShell\v1.0\;C:\Program Files\Git\cmd;C:\Program Files (x86)\GtkSharp\2.12\bin;C:\Users\zhli\AppData\Roaming\npm;C:\Users\zhli\AppData\Local\atom\bin;C:\Users\zhli\Bin\flutter\bin;
USERNAME=zhli
OS=Windows_NT
PROCESSOR_IDENTIFIER=Intel64 Family 6 Model 94 Stepping 3, GenuineIntel



---------------  S Y S T E M  ---------------

OS: Windows 7 , 64 bit Build 7601 (6.1.7601.24024)

CPU:total 8 (initial active 8) (4 cores per cpu, 2 threads per core) family 6 model 94 stepping 3, cmov, cx8, fxsr, mmx, sse, sse2, sse3, ssse3, sse4.1, sse4.2, popcnt, avx, avx2, aes, clmul, erms, rtm, 3dnowpref, lzcnt, ht, tsc, tscinvbit, bmi1, bmi2, adx

Memory: 4k page, physical 16701228k(575212k free), swap 20893656k(5560k free)

vm_info: OpenJDK 64-Bit Server VM (25.152-b01) for windows-amd64 JRE (1.8.0_152-release-915-b01), built by "builder" with MS VC++ 10.0 (VS2010)

time: Thu Mar 08 13:43:53 2018
elapsed time: 1 seconds (0d 0h 0m 1s)

