#
# There is insufficient memory for the Java Runtime Environment to continue.
# Native memory allocation (malloc) failed to allocate 131088 bytes for Chunk::new
# Possible reasons:
#   The system is out of physical RAM or swap space
#   In 32 bit mode, the process size limit was hit
# Possible solutions:
#   Reduce memory load on the system
#   Increase physical memory or swap space
#   Check if swap backing store is full
#   Use 64 bit Java on a 64 bit OS
#   Decrease Java heap size (-Xmx/-Xms)
#   Decrease number of Java threads
#   Decrease Java thread stack sizes (-Xss)
#   Set larger code cache with -XX:ReservedCodeCacheSize=
# This output file may be truncated or incomplete.
#
#  Out of Memory Error (allocation.cpp:390), pid=5644, tid=0x00000000000020e0
#
# JRE version: OpenJDK Runtime Environment (8.0_152-b01) (build 1.8.0_152-release-915-b01)
# Java VM: OpenJDK 64-Bit Server VM (25.152-b01 mixed mode windows-amd64 compressed oops)
# Failed to write core dump. Minidumps are not enabled by default on client versions of Windows
#

---------------  T H R E A D  ---------------

Current thread (0x00000000541a8000):  JavaThread "C2 CompilerThread1" daemon [_thread_in_native, id=8416, stack(0x0000000055a10000,0x0000000055b10000)]

Stack: [0x0000000055a10000,0x0000000055b10000]
[error occurred during error reporting (printing stack bounds), id 0xc0000005]

Native frames: (J=compiled Java code, j=interpreted, Vv=VM code, C=native code)


Current CompileTask:
C2:   3539  830       4       org.objectweb.asm.ClassReader::a (3587 bytes)


---------------  P R O C E S S  ---------------

Java Threads: ( => current thread )
  0x000000005423f800 JavaThread "Service Thread" daemon [_thread_blocked, id=10804, stack(0x0000000055e10000,0x0000000055f10000)]
  0x0000000054208800 JavaThread "C1 CompilerThread3" daemon [_thread_blocked, id=5776, stack(0x0000000055910000,0x0000000055a10000)]
  0x00000000541f3800 JavaThread "C2 CompilerThread2" daemon [_thread_blocked, id=10812, stack(0x0000000055be0000,0x0000000055ce0000)]
=>0x00000000541a8000 JavaThread "C2 CompilerThread1" daemon [_thread_in_native, id=8416, stack(0x0000000055a10000,0x0000000055b10000)]
  0x00000000541a2000 JavaThread "C2 CompilerThread0" daemon [_thread_blocked, id=9700, stack(0x00000000557c0000,0x00000000558c0000)]
  0x000000005419d000 JavaThread "Attach Listener" daemon [_thread_blocked, id=1732, stack(0x00000000555f0000,0x00000000556f0000)]
  0x000000005419c000 JavaThread "Signal Dispatcher" daemon [_thread_blocked, id=6064, stack(0x00000000554d0000,0x00000000555d0000)]
  0x00000000530ec000 JavaThread "Finalizer" daemon [_thread_blocked, id=8440, stack(0x0000000055330000,0x0000000055430000)]
  0x00000000530e5000 JavaThread "Reference Handler" daemon [_thread_blocked, id=1344, stack(0x0000000011c30000,0x0000000011d30000)]
  0x0000000001fff000 JavaThread "main" [_thread_in_native, id=4828, stack(0x0000000002290000,0x0000000002390000)]

Other Threads:
  0x0000000054151800 VMThread [stack: 0x00000000551c0000,0x00000000552c0000] [id=7152]
  0x0000000054242000 WatcherThread [stack: 0x0000000056020000,0x0000000056120000] [id=6668]

VM state:not at safepoint (normal execution)

VM Mutex/Monitor currently owned by a thread: None

Heap:
 PSYoungGen      total 18944K, used 9157K [0x00000000feb00000, 0x0000000100000000, 0x0000000100000000)
  eden space 16384K, 40% used [0x00000000feb00000,0x00000000ff178120,0x00000000ffb00000)
  from space 2560K, 98% used [0x00000000ffd80000,0x00000000ffff9530,0x0000000100000000)
  to   space 2560K, 0% used [0x00000000ffb00000,0x00000000ffb00000,0x00000000ffd80000)
 ParOldGen       total 44032K, used 5575K [0x00000000fc000000, 0x00000000feb00000, 0x00000000feb00000)
  object space 44032K, 12% used [0x00000000fc000000,0x00000000fc571f48,0x00000000feb00000)
 Metaspace       used 7497K, capacity 7660K, committed 7936K, reserved 1056768K
  class space    used 873K, capacity 956K, committed 1024K, reserved 1048576K

Card table byte_map: [0x0000000000280000,0x00000000002b0000] byte_map_base: 0xffffffffffaa0000

Marking Bits: (ParMarkBitMap*) 0x000000005e243950
 Begin Bits: [0x0000000012500000, 0x0000000012600000)
 End Bits:   [0x0000000012600000, 0x0000000012700000)

Polling page: 0x0000000000250000

CodeCache: size=245760Kb used=3261Kb max_used=3274Kb free=242498Kb
 bounds [0x0000000002660000, 0x00000000029a0000, 0x0000000011660000]
 total_blobs=1176 nmethods=845 adapters=245
 compilation: enabled

Compilation events (10 events):
Event: 3.507 Thread 0x0000000054208800  838       3       com.google.common.base.Preconditions::checkArgument (34 bytes)
Event: 3.508 Thread 0x0000000054208800 nmethod 838 0x000000000298d310 code [0x000000000298d4c0, 0x000000000298daf8]
Event: 3.508 Thread 0x0000000054208800  837       3       java.util.zip.ZipOutputStream::writeInt (69 bytes)
Event: 3.508 Thread 0x0000000054208800 nmethod 837 0x000000000298dd50 code [0x000000000298dee0, 0x000000000298e3b8]
Event: 3.508 Thread 0x0000000054208800  839       3       com.google.devtools.build.android.desugar.LambdaDesugaring$InvokedynamicRewriter::<init> (42 bytes)
Event: 3.508 Thread 0x0000000054208800 nmethod 839 0x000000000298e4d0 code [0x000000000298e6a0, 0x000000000298ee68]
Event: 3.508 Thread 0x0000000054208800  840       3       com.google.common.base.Preconditions::checkNotNull (35 bytes)
Event: 3.508 Thread 0x0000000054208800 nmethod 840 0x000000000298f2d0 code [0x000000000298f480, 0x000000000298fab8]
Event: 3.508 Thread 0x00000000541a2000  846       4       org.objectweb.asm.tree.VarInsnNode::accept (18 bytes)
Event: 3.514 Thread 0x00000000541a2000 nmethod 846 0x0000000002992fd0 code [0x0000000002993160, 0x00000000029937f8]

GC Heap History (4 events):
Event: 1.099 GC heap before
{Heap before GC invocations=1 (full 0):
 PSYoungGen      total 18944K, used 16384K [0x00000000feb00000, 0x0000000100000000, 0x0000000100000000)
  eden space 16384K, 100% used [0x00000000feb00000,0x00000000ffb00000,0x00000000ffb00000)
  from space 2560K, 0% used [0x00000000ffd80000,0x00000000ffd80000,0x0000000100000000)
  to   space 2560K, 0% used [0x00000000ffb00000,0x00000000ffb00000,0x00000000ffd80000)
 ParOldGen       total 44032K, used 0K [0x00000000fc000000, 0x00000000feb00000, 0x00000000feb00000)
  object space 44032K, 0% used [0x00000000fc000000,0x00000000fc000000,0x00000000feb00000)
 Metaspace       used 6485K, capacity 6682K, committed 6784K, reserved 1056768K
  class space    used 771K, capacity 823K, committed 896K, reserved 1048576K
Event: 1.498 GC heap after
Heap after GC invocations=1 (full 0):
 PSYoungGen      total 18944K, used 2544K [0x00000000feb00000, 0x0000000100000000, 0x0000000100000000)
  eden space 16384K, 0% used [0x00000000feb00000,0x00000000feb00000,0x00000000ffb00000)
  from space 2560K, 99% used [0x00000000ffb00000,0x00000000ffd7c020,0x00000000ffd80000)
  to   space 2560K, 0% used [0x00000000ffd80000,0x00000000ffd80000,0x0000000100000000)
 ParOldGen       total 44032K, used 1499K [0x00000000fc000000, 0x00000000feb00000, 0x00000000feb00000)
  object space 44032K, 3% used [0x00000000fc000000,0x00000000fc176d60,0x00000000feb00000)
 Metaspace       used 6485K, capacity 6682K, committed 6784K, reserved 1056768K
  class space    used 771K, capacity 823K, committed 896K, reserved 1048576K
}
Event: 2.424 GC heap before
{Heap before GC invocations=2 (full 0):
 PSYoungGen      total 18944K, used 18928K [0x00000000feb00000, 0x0000000100000000, 0x0000000100000000)
  eden space 16384K, 100% used [0x00000000feb00000,0x00000000ffb00000,0x00000000ffb00000)
  from space 2560K, 99% used [0x00000000ffb00000,0x00000000ffd7c020,0x00000000ffd80000)
  to   space 2560K, 0% used [0x00000000ffd80000,0x00000000ffd80000,0x0000000100000000)
 ParOldGen       total 44032K, used 1499K [0x00000000fc000000, 0x00000000feb00000, 0x00000000feb00000)
  object space 44032K, 3% used [0x00000000fc000000,0x00000000fc176d60,0x00000000feb00000)
 Metaspace       used 6971K, capacity 7148K, committed 7296K, reserved 1056768K
  class space    used 827K, capacity 892K, committed 896K, reserved 1048576K
Event: 3.062 GC heap after
Heap after GC invocations=2 (full 0):
 PSYoungGen      total 18944K, used 2533K [0x00000000feb00000, 0x0000000100000000, 0x0000000100000000)
  eden space 16384K, 0% used [0x00000000feb00000,0x00000000feb00000,0x00000000ffb00000)
  from space 2560K, 98% used [0x00000000ffd80000,0x00000000ffff9530,0x0000000100000000)
  to   space 2560K, 0% used [0x00000000ffb00000,0x00000000ffb00000,0x00000000ffd80000)
 ParOldGen       total 44032K, used 5575K [0x00000000fc000000, 0x00000000feb00000, 0x00000000feb00000)
  object space 44032K, 12% used [0x00000000fc000000,0x00000000fc571f48,0x00000000feb00000)
 Metaspace       used 6971K, capacity 7148K, committed 7296K, reserved 1056768K
  class space    used 827K, capacity 892K, committed 896K, reserved 1048576K
}

Deoptimization events (10 events):
Event: 1.063 Thread 0x0000000001fff000 Uncommon trap: reason=unstable_if action=reinterpret pc=0x0000000002856408 method=java.util.zip.ZipEntry.setExtra0([BZ)V @ 1
Event: 1.067 Thread 0x0000000001fff000 Uncommon trap: reason=unstable_if action=reinterpret pc=0x0000000002854678 method=java.util.zip.ZipFile$ZipEntryIterator.hasNext()Z @ 25
Event: 1.067 Thread 0x0000000001fff000 Uncommon trap: reason=unstable_if action=reinterpret pc=0x00000000028553fc method=java.util.zip.ZipCoder.decoder()Ljava/nio/charset/CharsetDecoder; @ 4
Event: 1.068 Thread 0x0000000001fff000 Uncommon trap: reason=unstable_if action=reinterpret pc=0x0000000002853788 method=java.util.zip.ZipFile$ZipEntryIterator.hasNext()Z @ 25
Event: 1.069 Thread 0x0000000001fff000 Uncommon trap: reason=unstable_if action=reinterpret pc=0x00000000028508f8 method=java.util.zip.ZipCoder.decoder()Ljava/nio/charset/CharsetDecoder; @ 4
Event: 1.940 Thread 0x0000000001fff000 Uncommon trap: reason=unstable_if action=reinterpret pc=0x000000000286d084 method=java.util.HashMap$HashIterator.hasNext()Z @ 4
Event: 1.955 Thread 0x0000000001fff000 Uncommon trap: reason=unstable_if action=reinterpret pc=0x000000000286890c method=java.util.zip.ZipFile.getZipEntry(Ljava/lang/String;J)Ljava/util/zip/ZipEntry; @ 19
Event: 2.372 Thread 0x0000000001fff000 Uncommon trap: reason=unloaded action=reinterpret pc=0x000000000286cd34 method=java.util.zip.ZipEntry.setExtra0([BZ)V @ 37
Event: 3.275 Thread 0x0000000001fff000 Uncommon trap: reason=unstable_if action=reinterpret pc=0x00000000028013e8 method=java.lang.String.<init>([CII)V @ 18
Event: 3.468 Thread 0x0000000001fff000 Uncommon trap: reason=unstable_if action=reinterpret pc=0x000000000290b044 method=org.objectweb.asm.MethodWriter.visitVarInsn(II)V @ 142

Classes redefined (0 events):
No events

Internal exceptions (10 events):
Event: 1.985 Thread 0x0000000001fff000 Exception <a 'sun/nio/fs/WindowsException'> (0x00000000ff17bdf0) thrown at [D:\src\AOSP-openjdk-cygwin\jdk8u\hotspot\src\share\vm\prims\jni.cpp, line 709]
Event: 1.985 Thread 0x0000000001fff000 Exception <a 'sun/nio/fs/WindowsException'> (0x00000000ff17c3d0) thrown at [D:\src\AOSP-openjdk-cygwin\jdk8u\hotspot\src\share\vm\prims\jni.cpp, line 709]
Event: 1.985 Thread 0x0000000001fff000 Exception <a 'sun/nio/fs/WindowsException'> (0x00000000ff17cba0) thrown at [D:\src\AOSP-openjdk-cygwin\jdk8u\hotspot\src\share\vm\prims\jni.cpp, line 709]
Event: 1.985 Thread 0x0000000001fff000 Exception <a 'sun/nio/fs/WindowsException'> (0x00000000ff17d158) thrown at [D:\src\AOSP-openjdk-cygwin\jdk8u\hotspot\src\share\vm\prims\jni.cpp, line 709]
Event: 1.985 Thread 0x0000000001fff000 Exception <a 'sun/nio/fs/WindowsException'> (0x00000000ff17d918) thrown at [D:\src\AOSP-openjdk-cygwin\jdk8u\hotspot\src\share\vm\prims\jni.cpp, line 709]
Event: 1.989 Thread 0x0000000001fff000 Exception <a 'sun/nio/fs/WindowsException'> (0x00000000ff182dd0) thrown at [D:\src\AOSP-openjdk-cygwin\jdk8u\hotspot\src\share\vm\prims\jni.cpp, line 709]
Event: 2.409 Thread 0x0000000001fff000 Exception <a 'sun/nio/fs/WindowsException'> (0x00000000ffabe098) thrown at [D:\src\AOSP-openjdk-cygwin\jdk8u\hotspot\src\share\vm\prims\jni.cpp, line 709]
Event: 2.409 Thread 0x0000000001fff000 Exception <a 'sun/nio/fs/WindowsException'> (0x00000000ffabe620) thrown at [D:\src\AOSP-openjdk-cygwin\jdk8u\hotspot\src\share\vm\prims\jni.cpp, line 709]
Event: 3.307 Thread 0x0000000001fff000 Exception <a 'sun/nio/fs/WindowsException'> (0x00000000fed54f40) thrown at [D:\src\AOSP-openjdk-cygwin\jdk8u\hotspot\src\share\vm\prims\jni.cpp, line 709]
Event: 3.307 Thread 0x0000000001fff000 Exception <a 'sun/nio/fs/WindowsException'> (0x00000000fed55448) thrown at [D:\src\AOSP-openjdk-cygwin\jdk8u\hotspot\src\share\vm\prims\jni.cpp, line 709]

Events (10 events):
Event: 3.097 loading class org/objectweb/asm/Handler
Event: 3.097 loading class org/objectweb/asm/Handler done
Event: 3.275 Thread 0x0000000001fff000 Uncommon trap: trap_request=0xffffff65 fr.pc=0x00000000028013e8
Event: 3.275 Thread 0x0000000001fff000 DEOPT PACKING pc=0x00000000028013e8 sp=0x000000000238ee70
Event: 3.275 Thread 0x0000000001fff000 DEOPT UNPACKING pc=0x00000000026a556a sp=0x000000000238ee58 mode 2
Event: 3.294 loading class java/util/Vector$Itr
Event: 3.294 loading class java/util/Vector$Itr done
Event: 3.468 Thread 0x0000000001fff000 Uncommon trap: trap_request=0xffffff65 fr.pc=0x000000000290b044
Event: 3.468 Thread 0x0000000001fff000 DEOPT PACKING pc=0x000000000290b044 sp=0x000000000238edd0
Event: 3.468 Thread 0x0000000001fff000 DEOPT UNPACKING pc=0x00000000026a556a sp=0x000000000238ed18 mode 2


Dynamic libraries:
0x000000013fe50000 - 0x000000013fe81000 	C:\Program Files\Android\Android Studio\jre\bin\java.exe
0x0000000077320000 - 0x00000000774bf000 	C:\Windows\SYSTEM32\ntdll.dll
0x0000000077100000 - 0x000000007721f000 	C:\Windows\system32\kernel32.dll
0x000007fefd290000 - 0x000007fefd2fa000 	C:\Windows\system32\KERNELBASE.dll
0x000007fefdf90000 - 0x000007fefe06b000 	C:\Windows\system32\ADVAPI32.dll
0x000007feff2f0000 - 0x000007feff38f000 	C:\Windows\system32\msvcrt.dll
0x000007fefe540000 - 0x000007fefe55f000 	C:\Windows\SYSTEM32\sechost.dll
0x000007fefd730000 - 0x000007fefd85d000 	C:\Windows\system32\RPCRT4.dll
0x0000000077220000 - 0x000000007731a000 	C:\Windows\system32\USER32.dll
0x000007fefda70000 - 0x000007fefdad7000 	C:\Windows\system32\GDI32.dll
0x000007fefe530000 - 0x000007fefe53e000 	C:\Windows\system32\LPK.dll
0x000007fefdec0000 - 0x000007fefdf8b000 	C:\Windows\system32\USP10.dll
0x000007fefb3c0000 - 0x000007fefb5b4000 	C:\Windows\WinSxS\amd64_microsoft.windows.common-controls_6595b64144ccf1df_6.0.7601.23403_none_e36ad4593102f066\COMCTL32.dll
0x000007fefde40000 - 0x000007fefdeb1000 	C:\Windows\system32\SHLWAPI.dll
0x000007fefde10000 - 0x000007fefde3e000 	C:\Windows\system32\IMM32.DLL
0x000007fefe420000 - 0x000007fefe529000 	C:\Windows\system32\MSCTF.dll
0x000007fefcf30000 - 0x000007fefcf60000 	C:\Windows\system32\nvinitx.dll
0x000007fefcf20000 - 0x000007fefcf2c000 	C:\Windows\system32\VERSION.dll
0x000007fefd280000 - 0x000007fefd285000 	C:\Windows\system32\api-ms-win-downlevel-advapi32-l1-1-0.dll
0x000007fefcdc0000 - 0x000007fefcde5000 	C:\Windows\system32\SspiCli.dll
0x00000000639c0000 - 0x0000000063a92000 	C:\Program Files\Android\Android Studio\jre\jre\bin\msvcr100.dll
0x000000005da80000 - 0x000000005e2be000 	C:\Program Files\Android\Android Studio\jre\jre\bin\server\jvm.dll
0x000007fef91f0000 - 0x000007fef91f9000 	C:\Windows\system32\WSOCK32.dll
0x000007fefdce0000 - 0x000007fefdd2d000 	C:\Windows\system32\WS2_32.dll
0x000007fefd720000 - 0x000007fefd728000 	C:\Windows\system32\NSI.dll
0x000007fefab60000 - 0x000007fefab9b000 	C:\Windows\system32\WINMM.dll
0x00000000774c0000 - 0x00000000774c7000 	C:\Windows\system32\PSAPI.DLL
0x000007feedd60000 - 0x000007feedd6f000 	C:\Program Files\Android\Android Studio\jre\jre\bin\verify.dll
0x000007feed990000 - 0x000007feed9b9000 	C:\Program Files\Android\Android Studio\jre\jre\bin\java.dll
0x000007fee8980000 - 0x000007fee8996000 	C:\Program Files\Android\Android Studio\jre\jre\bin\zip.dll
0x000007fefe560000 - 0x000007feff2eb000 	C:\Windows\system32\SHELL32.dll
0x000007fefdae0000 - 0x000007fefdcdd000 	C:\Windows\system32\ole32.dll
0x000007fefcff0000 - 0x000007fefcfff000 	C:\Windows\system32\profapi.dll
0x000007fefc7e0000 - 0x000007fefc7f8000 	C:\Windows\system32\CRYPTSP.dll
0x000007fefc4e0000 - 0x000007fefc527000 	C:\Windows\system32\rsaenh.dll
0x000007fefd1d0000 - 0x000007fefd1ef000 	C:\Windows\system32\USERENV.dll
0x000007fefce50000 - 0x000007fefce5f000 	C:\Windows\system32\CRYPTBASE.dll
0x000007fee8960000 - 0x000007fee897a000 	C:\Program Files\Android\Android Studio\jre\jre\bin\net.dll
0x000007fefc780000 - 0x000007fefc7d5000 	C:\Windows\system32\mswsock.dll
0x000007fefc770000 - 0x000007fefc777000 	C:\Windows\System32\wship6.dll
0x000007fefa6b0000 - 0x000007fefa6d7000 	C:\Windows\system32\IPHLPAPI.DLL
0x000007fefa6a0000 - 0x000007fefa6ab000 	C:\Windows\system32\WINNSI.DLL
0x000007fefa250000 - 0x000007fefa261000 	C:\Windows\system32\dhcpcsvc6.DLL
0x000007fefa230000 - 0x000007fefa248000 	C:\Windows\system32\dhcpcsvc.DLL
0x000007fee8710000 - 0x000007fee8721000 	C:\Program Files\Android\Android Studio\jre\jre\bin\nio.dll

VM Arguments:
jvm_args: -Djava.awt.headless=true -Xmx64M -Dfile.encoding=windows-1252 -Duser.country=US -Duser.language=en -Duser.variant 
java_command: com.google.devtools.build.android.desugar.Desugar @C:\Users\zhli\workspace\ReUnite\app\build\intermediates\tmp\desugar_args6149588816594182267
java_class_path (initial): C:\Users\zhli\AppData\Local\Temp\3\desugar_deploy.jar3862804513960915086
Launcher Type: SUN_STANDARD

Environment Variables:
JAVA_HOME=C:\Program Files\Java\jdk1.8.0_131
PATH=C:\ProgramData\Oracle\Java\javapath;C:\Windows\system32;C:\Windows;C:\Windows\System32\Wbem;C:\Windows\System32\WindowsPowerShell\v1.0\;C:\Program Files\Java\jdk1.8.0_131\bin;C:\Program Files\ActivIdentity\ActivClient\;C:\Program Files (x86)\ActivIdentity\ActivClient\;C:\Program Files\VanDyke Software\Clients\;C:\Program Files\TortoiseSVN\bin;C:\Program Files\nodejs\;C:\Windows\System32\WindowsPowerShell\v1.0\;C:\Windows\System32\WindowsPowerShell\v1.0\;C:\Program Files\Git\cmd;C:\Program Files (x86)\GtkSharp\2.12\bin;C:\Users\zhli\AppData\Roaming\npm;C:\Users\zhli\AppData\Local\atom\bin;C:\Users\zhli\Bin\flutter\bin;
USERNAME=zhli
OS=Windows_NT
PROCESSOR_IDENTIFIER=Intel64 Family 6 Model 94 Stepping 3, GenuineIntel



---------------  S Y S T E M  ---------------

OS: Windows 7 , 64 bit Build 7601 (6.1.7601.24024)

CPU:total 8 (initial active 8) (4 cores per cpu, 2 threads per core) family 6 model 94 stepping 3, cmov, cx8, fxsr, mmx, sse, sse2, sse3, ssse3, sse4.1, sse4.2, popcnt, avx, avx2, aes, clmul, erms, rtm, 3dnowpref, lzcnt, ht, tsc, tscinvbit, bmi1, bmi2, adx

Memory: 4k page, physical 16701228k(201804k free), swap 20893656k(4928k free)

vm_info: OpenJDK 64-Bit Server VM (25.152-b01) for windows-amd64 JRE (1.8.0_152-release-915-b01), built by "builder" with MS VC++ 10.0 (VS2010)

time: Mon Mar 12 14:28:00 2018
elapsed time: 3 seconds (0d 0h 0m 3s)

