#
# There is insufficient memory for the Java Runtime Environment to continue.
# Native memory allocation (malloc) failed to allocate 1125616 bytes for Chunk::new
# Possible reasons:
#   The system is out of physical RAM or swap space
#   In 32 bit mode, the process size limit was hit
# Possible solutions:
#   Reduce memory load on the system
#   Increase physical memory or swap space
#   Check if swap backing store is full
#   Use 64 bit Java on a 64 bit OS
#   Decrease Java heap size (-Xmx/-Xms)
#   Decrease number of Java threads
#   Decrease Java thread stack sizes (-Xss)
#   Set larger code cache with -XX:ReservedCodeCacheSize=
# This output file may be truncated or incomplete.
#
#  Out of Memory Error (allocation.cpp:390), pid=9084, tid=0x0000000000002470
#
# JRE version: OpenJDK Runtime Environment (8.0_152-b01) (build 1.8.0_152-release-915-b01)
# Java VM: OpenJDK 64-Bit Server VM (25.152-b01 mixed mode windows-amd64 compressed oops)
# Failed to write core dump. Minidumps are not enabled by default on client versions of Windows
#

---------------  T H R E A D  ---------------

Current thread (0x0000000053fb4800):  JavaThread "C2 CompilerThread1" daemon [_thread_in_native, id=9328, stack(0x00000000557e0000,0x00000000558e0000)]

Stack: [0x00000000557e0000,0x00000000558e0000]
[error occurred during error reporting (printing stack bounds), id 0xc0000005]

Native frames: (J=compiled Java code, j=interpreted, Vv=VM code, C=native code)


Current CompileTask:
C2:   3769 1035       4       org.objectweb.asm.tree.MethodInsnNode::accept (30 bytes)


---------------  P R O C E S S  ---------------

Java Threads: ( => current thread )
  0x0000000053fcf800 JavaThread "Service Thread" daemon [_thread_blocked, id=10400, stack(0x0000000055df0000,0x0000000055ef0000)]
  0x0000000053fbe800 JavaThread "C1 CompilerThread3" daemon [_thread_blocked, id=8464, stack(0x0000000055bc0000,0x0000000055cc0000)]
  0x0000000053fb7800 JavaThread "C2 CompilerThread2" daemon [_thread_in_native, id=7060, stack(0x00000000559d0000,0x0000000055ad0000)]
=>0x0000000053fb4800 JavaThread "C2 CompilerThread1" daemon [_thread_in_native, id=9328, stack(0x00000000557e0000,0x00000000558e0000)]
  0x0000000053fae800 JavaThread "C2 CompilerThread0" daemon [_thread_in_native, id=7792, stack(0x0000000055640000,0x0000000055740000)]
  0x0000000053fad000 JavaThread "Attach Listener" daemon [_thread_blocked, id=10316, stack(0x0000000055500000,0x0000000055600000)]
  0x0000000053fab800 JavaThread "Signal Dispatcher" daemon [_thread_blocked, id=6876, stack(0x0000000055360000,0x0000000055460000)]
  0x0000000052efc000 JavaThread "Finalizer" daemon [_thread_blocked, id=7960, stack(0x0000000054f10000,0x0000000055010000)]
  0x0000000052ef5000 JavaThread "Reference Handler" daemon [_thread_blocked, id=7332, stack(0x0000000055170000,0x0000000055270000)]
  0x000000000039f000 JavaThread "main" [_thread_in_native, id=11512, stack(0x0000000002010000,0x0000000002110000)]

Other Threads:
  0x0000000053f61800 VMThread [stack: 0x0000000055030000,0x0000000055130000] [id=8568]
  0x0000000053fd2000 WatcherThread [stack: 0x0000000055f30000,0x0000000056030000] [id=4500]

VM state:not at safepoint (normal execution)

VM Mutex/Monitor currently owned by a thread: None

Heap:
 PSYoungGen      total 18944K, used 13086K [0x00000000feb00000, 0x0000000100000000, 0x0000000100000000)
  eden space 16384K, 64% used [0x00000000feb00000,0x00000000ff54a4b0,0x00000000ffb00000)
  from space 2560K, 99% used [0x00000000ffb00000,0x00000000ffd7d530,0x00000000ffd80000)
  to   space 2560K, 0% used [0x00000000ffd80000,0x00000000ffd80000,0x0000000100000000)
 ParOldGen       total 44032K, used 6022K [0x00000000fc000000, 0x00000000feb00000, 0x00000000feb00000)
  object space 44032K, 13% used [0x00000000fc000000,0x00000000fc5e19f8,0x00000000feb00000)
 Metaspace       used 7659K, capacity 7852K, committed 7936K, reserved 1056768K
  class space    used 873K, capacity 956K, committed 1024K, reserved 1048576K

Card table byte_map: [0x00000000003a0000,0x00000000003d0000] byte_map_base: 0xffffffffffbc0000

Marking Bits: (ParMarkBitMap*) 0x000000005e243950
 Begin Bits: [0x0000000012310000, 0x0000000012410000)
 End Bits:   [0x0000000012410000, 0x0000000012510000)

Polling page: 0x0000000000340000

CodeCache: size=245760Kb used=4395Kb max_used=4407Kb free=241364Kb
 bounds [0x00000000023e0000, 0x0000000002840000, 0x00000000113e0000]
 total_blobs=1433 nmethods=1101 adapters=245
 compilation: enabled

Compilation events (10 events):
Event: 3.718 Thread 0x0000000053fbe800 1100       3       com.google.common.base.Preconditions::checkPositionIndexes (29 bytes)
Event: 3.718 Thread 0x0000000053fbe800 nmethod 1100 0x0000000002812610 code [0x0000000002812780, 0x0000000002812a38]
Event: 3.718 Thread 0x0000000053fbe800 1101       3       com.google.common.collect.RegularImmutableList::listIterator (15 bytes)
Event: 3.718 Thread 0x0000000053fbe800 nmethod 1101 0x000000000281a750 code [0x000000000281a8c0, 0x000000000281aa68]
Event: 3.719 Thread 0x0000000053fb7800 nmethod 1102 0x000000000281a3d0 code [0x000000000281a520, 0x000000000281a698]
Event: 3.719 Thread 0x0000000053fb7800 1103       4       org.objectweb.asm.ClassWriter::a (91 bytes)
Event: 3.760 Thread 0x0000000053fb7800 nmethod 1103 0x000000000282edd0 code [0x000000000282f0a0, 0x0000000002830b28]
Event: 3.760 Thread 0x0000000053fb7800 1107       4       org.objectweb.asm.Type::getArgumentsAndReturnSizes (151 bytes)
Event: 3.765 Thread 0x0000000053fb7800 nmethod 1107 0x0000000002826bd0 code [0x0000000002826d40, 0x0000000002827218]
Event: 3.765 Thread 0x0000000053fb7800 1105       4       org.objectweb.asm.ClassReader::b (1124 bytes)

GC Heap History (6 events):
Event: 0.490 GC heap before
{Heap before GC invocations=1 (full 0):
 PSYoungGen      total 18944K, used 16384K [0x00000000feb00000, 0x0000000100000000, 0x0000000100000000)
  eden space 16384K, 100% used [0x00000000feb00000,0x00000000ffb00000,0x00000000ffb00000)
  from space 2560K, 0% used [0x00000000ffd80000,0x00000000ffd80000,0x0000000100000000)
  to   space 2560K, 0% used [0x00000000ffb00000,0x00000000ffb00000,0x00000000ffd80000)
 ParOldGen       total 44032K, used 0K [0x00000000fc000000, 0x00000000feb00000, 0x00000000feb00000)
  object space 44032K, 0% used [0x00000000fc000000,0x00000000fc000000,0x00000000feb00000)
 Metaspace       used 6487K, capacity 6682K, committed 6784K, reserved 1056768K
  class space    used 771K, capacity 823K, committed 896K, reserved 1048576K
Event: 0.579 GC heap after
Heap after GC invocations=1 (full 0):
 PSYoungGen      total 18944K, used 2544K [0x00000000feb00000, 0x0000000100000000, 0x0000000100000000)
  eden space 16384K, 0% used [0x00000000feb00000,0x00000000feb00000,0x00000000ffb00000)
  from space 2560K, 99% used [0x00000000ffb00000,0x00000000ffd7c020,0x00000000ffd80000)
  to   space 2560K, 0% used [0x00000000ffd80000,0x00000000ffd80000,0x0000000100000000)
 ParOldGen       total 44032K, used 1519K [0x00000000fc000000, 0x00000000feb00000, 0x00000000feb00000)
  object space 44032K, 3% used [0x00000000fc000000,0x00000000fc17bc88,0x00000000feb00000)
 Metaspace       used 6487K, capacity 6682K, committed 6784K, reserved 1056768K
  class space    used 771K, capacity 823K, committed 896K, reserved 1048576K
}
Event: 0.984 GC heap before
{Heap before GC invocations=2 (full 0):
 PSYoungGen      total 18944K, used 18928K [0x00000000feb00000, 0x0000000100000000, 0x0000000100000000)
  eden space 16384K, 100% used [0x00000000feb00000,0x00000000ffb00000,0x00000000ffb00000)
  from space 2560K, 99% used [0x00000000ffb00000,0x00000000ffd7c020,0x00000000ffd80000)
  to   space 2560K, 0% used [0x00000000ffd80000,0x00000000ffd80000,0x0000000100000000)
 ParOldGen       total 44032K, used 1519K [0x00000000fc000000, 0x00000000feb00000, 0x00000000feb00000)
  object space 44032K, 3% used [0x00000000fc000000,0x00000000fc17bc88,0x00000000feb00000)
 Metaspace       used 6953K, capacity 7148K, committed 7296K, reserved 1056768K
  class space    used 825K, capacity 892K, committed 896K, reserved 1048576K
Event: 1.710 GC heap after
Heap after GC invocations=2 (full 0):
 PSYoungGen      total 18944K, used 2533K [0x00000000feb00000, 0x0000000100000000, 0x0000000100000000)
  eden space 16384K, 0% used [0x00000000feb00000,0x00000000feb00000,0x00000000ffb00000)
  from space 2560K, 98% used [0x00000000ffd80000,0x00000000ffff9540,0x0000000100000000)
  to   space 2560K, 0% used [0x00000000ffb00000,0x00000000ffb00000,0x00000000ffd80000)
 ParOldGen       total 44032K, used 5555K [0x00000000fc000000, 0x00000000feb00000, 0x00000000feb00000)
  object space 44032K, 12% used [0x00000000fc000000,0x00000000fc56ce80,0x00000000feb00000)
 Metaspace       used 6953K, capacity 7148K, committed 7296K, reserved 1056768K
  class space    used 825K, capacity 892K, committed 896K, reserved 1048576K
}
Event: 2.617 GC heap before
{Heap before GC invocations=3 (full 0):
 PSYoungGen      total 18944K, used 18917K [0x00000000feb00000, 0x0000000100000000, 0x0000000100000000)
  eden space 16384K, 100% used [0x00000000feb00000,0x00000000ffb00000,0x00000000ffb00000)
  from space 2560K, 98% used [0x00000000ffd80000,0x00000000ffff9540,0x0000000100000000)
  to   space 2560K, 0% used [0x00000000ffb00000,0x00000000ffb00000,0x00000000ffd80000)
 ParOldGen       total 44032K, used 5555K [0x00000000fc000000, 0x00000000feb00000, 0x00000000feb00000)
  object space 44032K, 12% used [0x00000000fc000000,0x00000000fc56ce80,0x00000000feb00000)
 Metaspace       used 7588K, capacity 7788K, committed 7936K, reserved 1056768K
  class space    used 873K, capacity 956K, committed 1024K, reserved 1048576K
Event: 3.334 GC heap after
Heap after GC invocations=3 (full 0):
 PSYoungGen      total 18944K, used 2549K [0x00000000feb00000, 0x0000000100000000, 0x0000000100000000)
  eden space 16384K, 0% used [0x00000000feb00000,0x00000000feb00000,0x00000000ffb00000)
  from space 2560K, 99% used [0x00000000ffb00000,0x00000000ffd7d530,0x00000000ffd80000)
  to   space 2560K, 0% used [0x00000000ffd80000,0x00000000ffd80000,0x0000000100000000)
 ParOldGen       total 44032K, used 6022K [0x00000000fc000000, 0x00000000feb00000, 0x00000000feb00000)
  object space 44032K, 13% used [0x00000000fc000000,0x00000000fc5e19f8,0x00000000feb00000)
 Metaspace       used 7588K, capacity 7788K, committed 7936K, reserved 1056768K
  class space    used 873K, capacity 956K, committed 1024K, reserved 1048576K
}

Deoptimization events (10 events):
Event: 3.461 Thread 0x000000000039f000 Uncommon trap: reason=null_check action=make_not_entrant pc=0x00000000027df084 method=com.google.devtools.build.android.desugar.InterfaceDesugaring$InterfaceInvocationRewriter.visitMethodInsn(ILjava/lang/String;Ljava/lang/String;Ljava/lang/String;Z)V @ 10
Event: 3.461 Thread 0x000000000039f000 Uncommon trap: reason=null_check action=make_not_entrant pc=0x00000000027e6720 method=com.google.devtools.build.android.desugar.InterfaceDesugaring$InterfaceInvocationRewriter.visitMethodInsn(ILjava/lang/String;Ljava/lang/String;Ljava/lang/String;Z)V @ 10
Event: 3.521 Thread 0x000000000039f000 Uncommon trap: reason=class_check action=maybe_recompile pc=0x00000000027a3fb4 method=org.objectweb.asm.MethodVisitor.visitVarInsn(II)V @ 13
Event: 3.521 Thread 0x000000000039f000 Uncommon trap: reason=class_check action=maybe_recompile pc=0x00000000027a3fb4 method=org.objectweb.asm.MethodVisitor.visitVarInsn(II)V @ 13
Event: 3.521 Thread 0x000000000039f000 Uncommon trap: reason=class_check action=maybe_recompile pc=0x00000000027a3fb4 method=org.objectweb.asm.MethodVisitor.visitVarInsn(II)V @ 13
Event: 3.521 Thread 0x000000000039f000 Uncommon trap: reason=class_check action=maybe_recompile pc=0x00000000027a3f68 method=org.objectweb.asm.tree.VarInsnNode.accept(Lorg/objectweb/asm/MethodVisitor;)V @ 9
Event: 3.521 Thread 0x000000000039f000 Uncommon trap: reason=class_check action=maybe_recompile pc=0x00000000027a3f68 method=org.objectweb.asm.tree.VarInsnNode.accept(Lorg/objectweb/asm/MethodVisitor;)V @ 9
Event: 3.522 Thread 0x000000000039f000 Uncommon trap: reason=class_check action=maybe_recompile pc=0x00000000027a3f68 method=org.objectweb.asm.tree.VarInsnNode.accept(Lorg/objectweb/asm/MethodVisitor;)V @ 9
Event: 3.593 Thread 0x000000000039f000 Uncommon trap: reason=unstable_if action=reinterpret pc=0x00000000027fb5b8 method=org.objectweb.asm.Type.getArgumentsAndReturnSizes(Ljava/lang/String;)I @ 100
Event: 3.593 Thread 0x000000000039f000 Uncommon trap: reason=unstable_if action=reinterpret pc=0x00000000027a32b0 method=org.objectweb.asm.Type.getArgumentsAndReturnSizes(Ljava/lang/String;)I @ 100

Classes redefined (0 events):
No events

Internal exceptions (10 events):
Event: 2.459 Thread 0x000000000039f000 Exception <a 'sun/nio/fs/WindowsException'> (0x00000000ff63aba8) thrown at [D:\src\AOSP-openjdk-cygwin\jdk8u\hotspot\src\share\vm\prims\jni.cpp, line 709]
Event: 2.459 Thread 0x000000000039f000 Exception <a 'sun/nio/fs/WindowsException'> (0x00000000ff63b0b0) thrown at [D:\src\AOSP-openjdk-cygwin\jdk8u\hotspot\src\share\vm\prims\jni.cpp, line 709]
Event: 3.461 Thread 0x000000000039f000 Implicit null exception at 0x00000000027dc605 to 0x00000000027df061
Event: 3.461 Thread 0x000000000039f000 Implicit null exception at 0x00000000027e3d62 to 0x00000000027e6711
Event: 3.572 Thread 0x000000000039f000 Exception <a 'sun/nio/fs/WindowsException'> (0x00000000fef223c8) thrown at [D:\src\AOSP-openjdk-cygwin\jdk8u\hotspot\src\share\vm\prims\jni.cpp, line 709]
Event: 3.572 Thread 0x000000000039f000 Exception <a 'sun/nio/fs/WindowsException'> (0x00000000fef228d0) thrown at [D:\src\AOSP-openjdk-cygwin\jdk8u\hotspot\src\share\vm\prims\jni.cpp, line 709]
Event: 3.577 Thread 0x000000000039f000 Exception <a 'sun/nio/fs/WindowsException'> (0x00000000fefc0dd0) thrown at [D:\src\AOSP-openjdk-cygwin\jdk8u\hotspot\src\share\vm\prims\jni.cpp, line 709]
Event: 3.577 Thread 0x000000000039f000 Exception <a 'sun/nio/fs/WindowsException'> (0x00000000fefc12d8) thrown at [D:\src\AOSP-openjdk-cygwin\jdk8u\hotspot\src\share\vm\prims\jni.cpp, line 709]
Event: 3.596 Thread 0x000000000039f000 Exception <a 'sun/nio/fs/WindowsException'> (0x00000000ff240d58) thrown at [D:\src\AOSP-openjdk-cygwin\jdk8u\hotspot\src\share\vm\prims\jni.cpp, line 709]
Event: 3.596 Thread 0x000000000039f000 Exception <a 'sun/nio/fs/WindowsException'> (0x00000000ff241260) thrown at [D:\src\AOSP-openjdk-cygwin\jdk8u\hotspot\src\share\vm\prims\jni.cpp, line 709]

Events (10 events):
Event: 3.593 Thread 0x000000000039f000 Uncommon trap: trap_request=0xffffff65 fr.pc=0x00000000027fb5b8
Event: 3.593 Thread 0x000000000039f000 DEOPT PACKING pc=0x00000000027fb5b8 sp=0x000000000210e910
Event: 3.593 Thread 0x000000000039f000 DEOPT UNPACKING pc=0x000000000242556a sp=0x000000000210e788 mode 2
Event: 3.593 Thread 0x000000000039f000 Uncommon trap: trap_request=0xffffff65 fr.pc=0x00000000027a32b0
Event: 3.593 Thread 0x000000000039f000 DEOPT PACKING pc=0x00000000027a32b0 sp=0x000000000210e810
Event: 3.593 Thread 0x000000000039f000 DEOPT UNPACKING pc=0x000000000242556a sp=0x000000000210e7a0 mode 2
Event: 3.594 Thread 0x000000000039f000 DEOPT PACKING pc=0x0000000002699ca5 sp=0x000000000210e7e0
Event: 3.594 Thread 0x000000000039f000 DEOPT UNPACKING pc=0x00000000024275bf sp=0x000000000210e790 mode 0
Event: 3.661 Thread 0x000000000039f000 DEOPT PACKING pc=0x0000000002716c86 sp=0x000000000210ea50
Event: 3.661 Thread 0x000000000039f000 DEOPT UNPACKING pc=0x00000000024275bf sp=0x000000000210e7e0 mode 0


Dynamic libraries:
0x000000013fe50000 - 0x000000013fe81000 	C:\Program Files\Android\Android Studio\jre\bin\java.exe
0x0000000077320000 - 0x00000000774bf000 	C:\Windows\SYSTEM32\ntdll.dll
0x0000000077100000 - 0x000000007721f000 	C:\Windows\system32\kernel32.dll
0x000007fefd290000 - 0x000007fefd2fa000 	C:\Windows\system32\KERNELBASE.dll
0x000007fefdf90000 - 0x000007fefe06b000 	C:\Windows\system32\ADVAPI32.dll
0x000007feff2f0000 - 0x000007feff38f000 	C:\Windows\system32\msvcrt.dll
0x000007fefe540000 - 0x000007fefe55f000 	C:\Windows\SYSTEM32\sechost.dll
0x000007fefd730000 - 0x000007fefd85d000 	C:\Windows\system32\RPCRT4.dll
0x0000000077220000 - 0x000000007731a000 	C:\Windows\system32\USER32.dll
0x000007fefda70000 - 0x000007fefdad7000 	C:\Windows\system32\GDI32.dll
0x000007fefe530000 - 0x000007fefe53e000 	C:\Windows\system32\LPK.dll
0x000007fefdec0000 - 0x000007fefdf8b000 	C:\Windows\system32\USP10.dll
0x000007fefb3c0000 - 0x000007fefb5b4000 	C:\Windows\WinSxS\amd64_microsoft.windows.common-controls_6595b64144ccf1df_6.0.7601.23403_none_e36ad4593102f066\COMCTL32.dll
0x000007fefde40000 - 0x000007fefdeb1000 	C:\Windows\system32\SHLWAPI.dll
0x000007fefde10000 - 0x000007fefde3e000 	C:\Windows\system32\IMM32.DLL
0x000007fefe420000 - 0x000007fefe529000 	C:\Windows\system32\MSCTF.dll
0x000007fefcf30000 - 0x000007fefcf60000 	C:\Windows\system32\nvinitx.dll
0x000007fefcf20000 - 0x000007fefcf2c000 	C:\Windows\system32\VERSION.dll
0x000007fefd280000 - 0x000007fefd285000 	C:\Windows\system32\api-ms-win-downlevel-advapi32-l1-1-0.dll
0x000007fefcdc0000 - 0x000007fefcde5000 	C:\Windows\system32\SspiCli.dll
0x00000000639c0000 - 0x0000000063a92000 	C:\Program Files\Android\Android Studio\jre\jre\bin\msvcr100.dll
0x000000005da80000 - 0x000000005e2be000 	C:\Program Files\Android\Android Studio\jre\jre\bin\server\jvm.dll
0x000007fef91f0000 - 0x000007fef91f9000 	C:\Windows\system32\WSOCK32.dll
0x000007fefdce0000 - 0x000007fefdd2d000 	C:\Windows\system32\WS2_32.dll
0x000007fefd720000 - 0x000007fefd728000 	C:\Windows\system32\NSI.dll
0x000007fefab60000 - 0x000007fefab9b000 	C:\Windows\system32\WINMM.dll
0x00000000774c0000 - 0x00000000774c7000 	C:\Windows\system32\PSAPI.DLL
0x000007feedd60000 - 0x000007feedd6f000 	C:\Program Files\Android\Android Studio\jre\jre\bin\verify.dll
0x000007feed990000 - 0x000007feed9b9000 	C:\Program Files\Android\Android Studio\jre\jre\bin\java.dll
0x000007fee8980000 - 0x000007fee8996000 	C:\Program Files\Android\Android Studio\jre\jre\bin\zip.dll
0x000007fefe560000 - 0x000007feff2eb000 	C:\Windows\system32\SHELL32.dll
0x000007fefdae0000 - 0x000007fefdcdd000 	C:\Windows\system32\ole32.dll
0x000007fefcff0000 - 0x000007fefcfff000 	C:\Windows\system32\profapi.dll
0x000007fefc7e0000 - 0x000007fefc7f8000 	C:\Windows\system32\CRYPTSP.dll
0x000007fefc4e0000 - 0x000007fefc527000 	C:\Windows\system32\rsaenh.dll
0x000007fefd1d0000 - 0x000007fefd1ef000 	C:\Windows\system32\USERENV.dll
0x000007fefce50000 - 0x000007fefce5f000 	C:\Windows\system32\CRYPTBASE.dll
0x000007fee8960000 - 0x000007fee897a000 	C:\Program Files\Android\Android Studio\jre\jre\bin\net.dll
0x000007fefc780000 - 0x000007fefc7d5000 	C:\Windows\system32\mswsock.dll
0x000007fefc770000 - 0x000007fefc777000 	C:\Windows\System32\wship6.dll
0x000007fefa6b0000 - 0x000007fefa6d7000 	C:\Windows\system32\IPHLPAPI.DLL
0x000007fefa6a0000 - 0x000007fefa6ab000 	C:\Windows\system32\WINNSI.DLL
0x000007fefa250000 - 0x000007fefa261000 	C:\Windows\system32\dhcpcsvc6.DLL
0x000007fefa230000 - 0x000007fefa248000 	C:\Windows\system32\dhcpcsvc.DLL
0x000007fee8710000 - 0x000007fee8721000 	C:\Program Files\Android\Android Studio\jre\jre\bin\nio.dll

VM Arguments:
jvm_args: -Djava.awt.headless=true -Xmx64M -Dfile.encoding=windows-1252 -Duser.country=US -Duser.language=en -Duser.variant 
java_command: com.google.devtools.build.android.desugar.Desugar @C:\Users\zhli\workspace\ReUnite\app\build\intermediates\tmp\desugar_args978798813035326965
java_class_path (initial): C:\Users\zhli\AppData\Local\Temp\3\desugar_deploy.jar3862804513960915086
Launcher Type: SUN_STANDARD

Environment Variables:
JAVA_HOME=C:\Program Files\Java\jdk1.8.0_131
PATH=C:\ProgramData\Oracle\Java\javapath;C:\Windows\system32;C:\Windows;C:\Windows\System32\Wbem;C:\Windows\System32\WindowsPowerShell\v1.0\;C:\Program Files\Java\jdk1.8.0_131\bin;C:\Program Files\ActivIdentity\ActivClient\;C:\Program Files (x86)\ActivIdentity\ActivClient\;C:\Program Files\VanDyke Software\Clients\;C:\Program Files\TortoiseSVN\bin;C:\Program Files\nodejs\;C:\Windows\System32\WindowsPowerShell\v1.0\;C:\Windows\System32\WindowsPowerShell\v1.0\;C:\Program Files\Git\cmd;C:\Program Files (x86)\GtkSharp\2.12\bin;C:\Users\zhli\AppData\Roaming\npm;C:\Users\zhli\AppData\Local\atom\bin;C:\Users\zhli\Bin\flutter\bin;
USERNAME=zhli
OS=Windows_NT
PROCESSOR_IDENTIFIER=Intel64 Family 6 Model 94 Stepping 3, GenuineIntel



---------------  S Y S T E M  ---------------

OS: Windows 7 , 64 bit Build 7601 (6.1.7601.24024)

CPU:total 8 (initial active 8) (4 cores per cpu, 2 threads per core) family 6 model 94 stepping 3, cmov, cx8, fxsr, mmx, sse, sse2, sse3, ssse3, sse4.1, sse4.2, popcnt, avx, avx2, aes, clmul, erms, rtm, 3dnowpref, lzcnt, ht, tsc, tscinvbit, bmi1, bmi2, adx

Memory: 4k page, physical 16701228k(201764k free), swap 20893656k(4928k free)

vm_info: OpenJDK 64-Bit Server VM (25.152-b01) for windows-amd64 JRE (1.8.0_152-release-915-b01), built by "builder" with MS VC++ 10.0 (VS2010)

time: Mon Mar 12 14:28:00 2018
elapsed time: 3 seconds (0d 0h 0m 3s)

