#
# There is insufficient memory for the Java Runtime Environment to continue.
# Native memory allocation (malloc) failed to allocate 342576 bytes for Chunk::new
# Possible reasons:
#   The system is out of physical RAM or swap space
#   In 32 bit mode, the process size limit was hit
# Possible solutions:
#   Reduce memory load on the system
#   Increase physical memory or swap space
#   Check if swap backing store is full
#   Use 64 bit Java on a 64 bit OS
#   Decrease Java heap size (-Xmx/-Xms)
#   Decrease number of Java threads
#   Decrease Java thread stack sizes (-Xss)
#   Set larger code cache with -XX:ReservedCodeCacheSize=
# This output file may be truncated or incomplete.
#
#  Out of Memory Error (allocation.cpp:390), pid=5664, tid=0x000000000000272c
#
# JRE version: OpenJDK Runtime Environment (8.0_152-b01) (build 1.8.0_152-release-915-b01)
# Java VM: OpenJDK 64-Bit Server VM (25.152-b01 mixed mode windows-amd64 compressed oops)
# Failed to write core dump. Minidumps are not enabled by default on client versions of Windows
#

---------------  T H R E A D  ---------------

Current thread (0x00000000540e0000):  JavaThread "C2 CompilerThread2" daemon [_thread_in_native, id=10028, stack(0x0000000055a90000,0x0000000055b90000)]

Stack: [0x0000000055a90000,0x0000000055b90000]
[error occurred during error reporting (printing stack bounds), id 0xc0000005]

Native frames: (J=compiled Java code, j=interpreted, Vv=VM code, C=native code)


Current CompileTask:
C2:   2492  783       4       org.objectweb.asm.MethodVisitor::visitMethodInsn (68 bytes)


---------------  P R O C E S S  ---------------

Java Threads: ( => current thread )
  0x000000005415a000 JavaThread "Service Thread" daemon [_thread_blocked, id=4700, stack(0x0000000055c10000,0x0000000055d10000)]
  0x0000000054122800 JavaThread "C1 CompilerThread3" daemon [_thread_in_native, id=9376, stack(0x0000000055950000,0x0000000055a50000)]
=>0x00000000540e0000 JavaThread "C2 CompilerThread2" daemon [_thread_in_native, id=10028, stack(0x0000000055a90000,0x0000000055b90000)]
  0x00000000540d4800 JavaThread "C2 CompilerThread1" daemon [_thread_in_native, id=1092, stack(0x00000000555f0000,0x00000000556f0000)]
  0x00000000540ce800 JavaThread "C2 CompilerThread0" daemon [_thread_in_native, id=8552, stack(0x00000000557d0000,0x00000000558d0000)]
  0x00000000540cd000 JavaThread "Attach Listener" daemon [_thread_blocked, id=10312, stack(0x00000000554f0000,0x00000000555f0000)]
  0x00000000540cb800 JavaThread "Signal Dispatcher" daemon [_thread_blocked, id=5952, stack(0x00000000553d0000,0x00000000554d0000)]
  0x000000005312c000 JavaThread "Finalizer" daemon [_thread_blocked, id=8568, stack(0x00000000552b0000,0x00000000553b0000)]
  0x0000000053125000 JavaThread "Reference Handler" daemon [_thread_blocked, id=12284, stack(0x0000000055170000,0x0000000055270000)]
  0x0000000001e7f000 JavaThread "main" [_thread_in_Java, id=11168, stack(0x0000000001f00000,0x0000000002000000)]

Other Threads:
  0x0000000054081800 VMThread [stack: 0x0000000055060000,0x0000000055160000] [id=7296]
  0x000000005415c800 WatcherThread [stack: 0x0000000055d70000,0x0000000055e70000] [id=10040]

VM state:not at safepoint (normal execution)

VM Mutex/Monitor currently owned by a thread: None

Heap:
 PSYoungGen      total 18944K, used 15561K [0x00000000feb00000, 0x0000000100000000, 0x0000000100000000)
  eden space 16384K, 79% used [0x00000000feb00000,0x00000000ff7b4288,0x00000000ffb00000)
  from space 2560K, 99% used [0x00000000ffd80000,0x00000000ffffe1c8,0x0000000100000000)
  to   space 2560K, 0% used [0x00000000ffb00000,0x00000000ffb00000,0x00000000ffd80000)
 ParOldGen       total 44032K, used 5650K [0x00000000fc000000, 0x00000000feb00000, 0x00000000feb00000)
  object space 44032K, 12% used [0x00000000fc000000,0x00000000fc584998,0x00000000feb00000)
 Metaspace       used 7514K, capacity 7724K, committed 7936K, reserved 1056768K
  class space    used 873K, capacity 956K, committed 1024K, reserved 1048576K

Card table byte_map: [0x0000000001ba0000,0x0000000001bd0000] byte_map_base: 0x00000000013c0000

Marking Bits: (ParMarkBitMap*) 0x000000005e243950
 Begin Bits: [0x0000000012540000, 0x0000000012640000)
 End Bits:   [0x0000000012640000, 0x0000000012740000)

Polling page: 0x0000000000350000

CodeCache: size=245760Kb used=3049Kb max_used=3049Kb free=242710Kb
 bounds [0x0000000002370000, 0x0000000002670000, 0x0000000011370000]
 total_blobs=1111 nmethods=780 adapters=245
 compilation: enabled

Compilation events (10 events):
Event: 2.426 Thread 0x0000000054122800 nmethod 770 0x0000000002656590 code [0x0000000002656720, 0x0000000002656bd8]
Event: 2.426 Thread 0x0000000054122800  771       3       org.objectweb.asm.MethodWriter::visitJumpInsn (486 bytes)
Event: 2.427 Thread 0x0000000054122800 nmethod 771 0x0000000002656e10 code [0x0000000002657120, 0x00000000026582c8]
Event: 2.427 Thread 0x0000000054122800  776       3       org.objectweb.asm.tree.MethodNode::accept (916 bytes)
Event: 2.427 Thread 0x00000000540e0000  783       4       org.objectweb.asm.MethodVisitor::visitMethodInsn (68 bytes)
Event: 2.432 Thread 0x00000000540d4800  784       4       java.lang.String::startsWith (7 bytes)
Event: 2.434 Thread 0x00000000540d4800 nmethod 784 0x000000000265b8d0 code [0x000000000265ba20, 0x000000000265bb98]
Event: 2.437 Thread 0x00000000540d4800  790       4       org.objectweb.asm.MethodVisitor::visitInsn (16 bytes)
Event: 2.442 Thread 0x00000000540d4800 nmethod 790 0x0000000002659b90 code [0x0000000002659d00, 0x000000000265a068]
Event: 2.442 Thread 0x00000000540d4800  791  s    4       java.io.BufferedOutputStream::write (35 bytes)

GC Heap History (4 events):
Event: 0.769 GC heap before
{Heap before GC invocations=1 (full 0):
 PSYoungGen      total 18944K, used 16384K [0x00000000feb00000, 0x0000000100000000, 0x0000000100000000)
  eden space 16384K, 100% used [0x00000000feb00000,0x00000000ffb00000,0x00000000ffb00000)
  from space 2560K, 0% used [0x00000000ffd80000,0x00000000ffd80000,0x0000000100000000)
  to   space 2560K, 0% used [0x00000000ffb00000,0x00000000ffb00000,0x00000000ffd80000)
 ParOldGen       total 44032K, used 0K [0x00000000fc000000, 0x00000000feb00000, 0x00000000feb00000)
  object space 44032K, 0% used [0x00000000fc000000,0x00000000fc000000,0x00000000feb00000)
 Metaspace       used 6461K, capacity 6618K, committed 6784K, reserved 1056768K
  class space    used 771K, capacity 823K, committed 896K, reserved 1048576K
Event: 1.080 GC heap after
Heap after GC invocations=1 (full 0):
 PSYoungGen      total 18944K, used 2544K [0x00000000feb00000, 0x0000000100000000, 0x0000000100000000)
  eden space 16384K, 0% used [0x00000000feb00000,0x00000000feb00000,0x00000000ffb00000)
  from space 2560K, 99% used [0x00000000ffb00000,0x00000000ffd7c020,0x00000000ffd80000)
  to   space 2560K, 0% used [0x00000000ffd80000,0x00000000ffd80000,0x0000000100000000)
 ParOldGen       total 44032K, used 1525K [0x00000000fc000000, 0x00000000feb00000, 0x00000000feb00000)
  object space 44032K, 3% used [0x00000000fc000000,0x00000000fc17d490,0x00000000feb00000)
 Metaspace       used 6461K, capacity 6618K, committed 6784K, reserved 1056768K
  class space    used 771K, capacity 823K, committed 896K, reserved 1048576K
}
Event: 1.275 GC heap before
{Heap before GC invocations=2 (full 0):
 PSYoungGen      total 18944K, used 18928K [0x00000000feb00000, 0x0000000100000000, 0x0000000100000000)
  eden space 16384K, 100% used [0x00000000feb00000,0x00000000ffb00000,0x00000000ffb00000)
  from space 2560K, 99% used [0x00000000ffb00000,0x00000000ffd7c020,0x00000000ffd80000)
  to   space 2560K, 0% used [0x00000000ffd80000,0x00000000ffd80000,0x0000000100000000)
 ParOldGen       total 44032K, used 1525K [0x00000000fc000000, 0x00000000feb00000, 0x00000000feb00000)
  object space 44032K, 3% used [0x00000000fc000000,0x00000000fc17d490,0x00000000feb00000)
 Metaspace       used 6897K, capacity 7084K, committed 7296K, reserved 1056768K
  class space    used 822K, capacity 892K, committed 896K, reserved 1048576K
Event: 2.181 GC heap after
Heap after GC invocations=2 (full 0):
 PSYoungGen      total 18944K, used 2552K [0x00000000feb00000, 0x0000000100000000, 0x0000000100000000)
  eden space 16384K, 0% used [0x00000000feb00000,0x00000000feb00000,0x00000000ffb00000)
  from space 2560K, 99% used [0x00000000ffd80000,0x00000000ffffe1c8,0x0000000100000000)
  to   space 2560K, 0% used [0x00000000ffb00000,0x00000000ffb00000,0x00000000ffd80000)
 ParOldGen       total 44032K, used 5650K [0x00000000fc000000, 0x00000000feb00000, 0x00000000feb00000)
  object space 44032K, 12% used [0x00000000fc000000,0x00000000fc584998,0x00000000feb00000)
 Metaspace       used 6897K, capacity 7084K, committed 7296K, reserved 1056768K
  class space    used 822K, capacity 892K, committed 896K, reserved 1048576K
}

Deoptimization events (10 events):
Event: 0.757 Thread 0x0000000001e7f000 Uncommon trap: reason=unstable_if action=reinterpret pc=0x0000000002548018 method=java.util.zip.ZipFile$ZipEntryIterator.hasNext()Z @ 25
Event: 0.757 Thread 0x0000000001e7f000 Uncommon trap: reason=unstable_if action=reinterpret pc=0x0000000002549bd4 method=java.util.zip.ZipCoder.decoder()Ljava/nio/charset/CharsetDecoder; @ 4
Event: 0.757 Thread 0x0000000001e7f000 Uncommon trap: reason=unstable_if action=reinterpret pc=0x0000000002544088 method=java.util.zip.ZipEntry.setExtra0([BZ)V @ 1
Event: 1.097 Thread 0x0000000001e7f000 Uncommon trap: reason=unstable_if action=reinterpret pc=0x00000000025523e4 method=java.util.zip.ZipCoder.decoder()Ljava/nio/charset/CharsetDecoder; @ 4
Event: 1.097 Thread 0x0000000001e7f000 Uncommon trap: reason=unstable_if action=reinterpret pc=0x0000000002558770 method=java.util.zip.ZipCoder.decoder()Ljava/nio/charset/CharsetDecoder; @ 4
Event: 1.097 Thread 0x0000000001e7f000 Uncommon trap: reason=unstable_if action=reinterpret pc=0x000000000254fe80 method=java.util.zip.ZipCoder.decoder()Ljava/nio/charset/CharsetDecoder; @ 4
Event: 1.111 Thread 0x0000000001e7f000 Uncommon trap: reason=unstable_if action=reinterpret pc=0x00000000025653b8 method=java.util.HashMap$HashIterator.nextNode()Ljava/util/HashMap$Node; @ 74
Event: 1.223 Thread 0x0000000001e7f000 Uncommon trap: reason=unloaded action=reinterpret pc=0x0000000002546d2c method=java.util.zip.ZipEntry.setExtra0([BZ)V @ 37
Event: 1.255 Thread 0x0000000001e7f000 Uncommon trap: reason=unstable_if action=reinterpret pc=0x0000000002564ef8 method=java.util.HashMap$HashIterator.nextNode()Ljava/util/HashMap$Node; @ 74
Event: 2.218 Thread 0x0000000001e7f000 Uncommon trap: reason=unstable_if action=reinterpret pc=0x0000000002511928 method=java.lang.String.<init>([CII)V @ 18

Classes redefined (0 events):
No events

Internal exceptions (10 events):
Event: 1.097 Thread 0x0000000001e7f000 Implicit null exception at 0x000000000254f4ad to 0x000000000254fe41
Event: 1.150 Thread 0x0000000001e7f000 Exception <a 'sun/nio/fs/WindowsException'> (0x00000000ff14f6a0) thrown at [D:\src\AOSP-openjdk-cygwin\jdk8u\hotspot\src\share\vm\prims\jni.cpp, line 709]
Event: 1.151 Thread 0x0000000001e7f000 Exception <a 'sun/nio/fs/WindowsException'> (0x00000000ff14fc70) thrown at [D:\src\AOSP-openjdk-cygwin\jdk8u\hotspot\src\share\vm\prims\jni.cpp, line 709]
Event: 1.151 Thread 0x0000000001e7f000 Exception <a 'sun/nio/fs/WindowsException'> (0x00000000ff150250) thrown at [D:\src\AOSP-openjdk-cygwin\jdk8u\hotspot\src\share\vm\prims\jni.cpp, line 709]
Event: 1.151 Thread 0x0000000001e7f000 Exception <a 'sun/nio/fs/WindowsException'> (0x00000000ff150a20) thrown at [D:\src\AOSP-openjdk-cygwin\jdk8u\hotspot\src\share\vm\prims\jni.cpp, line 709]
Event: 1.151 Thread 0x0000000001e7f000 Exception <a 'sun/nio/fs/WindowsException'> (0x00000000ff150fd8) thrown at [D:\src\AOSP-openjdk-cygwin\jdk8u\hotspot\src\share\vm\prims\jni.cpp, line 709]
Event: 1.151 Thread 0x0000000001e7f000 Exception <a 'sun/nio/fs/WindowsException'> (0x00000000ff151798) thrown at [D:\src\AOSP-openjdk-cygwin\jdk8u\hotspot\src\share\vm\prims\jni.cpp, line 709]
Event: 1.157 Thread 0x0000000001e7f000 Exception <a 'sun/nio/fs/WindowsException'> (0x00000000ff156c50) thrown at [D:\src\AOSP-openjdk-cygwin\jdk8u\hotspot\src\share\vm\prims\jni.cpp, line 709]
Event: 1.264 Thread 0x0000000001e7f000 Exception <a 'sun/nio/fs/WindowsException'> (0x00000000ffabae48) thrown at [D:\src\AOSP-openjdk-cygwin\jdk8u\hotspot\src\share\vm\prims\jni.cpp, line 709]
Event: 1.264 Thread 0x0000000001e7f000 Exception <a 'sun/nio/fs/WindowsException'> (0x00000000ffabb3d0) thrown at [D:\src\AOSP-openjdk-cygwin\jdk8u\hotspot\src\share\vm\prims\jni.cpp, line 709]

Events (10 events):
Event: 2.244 loading class org/objectweb/asm/Opcodes
Event: 2.244 loading class org/objectweb/asm/Opcodes done
Event: 2.298 Thread 0x0000000001e7f000 DEOPT PACKING pc=0x00000000025bf7b1 sp=0x0000000001ffe730
Event: 2.298 Thread 0x0000000001e7f000 DEOPT UNPACKING pc=0x00000000023b75bf sp=0x0000000001ffe488 mode 0
Event: 2.439 loading class com/google/devtools/build/android/desugar/FieldInfo
Event: 2.439 loading class com/google/devtools/build/android/desugar/FieldInfo done
Event: 2.439 loading class com/google/devtools/build/android/desugar/AutoValue_FieldInfo
Event: 2.439 loading class com/google/devtools/build/android/desugar/AutoValue_FieldInfo done
Event: 2.440 loading class com/google/devtools/build/android/desugar/Java7Compatibility$InlineOneMethod
Event: 2.440 loading class com/google/devtools/build/android/desugar/Java7Compatibility$InlineOneMethod done


Dynamic libraries:
0x000000013fe50000 - 0x000000013fe81000 	C:\Program Files\Android\Android Studio\jre\bin\java.exe
0x0000000077320000 - 0x00000000774bf000 	C:\Windows\SYSTEM32\ntdll.dll
0x0000000077100000 - 0x000000007721f000 	C:\Windows\system32\kernel32.dll
0x000007fefd290000 - 0x000007fefd2fa000 	C:\Windows\system32\KERNELBASE.dll
0x000007fefdf90000 - 0x000007fefe06b000 	C:\Windows\system32\ADVAPI32.dll
0x000007feff2f0000 - 0x000007feff38f000 	C:\Windows\system32\msvcrt.dll
0x000007fefe540000 - 0x000007fefe55f000 	C:\Windows\SYSTEM32\sechost.dll
0x000007fefd730000 - 0x000007fefd85d000 	C:\Windows\system32\RPCRT4.dll
0x0000000077220000 - 0x000000007731a000 	C:\Windows\system32\USER32.dll
0x000007fefda70000 - 0x000007fefdad7000 	C:\Windows\system32\GDI32.dll
0x000007fefe530000 - 0x000007fefe53e000 	C:\Windows\system32\LPK.dll
0x000007fefdec0000 - 0x000007fefdf8b000 	C:\Windows\system32\USP10.dll
0x000007fefb3c0000 - 0x000007fefb5b4000 	C:\Windows\WinSxS\amd64_microsoft.windows.common-controls_6595b64144ccf1df_6.0.7601.23403_none_e36ad4593102f066\COMCTL32.dll
0x000007fefde40000 - 0x000007fefdeb1000 	C:\Windows\system32\SHLWAPI.dll
0x000007fefde10000 - 0x000007fefde3e000 	C:\Windows\system32\IMM32.DLL
0x000007fefe420000 - 0x000007fefe529000 	C:\Windows\system32\MSCTF.dll
0x000007fefcf30000 - 0x000007fefcf60000 	C:\Windows\system32\nvinitx.dll
0x000007fefcf20000 - 0x000007fefcf2c000 	C:\Windows\system32\VERSION.dll
0x000007fefd280000 - 0x000007fefd285000 	C:\Windows\system32\api-ms-win-downlevel-advapi32-l1-1-0.dll
0x000007fefcdc0000 - 0x000007fefcde5000 	C:\Windows\system32\SspiCli.dll
0x00000000639c0000 - 0x0000000063a92000 	C:\Program Files\Android\Android Studio\jre\jre\bin\msvcr100.dll
0x000000005da80000 - 0x000000005e2be000 	C:\Program Files\Android\Android Studio\jre\jre\bin\server\jvm.dll
0x000007fef91f0000 - 0x000007fef91f9000 	C:\Windows\system32\WSOCK32.dll
0x000007fefdce0000 - 0x000007fefdd2d000 	C:\Windows\system32\WS2_32.dll
0x000007fefd720000 - 0x000007fefd728000 	C:\Windows\system32\NSI.dll
0x000007fefab60000 - 0x000007fefab9b000 	C:\Windows\system32\WINMM.dll
0x00000000774c0000 - 0x00000000774c7000 	C:\Windows\system32\PSAPI.DLL
0x000007feedd60000 - 0x000007feedd6f000 	C:\Program Files\Android\Android Studio\jre\jre\bin\verify.dll
0x000007feed990000 - 0x000007feed9b9000 	C:\Program Files\Android\Android Studio\jre\jre\bin\java.dll
0x000007fee8980000 - 0x000007fee8996000 	C:\Program Files\Android\Android Studio\jre\jre\bin\zip.dll
0x000007fefe560000 - 0x000007feff2eb000 	C:\Windows\system32\SHELL32.dll
0x000007fefdae0000 - 0x000007fefdcdd000 	C:\Windows\system32\ole32.dll
0x000007fefcff0000 - 0x000007fefcfff000 	C:\Windows\system32\profapi.dll
0x000007fefc7e0000 - 0x000007fefc7f8000 	C:\Windows\system32\CRYPTSP.dll
0x000007fefc4e0000 - 0x000007fefc527000 	C:\Windows\system32\rsaenh.dll
0x000007fefd1d0000 - 0x000007fefd1ef000 	C:\Windows\system32\USERENV.dll
0x000007fefce50000 - 0x000007fefce5f000 	C:\Windows\system32\CRYPTBASE.dll
0x000007fee8960000 - 0x000007fee897a000 	C:\Program Files\Android\Android Studio\jre\jre\bin\net.dll
0x000007fefc780000 - 0x000007fefc7d5000 	C:\Windows\system32\mswsock.dll
0x000007fefc770000 - 0x000007fefc777000 	C:\Windows\System32\wship6.dll
0x000007fefa6b0000 - 0x000007fefa6d7000 	C:\Windows\system32\IPHLPAPI.DLL
0x000007fefa6a0000 - 0x000007fefa6ab000 	C:\Windows\system32\WINNSI.DLL
0x000007fefa250000 - 0x000007fefa261000 	C:\Windows\system32\dhcpcsvc6.DLL
0x000007fefa230000 - 0x000007fefa248000 	C:\Windows\system32\dhcpcsvc.DLL
0x000007fee8710000 - 0x000007fee8721000 	C:\Program Files\Android\Android Studio\jre\jre\bin\nio.dll

VM Arguments:
jvm_args: -Djava.awt.headless=true -Xmx64M -Dfile.encoding=windows-1252 -Duser.country=US -Duser.language=en -Duser.variant 
java_command: com.google.devtools.build.android.desugar.Desugar @C:\Users\zhli\workspace\ReUnite\app\build\intermediates\tmp\desugar_args3150080678940032830
java_class_path (initial): C:\Users\zhli\AppData\Local\Temp\3\desugar_deploy.jar3862804513960915086
Launcher Type: SUN_STANDARD

Environment Variables:
JAVA_HOME=C:\Program Files\Java\jdk1.8.0_131
PATH=C:\ProgramData\Oracle\Java\javapath;C:\Windows\system32;C:\Windows;C:\Windows\System32\Wbem;C:\Windows\System32\WindowsPowerShell\v1.0\;C:\Program Files\Java\jdk1.8.0_131\bin;C:\Program Files\ActivIdentity\ActivClient\;C:\Program Files (x86)\ActivIdentity\ActivClient\;C:\Program Files\VanDyke Software\Clients\;C:\Program Files\TortoiseSVN\bin;C:\Program Files\nodejs\;C:\Windows\System32\WindowsPowerShell\v1.0\;C:\Windows\System32\WindowsPowerShell\v1.0\;C:\Program Files\Git\cmd;C:\Program Files (x86)\GtkSharp\2.12\bin;C:\Users\zhli\AppData\Roaming\npm;C:\Users\zhli\AppData\Local\atom\bin;C:\Users\zhli\Bin\flutter\bin;
USERNAME=zhli
OS=Windows_NT
PROCESSOR_IDENTIFIER=Intel64 Family 6 Model 94 Stepping 3, GenuineIntel



---------------  S Y S T E M  ---------------

OS: Windows 7 , 64 bit Build 7601 (6.1.7601.24024)

CPU:total 8 (initial active 8) (4 cores per cpu, 2 threads per core) family 6 model 94 stepping 3, cmov, cx8, fxsr, mmx, sse, sse2, sse3, ssse3, sse4.1, sse4.2, popcnt, avx, avx2, aes, clmul, erms, rtm, 3dnowpref, lzcnt, ht, tsc, tscinvbit, bmi1, bmi2, adx

Memory: 4k page, physical 16701228k(144504k free), swap 20893656k(4012k free)

vm_info: OpenJDK 64-Bit Server VM (25.152-b01) for windows-amd64 JRE (1.8.0_152-release-915-b01), built by "builder" with MS VC++ 10.0 (VS2010)

time: Mon Mar 12 14:24:53 2018
elapsed time: 2 seconds (0d 0h 0m 2s)

