#
# There is insufficient memory for the Java Runtime Environment to continue.
# Native memory allocation (malloc) failed to allocate 65552 bytes for Chunk::new
# Possible reasons:
#   The system is out of physical RAM or swap space
#   In 32 bit mode, the process size limit was hit
# Possible solutions:
#   Reduce memory load on the system
#   Increase physical memory or swap space
#   Check if swap backing store is full
#   Use 64 bit Java on a 64 bit OS
#   Decrease Java heap size (-Xmx/-Xms)
#   Decrease number of Java threads
#   Decrease Java thread stack sizes (-Xss)
#   Set larger code cache with -XX:ReservedCodeCacheSize=
# This output file may be truncated or incomplete.
#
#  Out of Memory Error (allocation.cpp:390), pid=8552, tid=0x000000000000203c
#
# JRE version: OpenJDK Runtime Environment (8.0_152-b01) (build 1.8.0_152-release-915-b01)
# Java VM: OpenJDK 64-Bit Server VM (25.152-b01 mixed mode windows-amd64 compressed oops)
# Failed to write core dump. Minidumps are not enabled by default on client versions of Windows
#

---------------  T H R E A D  ---------------

Current thread (0x0000000053fee000):  JavaThread "C2 CompilerThread2" daemon [_thread_in_native, id=8252, stack(0x0000000055540000,0x0000000055640000)]

Stack: [0x0000000055540000,0x0000000055640000]
[error occurred during error reporting (printing stack bounds), id 0xc0000005]

Native frames: (J=compiled Java code, j=interpreted, Vv=VM code, C=native code)


Current CompileTask:
C2:   3497 1082       4       org.objectweb.asm.tree.FieldInsnNode::accept (26 bytes)


---------------  P R O C E S S  ---------------

Java Threads: ( => current thread )
  0x0000000054060800 JavaThread "Service Thread" daemon [_thread_blocked, id=9084, stack(0x0000000055b60000,0x0000000055c60000)]
  0x0000000054009000 JavaThread "C1 CompilerThread3" daemon [_thread_blocked, id=8284, stack(0x00000000559f0000,0x0000000055af0000)]
=>0x0000000053fee000 JavaThread "C2 CompilerThread2" daemon [_thread_in_native, id=8252, stack(0x0000000055540000,0x0000000055640000)]
  0x0000000053fdb000 JavaThread "C2 CompilerThread1" daemon [_thread_in_native, id=11304, stack(0x00000000557d0000,0x00000000558d0000)]
  0x0000000053fcb000 JavaThread "C2 CompilerThread0" daemon [_thread_in_native, id=11404, stack(0x0000000055660000,0x0000000055760000)]
  0x0000000053fca000 JavaThread "Attach Listener" daemon [_thread_blocked, id=7476, stack(0x0000000055320000,0x0000000055420000)]
  0x0000000053fc9000 JavaThread "Signal Dispatcher" daemon [_thread_blocked, id=2840, stack(0x0000000055420000,0x0000000055520000)]
  0x000000005302e800 JavaThread "Finalizer" daemon [_thread_blocked, id=5404, stack(0x0000000055200000,0x0000000055300000)]
  0x0000000053027800 JavaThread "Reference Handler" daemon [_thread_blocked, id=9508, stack(0x0000000054f20000,0x0000000055020000)]
  0x0000000001ecf000 JavaThread "main" [_thread_in_native, id=7444, stack(0x0000000001fe0000,0x00000000020e0000)]

Other Threads:
  0x000000005301e800 VMThread [stack: 0x0000000055050000,0x0000000055150000] [id=5632]
  0x0000000054062800 WatcherThread [stack: 0x0000000055d00000,0x0000000055e00000] [id=11676]

VM state:not at safepoint (normal execution)

VM Mutex/Monitor currently owned by a thread: None

Heap:
 PSYoungGen      total 18944K, used 18724K [0x00000000feb00000, 0x0000000100000000, 0x0000000100000000)
  eden space 16384K, 98% used [0x00000000feb00000,0x00000000ffacfc98,0x00000000ffb00000)
  from space 2560K, 98% used [0x00000000ffb00000,0x00000000ffd79540,0x00000000ffd80000)
  to   space 2560K, 0% used [0x00000000ffd80000,0x00000000ffd80000,0x0000000100000000)
 ParOldGen       total 44032K, used 6504K [0x00000000fc000000, 0x00000000feb00000, 0x00000000feb00000)
  object space 44032K, 14% used [0x00000000fc000000,0x00000000fc65a360,0x00000000feb00000)
 Metaspace       used 7714K, capacity 7916K, committed 8192K, reserved 1056768K
  class space    used 875K, capacity 956K, committed 1024K, reserved 1048576K

Card table byte_map: [0x0000000000390000,0x00000000003c0000] byte_map_base: 0xffffffffffbb0000

Marking Bits: (ParMarkBitMap*) 0x000000005e243950
 Begin Bits: [0x0000000012440000, 0x0000000012540000)
 End Bits:   [0x0000000012540000, 0x0000000012640000)

Polling page: 0x0000000000340000

CodeCache: size=245760Kb used=4369Kb max_used=4369Kb free=241390Kb
 bounds [0x00000000023b0000, 0x0000000002800000, 0x00000000113b0000]
 total_blobs=1545 nmethods=1213 adapters=245
 compilation: enabled

Compilation events (10 events):
Event: 3.085 Thread 0x0000000054009000 1079       3       org.objectweb.asm.MethodVisitor::visitFieldInsn (20 bytes)
Event: 3.085 Thread 0x0000000054009000 nmethod 1079 0x0000000002793950 code [0x0000000002793ac0, 0x0000000002793d08]
Event: 3.085 Thread 0x0000000054009000 1078       3       org.objectweb.asm.MethodVisitor::visitIincInsn (17 bytes)
Event: 3.087 Thread 0x0000000054009000 nmethod 1078 0x00000000027934d0 code [0x0000000002793640, 0x0000000002793888]
Event: 3.088 Thread 0x0000000053fee000 nmethod 1077 0x0000000002798190 code [0x0000000002798320, 0x0000000002798bd0]
Event: 3.089 Thread 0x0000000053fee000 1080       4       java.util.ArrayList::get (11 bytes)
Event: 3.089 Thread 0x0000000053fee000 nmethod 1080 0x0000000002791a10 code [0x0000000002791b40, 0x0000000002791bf8]
Event: 3.095 Thread 0x0000000053fee000 1081       4       org.objectweb.asm.tree.MethodNode::visitFieldInsn (20 bytes)
Event: 3.096 Thread 0x0000000053fee000 nmethod 1081 0x0000000002799490 code [0x00000000027995e0, 0x0000000002799758]
Event: 3.096 Thread 0x0000000053fee000 1082       4       org.objectweb.asm.tree.FieldInsnNode::accept (26 bytes)

GC Heap History (6 events):
Event: 0.440 GC heap before
{Heap before GC invocations=1 (full 0):
 PSYoungGen      total 18944K, used 16384K [0x00000000feb00000, 0x0000000100000000, 0x0000000100000000)
  eden space 16384K, 100% used [0x00000000feb00000,0x00000000ffb00000,0x00000000ffb00000)
  from space 2560K, 0% used [0x00000000ffd80000,0x00000000ffd80000,0x0000000100000000)
  to   space 2560K, 0% used [0x00000000ffb00000,0x00000000ffb00000,0x00000000ffd80000)
 ParOldGen       total 44032K, used 0K [0x00000000fc000000, 0x00000000feb00000, 0x00000000feb00000)
  object space 44032K, 0% used [0x00000000fc000000,0x00000000fc000000,0x00000000feb00000)
 Metaspace       used 6490K, capacity 6682K, committed 6784K, reserved 1056768K
  class space    used 771K, capacity 823K, committed 896K, reserved 1048576K
Event: 0.449 GC heap after
Heap after GC invocations=1 (full 0):
 PSYoungGen      total 18944K, used 2544K [0x00000000feb00000, 0x0000000100000000, 0x0000000100000000)
  eden space 16384K, 0% used [0x00000000feb00000,0x00000000feb00000,0x00000000ffb00000)
  from space 2560K, 99% used [0x00000000ffb00000,0x00000000ffd7c020,0x00000000ffd80000)
  to   space 2560K, 0% used [0x00000000ffd80000,0x00000000ffd80000,0x0000000100000000)
 ParOldGen       total 44032K, used 1516K [0x00000000fc000000, 0x00000000feb00000, 0x00000000feb00000)
  object space 44032K, 3% used [0x00000000fc000000,0x00000000fc17b060,0x00000000feb00000)
 Metaspace       used 6490K, capacity 6682K, committed 6784K, reserved 1056768K
  class space    used 771K, capacity 823K, committed 896K, reserved 1048576K
}
Event: 0.750 GC heap before
{Heap before GC invocations=2 (full 0):
 PSYoungGen      total 18944K, used 18926K [0x00000000feb00000, 0x0000000100000000, 0x0000000100000000)
  eden space 16384K, 99% used [0x00000000feb00000,0x00000000ffaffaa8,0x00000000ffb00000)
  from space 2560K, 99% used [0x00000000ffb00000,0x00000000ffd7c020,0x00000000ffd80000)
  to   space 2560K, 0% used [0x00000000ffd80000,0x00000000ffd80000,0x0000000100000000)
 ParOldGen       total 44032K, used 1516K [0x00000000fc000000, 0x00000000feb00000, 0x00000000feb00000)
  object space 44032K, 3% used [0x00000000fc000000,0x00000000fc17b060,0x00000000feb00000)
 Metaspace       used 6897K, capacity 7084K, committed 7296K, reserved 1056768K
  class space    used 820K, capacity 892K, committed 896K, reserved 1048576K
Event: 1.266 GC heap after
Heap after GC invocations=2 (full 0):
 PSYoungGen      total 18944K, used 2552K [0x00000000feb00000, 0x0000000100000000, 0x0000000100000000)
  eden space 16384K, 0% used [0x00000000feb00000,0x00000000feb00000,0x00000000ffb00000)
  from space 2560K, 99% used [0x00000000ffd80000,0x00000000ffffe208,0x0000000100000000)
  to   space 2560K, 0% used [0x00000000ffb00000,0x00000000ffb00000,0x00000000ffd80000)
 ParOldGen       total 44032K, used 5649K [0x00000000fc000000, 0x00000000feb00000, 0x00000000feb00000)
  object space 44032K, 12% used [0x00000000fc000000,0x00000000fc5845a0,0x00000000feb00000)
 Metaspace       used 6897K, capacity 7084K, committed 7296K, reserved 1056768K
  class space    used 820K, capacity 892K, committed 896K, reserved 1048576K
}
Event: 2.620 GC heap before
{Heap before GC invocations=3 (full 0):
 PSYoungGen      total 18944K, used 18936K [0x00000000feb00000, 0x0000000100000000, 0x0000000100000000)
  eden space 16384K, 100% used [0x00000000feb00000,0x00000000ffb00000,0x00000000ffb00000)
  from space 2560K, 99% used [0x00000000ffd80000,0x00000000ffffe208,0x0000000100000000)
  to   space 2560K, 0% used [0x00000000ffb00000,0x00000000ffb00000,0x00000000ffd80000)
 ParOldGen       total 44032K, used 5649K [0x00000000fc000000, 0x00000000feb00000, 0x00000000feb00000)
  object space 44032K, 12% used [0x00000000fc000000,0x00000000fc5845a0,0x00000000feb00000)
 Metaspace       used 7576K, capacity 7724K, committed 7936K, reserved 1056768K
  class space    used 873K, capacity 956K, committed 1024K, reserved 1048576K
Event: 2.767 GC heap after
Heap after GC invocations=3 (full 0):
 PSYoungGen      total 18944K, used 2533K [0x00000000feb00000, 0x0000000100000000, 0x0000000100000000)
  eden space 16384K, 0% used [0x00000000feb00000,0x00000000feb00000,0x00000000ffb00000)
  from space 2560K, 98% used [0x00000000ffb00000,0x00000000ffd79540,0x00000000ffd80000)
  to   space 2560K, 0% used [0x00000000ffd80000,0x00000000ffd80000,0x0000000100000000)
 ParOldGen       total 44032K, used 6176K [0x00000000fc000000, 0x00000000feb00000, 0x00000000feb00000)
  object space 44032K, 14% used [0x00000000fc000000,0x00000000fc608360,0x00000000feb00000)
 Metaspace       used 7576K, capacity 7724K, committed 7936K, reserved 1056768K
  class space    used 873K, capacity 956K, committed 1024K, reserved 1048576K
}

Deoptimization events (10 events):
Event: 1.712 Thread 0x0000000001ecf000 Uncommon trap: reason=bimorphic action=maybe_recompile pc=0x000000000270ec74 method=org.objectweb.asm.MethodVisitor.visitInsn(I)V @ 12
Event: 1.712 Thread 0x0000000001ecf000 Uncommon trap: reason=bimorphic action=maybe_recompile pc=0x000000000270ec74 method=org.objectweb.asm.MethodVisitor.visitInsn(I)V @ 12
Event: 1.715 Thread 0x0000000001ecf000 Uncommon trap: reason=unstable_if action=reinterpret pc=0x00000000026a30ec method=org.objectweb.asm.Type.getArgumentsAndReturnSizes(Ljava/lang/String;)I @ 41
Event: 1.789 Thread 0x0000000001ecf000 Uncommon trap: reason=null_check action=make_not_entrant pc=0x0000000002733e84 method=com.google.devtools.build.android.desugar.InterfaceDesugaring$InterfaceInvocationRewriter.visitMethodInsn(ILjava/lang/String;Ljava/lang/String;Ljava/lang/String;Z)V @ 10
Event: 1.799 Thread 0x0000000001ecf000 Uncommon trap: reason=unstable_if action=reinterpret pc=0x000000000273800c method=org.objectweb.asm.Type.getArgumentsAndReturnSizes(Ljava/lang/String;)I @ 41
Event: 1.820 Thread 0x0000000001ecf000 Uncommon trap: reason=unstable_if action=reinterpret pc=0x000000000270ce58 method=java.io.BufferedOutputStream.write(I)V @ 9
Event: 1.826 Thread 0x0000000001ecf000 Uncommon trap: reason=unstable_if action=reinterpret pc=0x000000000271e218 method=org.objectweb.asm.MethodWriter.visitVarInsn(II)V @ 148
Event: 1.851 Thread 0x0000000001ecf000 Uncommon trap: reason=unstable_if action=reinterpret pc=0x00000000026eea78 method=org.objectweb.asm.MethodWriter.visitVarInsn(II)V @ 148
Event: 2.845 Thread 0x0000000001ecf000 Uncommon trap: reason=unstable_if action=reinterpret pc=0x000000000278139c method=org.objectweb.asm.ByteVector.putInt(I)Lorg/objectweb/asm/ByteVector; @ 13
Event: 3.079 Thread 0x0000000001ecf000 Uncommon trap: reason=unstable_if action=reinterpret pc=0x0000000002756f90 method=org.objectweb.asm.MethodWriter.visitFieldInsn(ILjava/lang/String;Ljava/lang/String;Ljava/lang/String;)V @ 171

Classes redefined (0 events):
No events

Internal exceptions (10 events):
Event: 2.091 Thread 0x0000000001ecf000 Exception <a 'sun/nio/fs/WindowsException'> (0x00000000ff889a00) thrown at [D:\src\AOSP-openjdk-cygwin\jdk8u\hotspot\src\share\vm\prims\jni.cpp, line 709]
Event: 2.091 Thread 0x0000000001ecf000 Exception <a 'sun/nio/fs/WindowsException'> (0x00000000ff889f08) thrown at [D:\src\AOSP-openjdk-cygwin\jdk8u\hotspot\src\share\vm\prims\jni.cpp, line 709]
Event: 2.563 Thread 0x0000000001ecf000 Exception <a 'sun/nio/fs/WindowsException'> (0x00000000ff8b5560) thrown at [D:\src\AOSP-openjdk-cygwin\jdk8u\hotspot\src\share\vm\prims\jni.cpp, line 709]
Event: 2.564 Thread 0x0000000001ecf000 Exception <a 'sun/nio/fs/WindowsException'> (0x00000000ff8b5a68) thrown at [D:\src\AOSP-openjdk-cygwin\jdk8u\hotspot\src\share\vm\prims\jni.cpp, line 709]
Event: 2.590 Thread 0x0000000001ecf000 Exception <a 'sun/nio/fs/WindowsException'> (0x00000000ff8b8ea0) thrown at [D:\src\AOSP-openjdk-cygwin\jdk8u\hotspot\src\share\vm\prims\jni.cpp, line 709]
Event: 2.590 Thread 0x0000000001ecf000 Exception <a 'sun/nio/fs/WindowsException'> (0x00000000ff8b93a8) thrown at [D:\src\AOSP-openjdk-cygwin\jdk8u\hotspot\src\share\vm\prims\jni.cpp, line 709]
Event: 2.603 Thread 0x0000000001ecf000 Exception <a 'sun/nio/fs/WindowsException'> (0x00000000ff917538) thrown at [D:\src\AOSP-openjdk-cygwin\jdk8u\hotspot\src\share\vm\prims\jni.cpp, line 709]
Event: 2.603 Thread 0x0000000001ecf000 Exception <a 'sun/nio/fs/WindowsException'> (0x00000000ff917a40) thrown at [D:\src\AOSP-openjdk-cygwin\jdk8u\hotspot\src\share\vm\prims\jni.cpp, line 709]
Event: 2.941 Thread 0x0000000001ecf000 Exception <a 'sun/nio/fs/WindowsException'> (0x00000000fed1cb20) thrown at [D:\src\AOSP-openjdk-cygwin\jdk8u\hotspot\src\share\vm\prims\jni.cpp, line 709]
Event: 2.941 Thread 0x0000000001ecf000 Exception <a 'sun/nio/fs/WindowsException'> (0x00000000fed1d028) thrown at [D:\src\AOSP-openjdk-cygwin\jdk8u\hotspot\src\share\vm\prims\jni.cpp, line 709]

Events (10 events):
Event: 3.053 loading class java/time/temporal/Temporal
Event: 3.054 loading class java/time/temporal/TemporalAccessor
Event: 3.055 loading class java/time/temporal/TemporalAccessor done
Event: 3.055 loading class java/time/temporal/Temporal done
Event: 3.055 loading class java/time/temporal/TemporalAdjuster
Event: 3.055 loading class java/time/temporal/TemporalAdjuster done
Event: 3.055 loading class java/time/Instant done
Event: 3.079 Thread 0x0000000001ecf000 Uncommon trap: trap_request=0xffffff65 fr.pc=0x0000000002756f90
Event: 3.079 Thread 0x0000000001ecf000 DEOPT PACKING pc=0x0000000002756f90 sp=0x00000000020deb20
Event: 3.079 Thread 0x0000000001ecf000 DEOPT UNPACKING pc=0x00000000023f556a sp=0x00000000020dea60 mode 2


Dynamic libraries:
0x000000013fe50000 - 0x000000013fe81000 	C:\Program Files\Android\Android Studio\jre\bin\java.exe
0x0000000077320000 - 0x00000000774bf000 	C:\Windows\SYSTEM32\ntdll.dll
0x0000000077100000 - 0x000000007721f000 	C:\Windows\system32\kernel32.dll
0x000007fefd290000 - 0x000007fefd2fa000 	C:\Windows\system32\KERNELBASE.dll
0x000007fefdf90000 - 0x000007fefe06b000 	C:\Windows\system32\ADVAPI32.dll
0x000007feff2f0000 - 0x000007feff38f000 	C:\Windows\system32\msvcrt.dll
0x000007fefe540000 - 0x000007fefe55f000 	C:\Windows\SYSTEM32\sechost.dll
0x000007fefd730000 - 0x000007fefd85d000 	C:\Windows\system32\RPCRT4.dll
0x0000000077220000 - 0x000000007731a000 	C:\Windows\system32\USER32.dll
0x000007fefda70000 - 0x000007fefdad7000 	C:\Windows\system32\GDI32.dll
0x000007fefe530000 - 0x000007fefe53e000 	C:\Windows\system32\LPK.dll
0x000007fefdec0000 - 0x000007fefdf8b000 	C:\Windows\system32\USP10.dll
0x000007fefb3c0000 - 0x000007fefb5b4000 	C:\Windows\WinSxS\amd64_microsoft.windows.common-controls_6595b64144ccf1df_6.0.7601.23403_none_e36ad4593102f066\COMCTL32.dll
0x000007fefde40000 - 0x000007fefdeb1000 	C:\Windows\system32\SHLWAPI.dll
0x000007fefde10000 - 0x000007fefde3e000 	C:\Windows\system32\IMM32.DLL
0x000007fefe420000 - 0x000007fefe529000 	C:\Windows\system32\MSCTF.dll
0x000007fefcf30000 - 0x000007fefcf60000 	C:\Windows\system32\nvinitx.dll
0x000007fefcf20000 - 0x000007fefcf2c000 	C:\Windows\system32\VERSION.dll
0x000007fefd280000 - 0x000007fefd285000 	C:\Windows\system32\api-ms-win-downlevel-advapi32-l1-1-0.dll
0x000007fefcdc0000 - 0x000007fefcde5000 	C:\Windows\system32\SspiCli.dll
0x00000000639c0000 - 0x0000000063a92000 	C:\Program Files\Android\Android Studio\jre\jre\bin\msvcr100.dll
0x000000005da80000 - 0x000000005e2be000 	C:\Program Files\Android\Android Studio\jre\jre\bin\server\jvm.dll
0x000007fef91f0000 - 0x000007fef91f9000 	C:\Windows\system32\WSOCK32.dll
0x000007fefdce0000 - 0x000007fefdd2d000 	C:\Windows\system32\WS2_32.dll
0x000007fefd720000 - 0x000007fefd728000 	C:\Windows\system32\NSI.dll
0x000007fefab60000 - 0x000007fefab9b000 	C:\Windows\system32\WINMM.dll
0x00000000774c0000 - 0x00000000774c7000 	C:\Windows\system32\PSAPI.DLL
0x000007feedd60000 - 0x000007feedd6f000 	C:\Program Files\Android\Android Studio\jre\jre\bin\verify.dll
0x000007feed990000 - 0x000007feed9b9000 	C:\Program Files\Android\Android Studio\jre\jre\bin\java.dll
0x000007fee8980000 - 0x000007fee8996000 	C:\Program Files\Android\Android Studio\jre\jre\bin\zip.dll
0x000007fefe560000 - 0x000007feff2eb000 	C:\Windows\system32\SHELL32.dll
0x000007fefdae0000 - 0x000007fefdcdd000 	C:\Windows\system32\ole32.dll
0x000007fefcff0000 - 0x000007fefcfff000 	C:\Windows\system32\profapi.dll
0x000007fefc7e0000 - 0x000007fefc7f8000 	C:\Windows\system32\CRYPTSP.dll
0x000007fefc4e0000 - 0x000007fefc527000 	C:\Windows\system32\rsaenh.dll
0x000007fefd1d0000 - 0x000007fefd1ef000 	C:\Windows\system32\USERENV.dll
0x000007fefce50000 - 0x000007fefce5f000 	C:\Windows\system32\CRYPTBASE.dll
0x000007fee8960000 - 0x000007fee897a000 	C:\Program Files\Android\Android Studio\jre\jre\bin\net.dll
0x000007fefc780000 - 0x000007fefc7d5000 	C:\Windows\system32\mswsock.dll
0x000007fefc770000 - 0x000007fefc777000 	C:\Windows\System32\wship6.dll
0x000007fefa6b0000 - 0x000007fefa6d7000 	C:\Windows\system32\IPHLPAPI.DLL
0x000007fefa6a0000 - 0x000007fefa6ab000 	C:\Windows\system32\WINNSI.DLL
0x000007fefa250000 - 0x000007fefa261000 	C:\Windows\system32\dhcpcsvc6.DLL
0x000007fefa230000 - 0x000007fefa248000 	C:\Windows\system32\dhcpcsvc.DLL
0x000007fee8710000 - 0x000007fee8721000 	C:\Program Files\Android\Android Studio\jre\jre\bin\nio.dll

VM Arguments:
jvm_args: -Djava.awt.headless=true -Xmx64M -Dfile.encoding=windows-1252 -Duser.country=US -Duser.language=en -Duser.variant 
java_command: com.google.devtools.build.android.desugar.Desugar @C:\Users\zhli\workspace\ReUnite\app\build\intermediates\tmp\desugar_args1152963138312345576
java_class_path (initial): C:\Users\zhli\AppData\Local\Temp\3\desugar_deploy.jar3862804513960915086
Launcher Type: SUN_STANDARD

Environment Variables:
JAVA_HOME=C:\Program Files\Java\jdk1.8.0_131
PATH=C:\ProgramData\Oracle\Java\javapath;C:\Windows\system32;C:\Windows;C:\Windows\System32\Wbem;C:\Windows\System32\WindowsPowerShell\v1.0\;C:\Program Files\Java\jdk1.8.0_131\bin;C:\Program Files\ActivIdentity\ActivClient\;C:\Program Files (x86)\ActivIdentity\ActivClient\;C:\Program Files\VanDyke Software\Clients\;C:\Program Files\TortoiseSVN\bin;C:\Program Files\nodejs\;C:\Windows\System32\WindowsPowerShell\v1.0\;C:\Windows\System32\WindowsPowerShell\v1.0\;C:\Program Files\Git\cmd;C:\Program Files (x86)\GtkSharp\2.12\bin;C:\Users\zhli\AppData\Roaming\npm;C:\Users\zhli\AppData\Local\atom\bin;C:\Users\zhli\Bin\flutter\bin;
USERNAME=zhli
OS=Windows_NT
PROCESSOR_IDENTIFIER=Intel64 Family 6 Model 94 Stepping 3, GenuineIntel



---------------  S Y S T E M  ---------------

OS: Windows 7 , 64 bit Build 7601 (6.1.7601.24024)

CPU:total 8 (initial active 8) (4 cores per cpu, 2 threads per core) family 6 model 94 stepping 3, cmov, cx8, fxsr, mmx, sse, sse2, sse3, ssse3, sse4.1, sse4.2, popcnt, avx, avx2, aes, clmul, erms, rtm, 3dnowpref, lzcnt, ht, tsc, tscinvbit, bmi1, bmi2, adx

Memory: 4k page, physical 16701228k(30756k free), swap 20893656k(18024k free)

vm_info: OpenJDK 64-Bit Server VM (25.152-b01) for windows-amd64 JRE (1.8.0_152-release-915-b01), built by "builder" with MS VC++ 10.0 (VS2010)

time: Mon Mar 12 14:23:49 2018
elapsed time: 3 seconds (0d 0h 0m 3s)

