#
# There is insufficient memory for the Java Runtime Environment to continue.
# Native memory allocation (malloc) failed to allocate 32744 bytes for ChunkPool::allocate
# Possible reasons:
#   The system is out of physical RAM or swap space
#   In 32 bit mode, the process size limit was hit
# Possible solutions:
#   Reduce memory load on the system
#   Increase physical memory or swap space
#   Check if swap backing store is full
#   Use 64 bit Java on a 64 bit OS
#   Decrease Java heap size (-Xmx/-Xms)
#   Decrease number of Java threads
#   Decrease Java thread stack sizes (-Xss)
#   Set larger code cache with -XX:ReservedCodeCacheSize=
# This output file may be truncated or incomplete.
#
#  Out of Memory Error (allocation.cpp:273), pid=1208, tid=0x0000000000002298
#
# JRE version: OpenJDK Runtime Environment (8.0_152-b01) (build 1.8.0_152-release-915-b01)
# Java VM: OpenJDK 64-Bit Server VM (25.152-b01 mixed mode windows-amd64 compressed oops)
# Failed to write core dump. Minidumps are not enabled by default on client versions of Windows
#

---------------  T H R E A D  ---------------

Current thread (0x00000000540d3000):  JavaThread "C2 CompilerThread1" daemon [_thread_in_native, id=8856, stack(0x00000000559f0000,0x0000000055af0000)]

Stack: [0x00000000559f0000,0x0000000055af0000]
[error occurred during error reporting (printing stack bounds), id 0xc0000005]

Native frames: (J=compiled Java code, j=interpreted, Vv=VM code, C=native code)


Current CompileTask:
C2:   2345 1043       4       org.objectweb.asm.tree.MethodInsnNode::accept (30 bytes)


---------------  P R O C E S S  ---------------

Java Threads: ( => current thread )
  0x000000005416e000 JavaThread "Service Thread" daemon [_thread_blocked, id=10268, stack(0x0000000055e00000,0x0000000055f00000)]
  0x00000000540d7000 JavaThread "C1 CompilerThread3" daemon [_thread_blocked, id=8652, stack(0x0000000055790000,0x0000000055890000)]
  0x00000000540d6000 JavaThread "C2 CompilerThread2" daemon [_thread_in_native, id=7212, stack(0x0000000055c30000,0x0000000055d30000)]
=>0x00000000540d3000 JavaThread "C2 CompilerThread1" daemon [_thread_in_native, id=8856, stack(0x00000000559f0000,0x0000000055af0000)]
  0x00000000540cc000 JavaThread "C2 CompilerThread0" daemon [_thread_blocked, id=9116, stack(0x00000000558a0000,0x00000000559a0000)]
  0x00000000540df800 JavaThread "Attach Listener" daemon [_thread_blocked, id=10420, stack(0x0000000055690000,0x0000000055790000)]
  0x00000000540dc800 JavaThread "Signal Dispatcher" daemon [_thread_blocked, id=11896, stack(0x0000000055500000,0x0000000055600000)]
  0x0000000052f12000 JavaThread "Finalizer" daemon [_thread_blocked, id=968, stack(0x0000000055350000,0x0000000055450000)]
  0x0000000052f0b000 JavaThread "Reference Handler" daemon [_thread_blocked, id=9292, stack(0x00000000551c0000,0x00000000552c0000)]
  0x0000000001cff000 JavaThread "main" [_thread_blocked, id=7088, stack(0x0000000002070000,0x0000000002170000)]

Other Threads:
  0x0000000054083000 VMThread [stack: 0x00000000550a0000,0x00000000551a0000] [id=7156]
  0x000000005414c800 WatcherThread [stack: 0x0000000055ff0000,0x00000000560f0000] [id=10460]

VM state:at safepoint (normal execution)

VM Mutex/Monitor currently owned by a thread:  ([mutex/lock_event])
[0x0000000001cfcef0] Threads_lock - owner thread: 0x0000000054083000
[0x0000000001cfd3f0] Heap_lock - owner thread: 0x0000000001cff000

Heap:
 PSYoungGen      total 18944K, used 18924K [0x00000000feb00000, 0x0000000100000000, 0x0000000100000000)
  eden space 16384K, 100% used [0x00000000feb00000,0x00000000ffb00000,0x00000000ffb00000)
  from space 2560K, 99% used [0x00000000ffb00000,0x00000000ffd7b298,0x00000000ffd80000)
  to   space 2560K, 94% used [0x00000000ffd80000,0x00000000fffdd530,0x0000000100000000)
 ParOldGen       total 44032K, used 6279K [0x00000000fc000000, 0x00000000feb00000, 0x00000000feb00000)
  object space 44032K, 14% used [0x00000000fc000000,0x00000000fc621c20,0x00000000feb00000)
 Metaspace       used 7657K, capacity 7852K, committed 7936K, reserved 1056768K
  class space    used 873K, capacity 956K, committed 1024K, reserved 1048576K

Card table byte_map: [0x0000000001ca0000,0x0000000001cd0000] byte_map_base: 0x00000000014c0000

Marking Bits: (ParMarkBitMap*) 0x0000000060a53950
 Begin Bits: [0x0000000012320000, 0x0000000012420000)
 End Bits:   [0x0000000012420000, 0x0000000012520000)

Polling page: 0x0000000000240000

CodeCache: size=245760Kb used=3943Kb max_used=3943Kb free=241816Kb
 bounds [0x0000000002440000, 0x0000000002820000, 0x0000000011440000]
 total_blobs=1426 nmethods=1095 adapters=245
 compilation: enabled

Compilation events (10 events):
Event: 2.310 Thread 0x00000000540d7000 1097       3       java.util.Vector::elementData (7 bytes)
Event: 2.310 Thread 0x00000000540d7000 nmethod 1097 0x000000000281b790 code [0x000000000281b8e0, 0x000000000281ba50]
Event: 2.311 Thread 0x00000000540d7000 1098       3       java.util.Vector$Itr::hasNext (20 bytes)
Event: 2.311 Thread 0x00000000540d7000 nmethod 1098 0x000000000281b3d0 code [0x000000000281b520, 0x000000000281b6d0]
Event: 2.311 Thread 0x00000000540d7000 1099   !   3       java.util.Vector$Itr::next (63 bytes)
Event: 2.311 Thread 0x00000000540d7000 nmethod 1099 0x000000000281a5d0 code [0x000000000281a780, 0x000000000281ae58]
Event: 2.311 Thread 0x00000000540d7000 1102       3       java.util.zip.ZipOutputStream::writeCEN (514 bytes)
Event: 2.313 Thread 0x00000000540d7000 nmethod 1102 0x000000000281be50 code [0x000000000281c240, 0x000000000281da38]
Event: 2.313 Thread 0x00000000540d7000 1100       3       java.util.Vector$Itr::checkForComodification (23 bytes)
Event: 2.313 Thread 0x00000000540d7000 nmethod 1100 0x000000000281a0d0 code [0x000000000281a240, 0x000000000281a4a8]

GC Heap History (7 events):
Event: 0.363 GC heap before
{Heap before GC invocations=1 (full 0):
 PSYoungGen      total 18944K, used 16384K [0x00000000feb00000, 0x0000000100000000, 0x0000000100000000)
  eden space 16384K, 100% used [0x00000000feb00000,0x00000000ffb00000,0x00000000ffb00000)
  from space 2560K, 0% used [0x00000000ffd80000,0x00000000ffd80000,0x0000000100000000)
  to   space 2560K, 0% used [0x00000000ffb00000,0x00000000ffb00000,0x00000000ffd80000)
 ParOldGen       total 44032K, used 0K [0x00000000fc000000, 0x00000000feb00000, 0x00000000feb00000)
  object space 44032K, 0% used [0x00000000fc000000,0x00000000fc000000,0x00000000feb00000)
 Metaspace       used 6507K, capacity 6682K, committed 6784K, reserved 1056768K
  class space    used 771K, capacity 823K, committed 896K, reserved 1048576K
Event: 0.369 GC heap after
Heap after GC invocations=1 (full 0):
 PSYoungGen      total 18944K, used 2544K [0x00000000feb00000, 0x0000000100000000, 0x0000000100000000)
  eden space 16384K, 0% used [0x00000000feb00000,0x00000000feb00000,0x00000000ffb00000)
  from space 2560K, 99% used [0x00000000ffb00000,0x00000000ffd7c020,0x00000000ffd80000)
  to   space 2560K, 0% used [0x00000000ffd80000,0x00000000ffd80000,0x0000000100000000)
 ParOldGen       total 44032K, used 1539K [0x00000000fc000000, 0x00000000feb00000, 0x00000000feb00000)
  object space 44032K, 3% used [0x00000000fc000000,0x00000000fc180f08,0x00000000feb00000)
 Metaspace       used 6507K, capacity 6682K, committed 6784K, reserved 1056768K
  class space    used 771K, capacity 823K, committed 896K, reserved 1048576K
}
Event: 0.673 GC heap before
{Heap before GC invocations=2 (full 0):
 PSYoungGen      total 18944K, used 18928K [0x00000000feb00000, 0x0000000100000000, 0x0000000100000000)
  eden space 16384K, 100% used [0x00000000feb00000,0x00000000ffb00000,0x00000000ffb00000)
  from space 2560K, 99% used [0x00000000ffb00000,0x00000000ffd7c020,0x00000000ffd80000)
  to   space 2560K, 0% used [0x00000000ffd80000,0x00000000ffd80000,0x0000000100000000)
 ParOldGen       total 44032K, used 1539K [0x00000000fc000000, 0x00000000feb00000, 0x00000000feb00000)
  object space 44032K, 3% used [0x00000000fc000000,0x00000000fc180f08,0x00000000feb00000)
 Metaspace       used 6993K, capacity 7148K, committed 7296K, reserved 1056768K
  class space    used 827K, capacity 892K, committed 896K, reserved 1048576K
Event: 1.183 GC heap after
Heap after GC invocations=2 (full 0):
 PSYoungGen      total 18944K, used 2533K [0x00000000feb00000, 0x0000000100000000, 0x0000000100000000)
  eden space 16384K, 0% used [0x00000000feb00000,0x00000000feb00000,0x00000000ffb00000)
  from space 2560K, 98% used [0x00000000ffd80000,0x00000000ffff9540,0x0000000100000000)
  to   space 2560K, 0% used [0x00000000ffb00000,0x00000000ffb00000,0x00000000ffd80000)
 ParOldGen       total 44032K, used 5668K [0x00000000fc000000, 0x00000000feb00000, 0x00000000feb00000)
  object space 44032K, 12% used [0x00000000fc000000,0x00000000fc5890b8,0x00000000feb00000)
 Metaspace       used 6993K, capacity 7148K, committed 7296K, reserved 1056768K
  class space    used 827K, capacity 892K, committed 896K, reserved 1048576K
}
Event: 1.464 GC heap before
{Heap before GC invocations=3 (full 0):
 PSYoungGen      total 18944K, used 18917K [0x00000000feb00000, 0x0000000100000000, 0x0000000100000000)
  eden space 16384K, 100% used [0x00000000feb00000,0x00000000ffb00000,0x00000000ffb00000)
  from space 2560K, 98% used [0x00000000ffd80000,0x00000000ffff9540,0x0000000100000000)
  to   space 2560K, 0% used [0x00000000ffb00000,0x00000000ffb00000,0x00000000ffd80000)
 ParOldGen       total 44032K, used 5668K [0x00000000fc000000, 0x00000000feb00000, 0x00000000feb00000)
  object space 44032K, 12% used [0x00000000fc000000,0x00000000fc5890b8,0x00000000feb00000)
 Metaspace       used 7576K, capacity 7788K, committed 7936K, reserved 1056768K
  class space    used 873K, capacity 956K, committed 1024K, reserved 1048576K
Event: 2.152 GC heap after
Heap after GC invocations=3 (full 0):
 PSYoungGen      total 18944K, used 2540K [0x00000000feb00000, 0x0000000100000000, 0x0000000100000000)
  eden space 16384K, 0% used [0x00000000feb00000,0x00000000feb00000,0x00000000ffb00000)
  from space 2560K, 99% used [0x00000000ffb00000,0x00000000ffd7b298,0x00000000ffd80000)
  to   space 2560K, 0% used [0x00000000ffd80000,0x00000000ffd80000,0x0000000100000000)
 ParOldGen       total 44032K, used 6271K [0x00000000fc000000, 0x00000000feb00000, 0x00000000feb00000)
  object space 44032K, 14% used [0x00000000fc000000,0x00000000fc61fc20,0x00000000feb00000)
 Metaspace       used 7576K, capacity 7788K, committed 7936K, reserved 1056768K
  class space    used 873K, capacity 956K, committed 1024K, reserved 1048576K
}
Event: 2.321 GC heap before
{Heap before GC invocations=4 (full 0):
 PSYoungGen      total 18944K, used 18924K [0x00000000feb00000, 0x0000000100000000, 0x0000000100000000)
  eden space 16384K, 100% used [0x00000000feb00000,0x00000000ffb00000,0x00000000ffb00000)
  from space 2560K, 99% used [0x00000000ffb00000,0x00000000ffd7b298,0x00000000ffd80000)
  to   space 2560K, 0% used [0x00000000ffd80000,0x00000000ffd80000,0x0000000100000000)
 ParOldGen       total 44032K, used 6271K [0x00000000fc000000, 0x00000000feb00000, 0x00000000feb00000)
  object space 44032K, 14% used [0x00000000fc000000,0x00000000fc61fc20,0x00000000feb00000)
 Metaspace       used 7657K, capacity 7852K, committed 7936K, reserved 1056768K
  class space    used 873K, capacity 956K, committed 1024K, reserved 1048576K

Deoptimization events (10 events):
Event: 0.351 Thread 0x0000000001cff000 Uncommon trap: reason=unstable_if action=reinterpret pc=0x0000000002655a54 method=java.util.zip.ZipCoder.decoder()Ljava/nio/charset/CharsetDecoder; @ 4
Event: 0.352 Thread 0x0000000001cff000 Uncommon trap: reason=unstable_if action=reinterpret pc=0x000000000264c508 method=java.util.zip.ZipFile$ZipEntryIterator.hasNext()Z @ 25
Event: 0.383 Thread 0x0000000001cff000 Uncommon trap: reason=unstable_if action=reinterpret pc=0x0000000002663da4 method=java.util.zip.ZipCoder.decoder()Ljava/nio/charset/CharsetDecoder; @ 4
Event: 0.387 Thread 0x0000000001cff000 Uncommon trap: reason=unstable_if action=reinterpret pc=0x000000000266da78 method=java.util.HashMap$HashIterator.nextNode()Ljava/util/HashMap$Node; @ 74
Event: 0.420 Thread 0x0000000001cff000 Uncommon trap: reason=unstable_if action=reinterpret pc=0x000000000266df38 method=java.util.HashMap$HashIterator.nextNode()Ljava/util/HashMap$Node; @ 74
Event: 0.575 Thread 0x0000000001cff000 Uncommon trap: reason=unloaded action=reinterpret pc=0x000000000265ce2c method=java.util.zip.ZipEntry.setExtra0([BZ)V @ 37
Event: 1.225 Thread 0x0000000001cff000 Uncommon trap: reason=unstable_if action=reinterpret pc=0x0000000002614568 method=java.lang.String.<init>([CII)V @ 18
Event: 1.283 Thread 0x0000000001cff000 Uncommon trap: reason=unstable_if action=reinterpret pc=0x00000000026fdd8c method=org.objectweb.asm.ClassReader.readUTF8(I[C)Ljava/lang/String; @ 11
Event: 1.376 Thread 0x0000000001cff000 Uncommon trap: reason=unstable_if action=reinterpret pc=0x00000000027744d0 method=org.objectweb.asm.MethodWriter.visitVarInsn(II)V @ 148
Event: 1.420 Thread 0x0000000001cff000 Uncommon trap: reason=unstable_if action=reinterpret pc=0x00000000027d19c8 method=org.objectweb.asm.Label.a(Lorg/objectweb/asm/MethodWriter;I[B)Z @ 56

Classes redefined (0 events):
No events

Internal exceptions (10 events):
Event: 0.418 Thread 0x0000000001cff000 Exception <a 'sun/nio/fs/WindowsException'> (0x00000000ff170018) thrown at [D:\src\AOSP-openjdk-cygwin\jdk8u\hotspot\src\share\vm\prims\jni.cpp, line 709]
Event: 0.418 Thread 0x0000000001cff000 Exception <a 'sun/nio/fs/WindowsException'> (0x00000000ff1705d0) thrown at [D:\src\AOSP-openjdk-cygwin\jdk8u\hotspot\src\share\vm\prims\jni.cpp, line 709]
Event: 0.418 Thread 0x0000000001cff000 Exception <a 'sun/nio/fs/WindowsException'> (0x00000000ff170d90) thrown at [D:\src\AOSP-openjdk-cygwin\jdk8u\hotspot\src\share\vm\prims\jni.cpp, line 709]
Event: 0.421 Thread 0x0000000001cff000 Exception <a 'sun/nio/fs/WindowsException'> (0x00000000ff176248) thrown at [D:\src\AOSP-openjdk-cygwin\jdk8u\hotspot\src\share\vm\prims\jni.cpp, line 709]
Event: 0.647 Thread 0x0000000001cff000 Exception <a 'sun/nio/fs/WindowsException'> (0x00000000ffab1348) thrown at [D:\src\AOSP-openjdk-cygwin\jdk8u\hotspot\src\share\vm\prims\jni.cpp, line 709]
Event: 0.647 Thread 0x0000000001cff000 Exception <a 'sun/nio/fs/WindowsException'> (0x00000000ffab18d0) thrown at [D:\src\AOSP-openjdk-cygwin\jdk8u\hotspot\src\share\vm\prims\jni.cpp, line 709]
Event: 1.263 Thread 0x0000000001cff000 Exception <a 'sun/nio/fs/WindowsException'> (0x00000000fede6418) thrown at [D:\src\AOSP-openjdk-cygwin\jdk8u\hotspot\src\share\vm\prims\jni.cpp, line 709]
Event: 1.263 Thread 0x0000000001cff000 Exception <a 'sun/nio/fs/WindowsException'> (0x00000000fede6920) thrown at [D:\src\AOSP-openjdk-cygwin\jdk8u\hotspot\src\share\vm\prims\jni.cpp, line 709]
Event: 2.313 Thread 0x0000000001cff000 Exception <a 'sun/nio/fs/WindowsException'> (0x00000000ff98b4e8) thrown at [D:\src\AOSP-openjdk-cygwin\jdk8u\hotspot\src\share\vm\prims\jni.cpp, line 709]
Event: 2.313 Thread 0x0000000001cff000 Exception <a 'sun/nio/fs/WindowsException'> (0x00000000ff98b9f0) thrown at [D:\src\AOSP-openjdk-cygwin\jdk8u\hotspot\src\share\vm\prims\jni.cpp, line 709]

Events (10 events):
Event: 1.283 loading class org/objectweb/asm/tree/LocalVariableNode done
Event: 1.376 Thread 0x0000000001cff000 Uncommon trap: trap_request=0xffffff65 fr.pc=0x00000000027744d0
Event: 1.376 Thread 0x0000000001cff000 DEOPT PACKING pc=0x00000000027744d0 sp=0x000000000216e980
Event: 1.376 Thread 0x0000000001cff000 DEOPT UNPACKING pc=0x000000000248556a sp=0x000000000216e8c8 mode 2
Event: 1.420 Thread 0x0000000001cff000 Uncommon trap: trap_request=0xffffff65 fr.pc=0x00000000027d19c8
Event: 1.420 Thread 0x0000000001cff000 DEOPT PACKING pc=0x00000000027d19c8 sp=0x000000000216e790
Event: 1.420 Thread 0x0000000001cff000 DEOPT UNPACKING pc=0x000000000248556a sp=0x000000000216e6a8 mode 2
Event: 1.464 Executing VM operation: ParallelGCFailedAllocation
Event: 2.152 Executing VM operation: ParallelGCFailedAllocation done
Event: 2.321 Executing VM operation: ParallelGCFailedAllocation


Dynamic libraries:
0x000000013f080000 - 0x000000013f0b1000 	C:\Program Files\Android\Android Studio\jre\bin\java.exe
0x0000000077320000 - 0x00000000774bf000 	C:\Windows\SYSTEM32\ntdll.dll
0x0000000077100000 - 0x000000007721f000 	C:\Windows\system32\kernel32.dll
0x000007fefd290000 - 0x000007fefd2fa000 	C:\Windows\system32\KERNELBASE.dll
0x000007fefdf90000 - 0x000007fefe06b000 	C:\Windows\system32\ADVAPI32.dll
0x000007feff2f0000 - 0x000007feff38f000 	C:\Windows\system32\msvcrt.dll
0x000007fefe540000 - 0x000007fefe55f000 	C:\Windows\SYSTEM32\sechost.dll
0x000007fefd730000 - 0x000007fefd85d000 	C:\Windows\system32\RPCRT4.dll
0x0000000077220000 - 0x000000007731a000 	C:\Windows\system32\USER32.dll
0x000007fefda70000 - 0x000007fefdad7000 	C:\Windows\system32\GDI32.dll
0x000007fefe530000 - 0x000007fefe53e000 	C:\Windows\system32\LPK.dll
0x000007fefdec0000 - 0x000007fefdf8b000 	C:\Windows\system32\USP10.dll
0x000007fefb3c0000 - 0x000007fefb5b4000 	C:\Windows\WinSxS\amd64_microsoft.windows.common-controls_6595b64144ccf1df_6.0.7601.23403_none_e36ad4593102f066\COMCTL32.dll
0x000007fefde40000 - 0x000007fefdeb1000 	C:\Windows\system32\SHLWAPI.dll
0x000007fefde10000 - 0x000007fefde3e000 	C:\Windows\system32\IMM32.DLL
0x000007fefe420000 - 0x000007fefe529000 	C:\Windows\system32\MSCTF.dll
0x000007fefcf30000 - 0x000007fefcf60000 	C:\Windows\system32\nvinitx.dll
0x000007fefcf20000 - 0x000007fefcf2c000 	C:\Windows\system32\VERSION.dll
0x000007fefd280000 - 0x000007fefd285000 	C:\Windows\system32\api-ms-win-downlevel-advapi32-l1-1-0.dll
0x000007fefcdc0000 - 0x000007fefcde5000 	C:\Windows\system32\SspiCli.dll
0x0000000062c40000 - 0x0000000062d12000 	C:\Program Files\Android\Android Studio\jre\jre\bin\msvcr100.dll
0x0000000060290000 - 0x0000000060ace000 	C:\Program Files\Android\Android Studio\jre\jre\bin\server\jvm.dll
0x000007fef91f0000 - 0x000007fef91f9000 	C:\Windows\system32\WSOCK32.dll
0x000007fefdce0000 - 0x000007fefdd2d000 	C:\Windows\system32\WS2_32.dll
0x000007fefd720000 - 0x000007fefd728000 	C:\Windows\system32\NSI.dll
0x000007fefab60000 - 0x000007fefab9b000 	C:\Windows\system32\WINMM.dll
0x00000000774c0000 - 0x00000000774c7000 	C:\Windows\system32\PSAPI.DLL
0x000007feedd00000 - 0x000007feedd0f000 	C:\Program Files\Android\Android Studio\jre\jre\bin\verify.dll
0x000007fee69e0000 - 0x000007fee6a09000 	C:\Program Files\Android\Android Studio\jre\jre\bin\java.dll
0x000007feed980000 - 0x000007feed996000 	C:\Program Files\Android\Android Studio\jre\jre\bin\zip.dll
0x000007fefe560000 - 0x000007feff2eb000 	C:\Windows\system32\SHELL32.dll
0x000007fefdae0000 - 0x000007fefdcdd000 	C:\Windows\system32\ole32.dll
0x000007fefcff0000 - 0x000007fefcfff000 	C:\Windows\system32\profapi.dll
0x000007fefc7e0000 - 0x000007fefc7f8000 	C:\Windows\system32\CRYPTSP.dll
0x000007fefc4e0000 - 0x000007fefc527000 	C:\Windows\system32\rsaenh.dll
0x000007fefd1d0000 - 0x000007fefd1ef000 	C:\Windows\system32\USERENV.dll
0x000007fefce50000 - 0x000007fefce5f000 	C:\Windows\system32\CRYPTBASE.dll
0x000007fee8600000 - 0x000007fee861a000 	C:\Program Files\Android\Android Studio\jre\jre\bin\net.dll
0x000007fefc780000 - 0x000007fefc7d5000 	C:\Windows\system32\mswsock.dll
0x000007fefc770000 - 0x000007fefc777000 	C:\Windows\System32\wship6.dll
0x000007fefa6b0000 - 0x000007fefa6d7000 	C:\Windows\system32\IPHLPAPI.DLL
0x000007fefa6a0000 - 0x000007fefa6ab000 	C:\Windows\system32\WINNSI.DLL
0x000007fefa250000 - 0x000007fefa261000 	C:\Windows\system32\dhcpcsvc6.DLL
0x000007fefa230000 - 0x000007fefa248000 	C:\Windows\system32\dhcpcsvc.DLL
0x000007fedb0e0000 - 0x000007fedb0f1000 	C:\Program Files\Android\Android Studio\jre\jre\bin\nio.dll

VM Arguments:
jvm_args: -Djava.awt.headless=true -Xmx64M -Dfile.encoding=windows-1252 -Duser.country=US -Duser.language=en -Duser.variant 
java_command: com.google.devtools.build.android.desugar.Desugar @C:\Users\zhli\workspace\ReUnite\app\build\intermediates\tmp\desugar_args2880500044666277747
java_class_path (initial): C:\Users\zhli\AppData\Local\Temp\3\desugar_deploy.jar104985555399314533
Launcher Type: SUN_STANDARD

Environment Variables:
JAVA_HOME=C:\Program Files\Java\jdk1.8.0_131
PATH=C:\ProgramData\Oracle\Java\javapath;C:\Windows\system32;C:\Windows;C:\Windows\System32\Wbem;C:\Windows\System32\WindowsPowerShell\v1.0\;C:\Program Files\Java\jdk1.8.0_131\bin;C:\Program Files\ActivIdentity\ActivClient\;C:\Program Files (x86)\ActivIdentity\ActivClient\;C:\Program Files\VanDyke Software\Clients\;C:\Program Files\TortoiseSVN\bin;C:\Program Files\nodejs\;C:\Windows\System32\WindowsPowerShell\v1.0\;C:\Windows\System32\WindowsPowerShell\v1.0\;C:\Program Files\Git\cmd;C:\Program Files (x86)\GtkSharp\2.12\bin;C:\Users\zhli\AppData\Roaming\npm;C:\Users\zhli\AppData\Local\atom\bin;C:\Users\zhli\Bin\flutter\bin;
USERNAME=zhli
OS=Windows_NT
PROCESSOR_IDENTIFIER=Intel64 Family 6 Model 94 Stepping 3, GenuineIntel



---------------  S Y S T E M  ---------------

OS: Windows 7 , 64 bit Build 7601 (6.1.7601.24024)

CPU:total 8 (initial active 8) (4 cores per cpu, 2 threads per core) family 6 model 94 stepping 3, cmov, cx8, fxsr, mmx, sse, sse2, sse3, ssse3, sse4.1, sse4.2, popcnt, avx, avx2, aes, clmul, erms, rtm, 3dnowpref, lzcnt, ht, tsc, tscinvbit, bmi1, bmi2, adx

Memory: 4k page, physical 16701228k(483536k free), swap 20893656k(5404k free)

vm_info: OpenJDK 64-Bit Server VM (25.152-b01) for windows-amd64 JRE (1.8.0_152-release-915-b01), built by "builder" with MS VC++ 10.0 (VS2010)

time: Thu Mar 08 13:44:36 2018
elapsed time: 2 seconds (0d 0h 0m 2s)

