#
# There is insufficient memory for the Java Runtime Environment to continue.
# Native memory allocation (malloc) failed to allocate 2356496 bytes for Chunk::new
# Possible reasons:
#   The system is out of physical RAM or swap space
#   In 32 bit mode, the process size limit was hit
# Possible solutions:
#   Reduce memory load on the system
#   Increase physical memory or swap space
#   Check if swap backing store is full
#   Use 64 bit Java on a 64 bit OS
#   Decrease Java heap size (-Xmx/-Xms)
#   Decrease number of Java threads
#   Decrease Java thread stack sizes (-Xss)
#   Set larger code cache with -XX:ReservedCodeCacheSize=
# This output file may be truncated or incomplete.
#
#  Out of Memory Error (allocation.cpp:390), pid=5608, tid=0x0000000000001cb8
#
# JRE version: OpenJDK Runtime Environment (8.0_152-b01) (build 1.8.0_152-release-915-b01)
# Java VM: OpenJDK 64-Bit Server VM (25.152-b01 mixed mode windows-amd64 compressed oops)
# Failed to write core dump. Minidumps are not enabled by default on client versions of Windows
#

---------------  T H R E A D  ---------------

Current thread (0x000000005310d000):  JavaThread "C2 CompilerThread2" daemon [_thread_in_native, id=7352, stack(0x0000000055ab0000,0x0000000055bb0000)]

Stack: [0x0000000055ab0000,0x0000000055bb0000]
[error occurred during error reporting (printing stack bounds), id 0xc0000005]

Native frames: (J=compiled Java code, j=interpreted, Vv=VM code, C=native code)


Current CompileTask:
C2:   3278  847       4       org.objectweb.asm.ClassReader::a (3587 bytes)


---------------  P R O C E S S  ---------------

Java Threads: ( => current thread )
  0x0000000054025000 JavaThread "Service Thread" daemon [_thread_blocked, id=8768, stack(0x0000000055650000,0x0000000055750000)]
  0x0000000053fad000 JavaThread "C1 CompilerThread3" daemon [_thread_blocked, id=6464, stack(0x0000000055be0000,0x0000000055ce0000)]
=>0x000000005310d000 JavaThread "C2 CompilerThread2" daemon [_thread_in_native, id=7352, stack(0x0000000055ab0000,0x0000000055bb0000)]
  0x000000005310a000 JavaThread "C2 CompilerThread1" daemon [_thread_blocked, id=9508, stack(0x0000000055900000,0x0000000055a00000)]
  0x0000000053f91800 JavaThread "C2 CompilerThread0" daemon [_thread_blocked, id=11012, stack(0x0000000055750000,0x0000000055850000)]
  0x0000000053fa0000 JavaThread "Attach Listener" daemon [_thread_blocked, id=6620, stack(0x00000000550f0000,0x00000000551f0000)]
  0x0000000053f9f800 JavaThread "Signal Dispatcher" daemon [_thread_blocked, id=8252, stack(0x0000000055510000,0x0000000055610000)]
  0x00000000530ff000 JavaThread "Finalizer" daemon [_thread_blocked, id=9152, stack(0x0000000055380000,0x0000000055480000)]
  0x00000000530f8000 JavaThread "Reference Handler" daemon [_thread_blocked, id=9556, stack(0x00000000551f0000,0x00000000552f0000)]
  0x000000000208f000 JavaThread "main" [_thread_in_native, id=4528, stack(0x0000000002280000,0x0000000002380000)]

Other Threads:
  0x00000000530ef000 VMThread [stack: 0x0000000054f10000,0x0000000055010000] [id=11004]
  0x0000000053fe3000 WatcherThread [stack: 0x0000000055d60000,0x0000000055e60000] [id=7356]

VM state:not at safepoint (normal execution)

VM Mutex/Monitor currently owned by a thread: None

Heap:
 PSYoungGen      total 18944K, used 4175K [0x00000000feb00000, 0x0000000100000000, 0x0000000100000000)
  eden space 16384K, 9% used [0x00000000feb00000,0x00000000fec968a0,0x00000000ffb00000)
  from space 2560K, 99% used [0x00000000ffd80000,0x00000000ffffd550,0x0000000100000000)
  to   space 2560K, 0% used [0x00000000ffb00000,0x00000000ffb00000,0x00000000ffd80000)
 ParOldGen       total 44032K, used 6371K [0x00000000fc000000, 0x00000000feb00000, 0x00000000feb00000)
  object space 44032K, 14% used [0x00000000fc000000,0x00000000fc638ec8,0x00000000feb00000)
 Metaspace       used 7649K, capacity 7852K, committed 7936K, reserved 1056768K
  class space    used 873K, capacity 956K, committed 1024K, reserved 1048576K

Card table byte_map: [0x0000000000290000,0x00000000002c0000] byte_map_base: 0xffffffffffab0000

Marking Bits: (ParMarkBitMap*) 0x0000000060a53950
 Begin Bits: [0x0000000012510000, 0x0000000012610000)
 End Bits:   [0x0000000012610000, 0x0000000012710000)

Polling page: 0x0000000000140000

CodeCache: size=245760Kb used=4086Kb max_used=4101Kb free=241673Kb
 bounds [0x0000000002650000, 0x0000000002a60000, 0x0000000011650000]
 total_blobs=1444 nmethods=1113 adapters=245
 compilation: enabled

Compilation events (10 events):
Event: 2.871 Thread 0x0000000053f91800 nmethod 1113 0x0000000002a43e90 code [0x0000000002a44000, 0x0000000002a44578]
Event: 2.871 Thread 0x0000000053f91800 1081       4       org.objectweb.asm.ByteVector::putByteArray (49 bytes)
Event: 2.872 Thread 0x0000000053f91800 nmethod 1081 0x0000000002a49e50 code [0x0000000002a49fa0, 0x0000000002a4a0d8]
Event: 2.872 Thread 0x0000000053f91800 1114       4       java.util.zip.ZipOutputStream::writeInt (69 bytes)
Event: 2.875 Thread 0x0000000053f91800 nmethod 1114 0x0000000002a46250 code [0x0000000002a463e0, 0x0000000002a46c90]
Event: 2.875 Thread 0x0000000053f91800 1100       4       org.objectweb.asm.MethodWriter::a (38 bytes)
Event: 2.876 Thread 0x0000000053f91800 nmethod 1100 0x0000000002a43b50 code [0x0000000002a43ca0, 0x0000000002a43db8]
Event: 2.876 Thread 0x0000000053f91800 1046       4       com.google.common.base.Preconditions::checkNotNull (14 bytes)
Event: 2.876 Thread 0x0000000053f91800 nmethod 1046 0x00000000029e8090 code [0x00000000029e81c0, 0x00000000029e8218]
Event: 2.881 Thread 0x000000005310a000 nmethod 1061 0x0000000002a4da90 code [0x0000000002a4de00, 0x0000000002a50d38]

GC Heap History (8 events):
Event: 1.775 GC heap before
{Heap before GC invocations=1 (full 0):
 PSYoungGen      total 18944K, used 16384K [0x00000000feb00000, 0x0000000100000000, 0x0000000100000000)
  eden space 16384K, 100% used [0x00000000feb00000,0x00000000ffb00000,0x00000000ffb00000)
  from space 2560K, 0% used [0x00000000ffd80000,0x00000000ffd80000,0x0000000100000000)
  to   space 2560K, 0% used [0x00000000ffb00000,0x00000000ffb00000,0x00000000ffd80000)
 ParOldGen       total 44032K, used 0K [0x00000000fc000000, 0x00000000feb00000, 0x00000000feb00000)
  object space 44032K, 0% used [0x00000000fc000000,0x00000000fc000000,0x00000000feb00000)
 Metaspace       used 6492K, capacity 6682K, committed 6784K, reserved 1056768K
  class space    used 771K, capacity 823K, committed 896K, reserved 1048576K
Event: 1.780 GC heap after
Heap after GC invocations=1 (full 0):
 PSYoungGen      total 18944K, used 2544K [0x00000000feb00000, 0x0000000100000000, 0x0000000100000000)
  eden space 16384K, 0% used [0x00000000feb00000,0x00000000feb00000,0x00000000ffb00000)
  from space 2560K, 99% used [0x00000000ffb00000,0x00000000ffd7c020,0x00000000ffd80000)
  to   space 2560K, 0% used [0x00000000ffd80000,0x00000000ffd80000,0x0000000100000000)
 ParOldGen       total 44032K, used 1548K [0x00000000fc000000, 0x00000000feb00000, 0x00000000feb00000)
  object space 44032K, 3% used [0x00000000fc000000,0x00000000fc183188,0x00000000feb00000)
 Metaspace       used 6492K, capacity 6682K, committed 6784K, reserved 1056768K
  class space    used 771K, capacity 823K, committed 896K, reserved 1048576K
}
Event: 2.288 GC heap before
{Heap before GC invocations=2 (full 0):
 PSYoungGen      total 18944K, used 18928K [0x00000000feb00000, 0x0000000100000000, 0x0000000100000000)
  eden space 16384K, 100% used [0x00000000feb00000,0x00000000ffb00000,0x00000000ffb00000)
  from space 2560K, 99% used [0x00000000ffb00000,0x00000000ffd7c020,0x00000000ffd80000)
  to   space 2560K, 0% used [0x00000000ffd80000,0x00000000ffd80000,0x0000000100000000)
 ParOldGen       total 44032K, used 1548K [0x00000000fc000000, 0x00000000feb00000, 0x00000000feb00000)
  object space 44032K, 3% used [0x00000000fc000000,0x00000000fc183188,0x00000000feb00000)
 Metaspace       used 6963K, capacity 7148K, committed 7296K, reserved 1056768K
  class space    used 827K, capacity 892K, committed 896K, reserved 1048576K
Event: 2.318 GC heap after
Heap after GC invocations=2 (full 0):
 PSYoungGen      total 18944K, used 2533K [0x00000000feb00000, 0x0000000100000000, 0x0000000100000000)
  eden space 16384K, 0% used [0x00000000feb00000,0x00000000feb00000,0x00000000ffb00000)
  from space 2560K, 98% used [0x00000000ffd80000,0x00000000ffff9560,0x0000000100000000)
  to   space 2560K, 0% used [0x00000000ffb00000,0x00000000ffb00000,0x00000000ffd80000)
 ParOldGen       total 44032K, used 5688K [0x00000000fc000000, 0x00000000feb00000, 0x00000000feb00000)
  object space 44032K, 12% used [0x00000000fc000000,0x00000000fc58e360,0x00000000feb00000)
 Metaspace       used 6963K, capacity 7148K, committed 7296K, reserved 1056768K
  class space    used 827K, capacity 892K, committed 896K, reserved 1048576K
}
Event: 2.544 GC heap before
{Heap before GC invocations=3 (full 0):
 PSYoungGen      total 18944K, used 18917K [0x00000000feb00000, 0x0000000100000000, 0x0000000100000000)
  eden space 16384K, 100% used [0x00000000feb00000,0x00000000ffb00000,0x00000000ffb00000)
  from space 2560K, 98% used [0x00000000ffd80000,0x00000000ffff9560,0x0000000100000000)
  to   space 2560K, 0% used [0x00000000ffb00000,0x00000000ffb00000,0x00000000ffd80000)
 ParOldGen       total 44032K, used 5688K [0x00000000fc000000, 0x00000000feb00000, 0x00000000feb00000)
  object space 44032K, 12% used [0x00000000fc000000,0x00000000fc58e360,0x00000000feb00000)
 Metaspace       used 7575K, capacity 7724K, committed 7936K, reserved 1056768K
  class space    used 873K, capacity 956K, committed 1024K, reserved 1048576K
Event: 2.758 GC heap after
Heap after GC invocations=3 (full 0):
 PSYoungGen      total 18944K, used 2533K [0x00000000feb00000, 0x0000000100000000, 0x0000000100000000)
  eden space 16384K, 0% used [0x00000000feb00000,0x00000000feb00000,0x00000000ffb00000)
  from space 2560K, 98% used [0x00000000ffb00000,0x00000000ffd79540,0x00000000ffd80000)
  to   space 2560K, 0% used [0x00000000ffd80000,0x00000000ffd80000,0x0000000100000000)
 ParOldGen       total 44032K, used 6243K [0x00000000fc000000, 0x00000000feb00000, 0x00000000feb00000)
  object space 44032K, 14% used [0x00000000fc000000,0x00000000fc618ec8,0x00000000feb00000)
 Metaspace       used 7575K, capacity 7724K, committed 7936K, reserved 1056768K
  class space    used 873K, capacity 956K, committed 1024K, reserved 1048576K
}
Event: 2.860 GC heap before
{Heap before GC invocations=4 (full 0):
 PSYoungGen      total 18944K, used 18917K [0x00000000feb00000, 0x0000000100000000, 0x0000000100000000)
  eden space 16384K, 100% used [0x00000000feb00000,0x00000000ffb00000,0x00000000ffb00000)
  from space 2560K, 98% used [0x00000000ffb00000,0x00000000ffd79540,0x00000000ffd80000)
  to   space 2560K, 0% used [0x00000000ffd80000,0x00000000ffd80000,0x0000000100000000)
 ParOldGen       total 44032K, used 6243K [0x00000000fc000000, 0x00000000feb00000, 0x00000000feb00000)
  object space 44032K, 14% used [0x00000000fc000000,0x00000000fc618ec8,0x00000000feb00000)
 Metaspace       used 7645K, capacity 7852K, committed 7936K, reserved 1056768K
  class space    used 873K, capacity 956K, committed 1024K, reserved 1048576K
Event: 2.862 GC heap after
Heap after GC invocations=4 (full 0):
 PSYoungGen      total 18944K, used 2549K [0x00000000feb00000, 0x0000000100000000, 0x0000000100000000)
  eden space 16384K, 0% used [0x00000000feb00000,0x00000000feb00000,0x00000000ffb00000)
  from space 2560K, 99% used [0x00000000ffd80000,0x00000000ffffd550,0x0000000100000000)
  to   space 2560K, 0% used [0x00000000ffb00000,0x00000000ffb00000,0x00000000ffd80000)
 ParOldGen       total 44032K, used 6371K [0x00000000fc000000, 0x00000000feb00000, 0x00000000feb00000)
  object space 44032K, 14% used [0x00000000fc000000,0x00000000fc638ec8,0x00000000feb00000)
 Metaspace       used 7645K, capacity 7852K, committed 7936K, reserved 1056768K
  class space    used 873K, capacity 956K, committed 1024K, reserved 1048576K
}

Deoptimization events (10 events):
Event: 2.500 Thread 0x000000000208f000 Uncommon trap: reason=unstable_if action=reinterpret pc=0x0000000002982218 method=java.io.BufferedOutputStream.write(I)V @ 9
Event: 2.539 Thread 0x000000000208f000 Uncommon trap: reason=class_check action=maybe_recompile pc=0x00000000029e00f4 method=org.objectweb.asm.MethodVisitor.visitVarInsn(II)V @ 13
Event: 2.539 Thread 0x000000000208f000 Uncommon trap: reason=class_check action=maybe_recompile pc=0x00000000029e00f4 method=org.objectweb.asm.MethodVisitor.visitVarInsn(II)V @ 13
Event: 2.539 Thread 0x000000000208f000 Uncommon trap: reason=class_check action=maybe_recompile pc=0x00000000029e00f4 method=org.objectweb.asm.MethodVisitor.visitVarInsn(II)V @ 13
Event: 2.539 Thread 0x000000000208f000 Uncommon trap: reason=class_check action=maybe_recompile pc=0x00000000029e00a8 method=org.objectweb.asm.tree.VarInsnNode.accept(Lorg/objectweb/asm/MethodVisitor;)V @ 9
Event: 2.539 Thread 0x000000000208f000 Uncommon trap: reason=class_check action=maybe_recompile pc=0x00000000029e00a8 method=org.objectweb.asm.tree.VarInsnNode.accept(Lorg/objectweb/asm/MethodVisitor;)V @ 9
Event: 2.539 Thread 0x000000000208f000 Uncommon trap: reason=class_check action=maybe_recompile pc=0x00000000029e00a8 method=org.objectweb.asm.tree.VarInsnNode.accept(Lorg/objectweb/asm/MethodVisitor;)V @ 9
Event: 2.797 Thread 0x000000000208f000 Uncommon trap: reason=class_check action=maybe_recompile pc=0x00000000029e00f4 method=org.objectweb.asm.MethodVisitor.visitVarInsn(II)V @ 13
Event: 2.819 Thread 0x000000000208f000 Uncommon trap: reason=null_check action=make_not_entrant pc=0x0000000002a15acc method=com.google.devtools.build.android.desugar.InterfaceDesugaring$InterfaceInvocationRewriter.visitMethodInsn(ILjava/lang/String;Ljava/lang/String;Ljava/lang/String;Z)V @ 10
Event: 2.839 Thread 0x000000000208f000 Uncommon trap: reason=unstable_if action=reinterpret pc=0x0000000002963488 method=org.objectweb.asm.Item.a(Lorg/objectweb/asm/Item;)Z @ 345

Classes redefined (0 events):
No events

Internal exceptions (10 events):
Event: 2.031 Thread 0x000000000208f000 Exception <a 'sun/nio/fs/WindowsException'> (0x00000000ff16a2e8) thrown at [D:\src\AOSP-openjdk-cygwin\jdk8u\hotspot\src\share\vm\prims\jni.cpp, line 709]
Event: 2.031 Thread 0x000000000208f000 Exception <a 'sun/nio/fs/WindowsException'> (0x00000000ff16aab8) thrown at [D:\src\AOSP-openjdk-cygwin\jdk8u\hotspot\src\share\vm\prims\jni.cpp, line 709]
Event: 2.031 Thread 0x000000000208f000 Exception <a 'sun/nio/fs/WindowsException'> (0x00000000ff16b070) thrown at [D:\src\AOSP-openjdk-cygwin\jdk8u\hotspot\src\share\vm\prims\jni.cpp, line 709]
Event: 2.031 Thread 0x000000000208f000 Exception <a 'sun/nio/fs/WindowsException'> (0x00000000ff16b830) thrown at [D:\src\AOSP-openjdk-cygwin\jdk8u\hotspot\src\share\vm\prims\jni.cpp, line 709]
Event: 2.038 Thread 0x000000000208f000 Exception <a 'sun/nio/fs/WindowsException'> (0x00000000ff170ce8) thrown at [D:\src\AOSP-openjdk-cygwin\jdk8u\hotspot\src\share\vm\prims\jni.cpp, line 709]
Event: 2.251 Thread 0x000000000208f000 Exception <a 'sun/nio/fs/WindowsException'> (0x00000000ffaabb68) thrown at [D:\src\AOSP-openjdk-cygwin\jdk8u\hotspot\src\share\vm\prims\jni.cpp, line 709]
Event: 2.252 Thread 0x000000000208f000 Exception <a 'sun/nio/fs/WindowsException'> (0x00000000ffaac0f0) thrown at [D:\src\AOSP-openjdk-cygwin\jdk8u\hotspot\src\share\vm\prims\jni.cpp, line 709]
Event: 2.452 Thread 0x000000000208f000 Exception <a 'sun/nio/fs/WindowsException'> (0x00000000ff0aa840) thrown at [D:\src\AOSP-openjdk-cygwin\jdk8u\hotspot\src\share\vm\prims\jni.cpp, line 709]
Event: 2.452 Thread 0x000000000208f000 Exception <a 'sun/nio/fs/WindowsException'> (0x00000000ff0aad48) thrown at [D:\src\AOSP-openjdk-cygwin\jdk8u\hotspot\src\share\vm\prims\jni.cpp, line 709]
Event: 2.819 Thread 0x000000000208f000 Implicit null exception at 0x0000000002a157da to 0x0000000002a15aa9

Events (10 events):
Event: 2.835 Thread 0x000000000208f000 DEOPT UNPACKING pc=0x00000000026975bf sp=0x000000000237e9f8 mode 0
Event: 2.839 Thread 0x000000000208f000 Uncommon trap: trap_request=0xffffff65 fr.pc=0x0000000002963488
Event: 2.839 Thread 0x000000000208f000 DEOPT PACKING pc=0x0000000002963488 sp=0x000000000237eb50
Event: 2.839 Thread 0x000000000208f000 DEOPT UNPACKING pc=0x000000000269556a sp=0x000000000237eae8 mode 2
Event: 2.848 Thread 0x000000000208f000 DEOPT PACKING pc=0x0000000002948f70 sp=0x000000000237ecd0
Event: 2.848 Thread 0x000000000208f000 DEOPT UNPACKING pc=0x00000000026975bf sp=0x000000000237e9f8 mode 0
Event: 2.860 Executing VM operation: ParallelGCFailedAllocation
Event: 2.862 Executing VM operation: ParallelGCFailedAllocation done
Event: 2.866 Thread 0x000000000208f000 DEOPT PACKING pc=0x0000000002948f70 sp=0x000000000237ecd0
Event: 2.866 Thread 0x000000000208f000 DEOPT UNPACKING pc=0x00000000026975bf sp=0x000000000237e9f8 mode 0


Dynamic libraries:
0x000000013f080000 - 0x000000013f0b1000 	C:\Program Files\Android\Android Studio\jre\bin\java.exe
0x0000000077320000 - 0x00000000774bf000 	C:\Windows\SYSTEM32\ntdll.dll
0x0000000077100000 - 0x000000007721f000 	C:\Windows\system32\kernel32.dll
0x000007fefd290000 - 0x000007fefd2fa000 	C:\Windows\system32\KERNELBASE.dll
0x000007fefdf90000 - 0x000007fefe06b000 	C:\Windows\system32\ADVAPI32.dll
0x000007feff2f0000 - 0x000007feff38f000 	C:\Windows\system32\msvcrt.dll
0x000007fefe540000 - 0x000007fefe55f000 	C:\Windows\SYSTEM32\sechost.dll
0x000007fefd730000 - 0x000007fefd85d000 	C:\Windows\system32\RPCRT4.dll
0x0000000077220000 - 0x000000007731a000 	C:\Windows\system32\USER32.dll
0x000007fefda70000 - 0x000007fefdad7000 	C:\Windows\system32\GDI32.dll
0x000007fefe530000 - 0x000007fefe53e000 	C:\Windows\system32\LPK.dll
0x000007fefdec0000 - 0x000007fefdf8b000 	C:\Windows\system32\USP10.dll
0x000007fefb3c0000 - 0x000007fefb5b4000 	C:\Windows\WinSxS\amd64_microsoft.windows.common-controls_6595b64144ccf1df_6.0.7601.23403_none_e36ad4593102f066\COMCTL32.dll
0x000007fefde40000 - 0x000007fefdeb1000 	C:\Windows\system32\SHLWAPI.dll
0x000007fefde10000 - 0x000007fefde3e000 	C:\Windows\system32\IMM32.DLL
0x000007fefe420000 - 0x000007fefe529000 	C:\Windows\system32\MSCTF.dll
0x000007fefcf30000 - 0x000007fefcf60000 	C:\Windows\system32\nvinitx.dll
0x000007fefcf20000 - 0x000007fefcf2c000 	C:\Windows\system32\VERSION.dll
0x000007fefd280000 - 0x000007fefd285000 	C:\Windows\system32\api-ms-win-downlevel-advapi32-l1-1-0.dll
0x000007fefcdc0000 - 0x000007fefcde5000 	C:\Windows\system32\SspiCli.dll
0x0000000062c40000 - 0x0000000062d12000 	C:\Program Files\Android\Android Studio\jre\jre\bin\msvcr100.dll
0x0000000060290000 - 0x0000000060ace000 	C:\Program Files\Android\Android Studio\jre\jre\bin\server\jvm.dll
0x000007fef91f0000 - 0x000007fef91f9000 	C:\Windows\system32\WSOCK32.dll
0x000007fefdce0000 - 0x000007fefdd2d000 	C:\Windows\system32\WS2_32.dll
0x000007fefd720000 - 0x000007fefd728000 	C:\Windows\system32\NSI.dll
0x000007fefab60000 - 0x000007fefab9b000 	C:\Windows\system32\WINMM.dll
0x00000000774c0000 - 0x00000000774c7000 	C:\Windows\system32\PSAPI.DLL
0x000007feedd00000 - 0x000007feedd0f000 	C:\Program Files\Android\Android Studio\jre\jre\bin\verify.dll
0x000007fee69e0000 - 0x000007fee6a09000 	C:\Program Files\Android\Android Studio\jre\jre\bin\java.dll
0x000007feed980000 - 0x000007feed996000 	C:\Program Files\Android\Android Studio\jre\jre\bin\zip.dll
0x000007fefe560000 - 0x000007feff2eb000 	C:\Windows\system32\SHELL32.dll
0x000007fefdae0000 - 0x000007fefdcdd000 	C:\Windows\system32\ole32.dll
0x000007fefcff0000 - 0x000007fefcfff000 	C:\Windows\system32\profapi.dll
0x000007fefc7e0000 - 0x000007fefc7f8000 	C:\Windows\system32\CRYPTSP.dll
0x000007fefc4e0000 - 0x000007fefc527000 	C:\Windows\system32\rsaenh.dll
0x000007fefd1d0000 - 0x000007fefd1ef000 	C:\Windows\system32\USERENV.dll
0x000007fefce50000 - 0x000007fefce5f000 	C:\Windows\system32\CRYPTBASE.dll
0x000007fee8600000 - 0x000007fee861a000 	C:\Program Files\Android\Android Studio\jre\jre\bin\net.dll
0x000007fefc780000 - 0x000007fefc7d5000 	C:\Windows\system32\mswsock.dll
0x000007fefc770000 - 0x000007fefc777000 	C:\Windows\System32\wship6.dll
0x000007fefa6b0000 - 0x000007fefa6d7000 	C:\Windows\system32\IPHLPAPI.DLL
0x000007fefa6a0000 - 0x000007fefa6ab000 	C:\Windows\system32\WINNSI.DLL
0x000007fefa250000 - 0x000007fefa261000 	C:\Windows\system32\dhcpcsvc6.DLL
0x000007fefa230000 - 0x000007fefa248000 	C:\Windows\system32\dhcpcsvc.DLL
0x000007fedb0e0000 - 0x000007fedb0f1000 	C:\Program Files\Android\Android Studio\jre\jre\bin\nio.dll

VM Arguments:
jvm_args: -Djava.awt.headless=true -Xmx64M -Dfile.encoding=windows-1252 -Duser.country=US -Duser.language=en -Duser.variant 
java_command: com.google.devtools.build.android.desugar.Desugar @C:\Users\zhli\workspace\ReUnite\app\build\intermediates\tmp\desugar_args1411720873085112527
java_class_path (initial): C:\Users\zhli\AppData\Local\Temp\3\desugar_deploy.jar104985555399314533
Launcher Type: SUN_STANDARD

Environment Variables:
JAVA_HOME=C:\Program Files\Java\jdk1.8.0_131
PATH=C:\ProgramData\Oracle\Java\javapath;C:\Windows\system32;C:\Windows;C:\Windows\System32\Wbem;C:\Windows\System32\WindowsPowerShell\v1.0\;C:\Program Files\Java\jdk1.8.0_131\bin;C:\Program Files\ActivIdentity\ActivClient\;C:\Program Files (x86)\ActivIdentity\ActivClient\;C:\Program Files\VanDyke Software\Clients\;C:\Program Files\TortoiseSVN\bin;C:\Program Files\nodejs\;C:\Windows\System32\WindowsPowerShell\v1.0\;C:\Windows\System32\WindowsPowerShell\v1.0\;C:\Program Files\Git\cmd;C:\Program Files (x86)\GtkSharp\2.12\bin;C:\Users\zhli\AppData\Roaming\npm;C:\Users\zhli\AppData\Local\atom\bin;C:\Users\zhli\Bin\flutter\bin;
USERNAME=zhli
OS=Windows_NT
PROCESSOR_IDENTIFIER=Intel64 Family 6 Model 94 Stepping 3, GenuineIntel



---------------  S Y S T E M  ---------------

OS: Windows 7 , 64 bit Build 7601 (6.1.7601.24024)

CPU:total 8 (initial active 8) (4 cores per cpu, 2 threads per core) family 6 model 94 stepping 3, cmov, cx8, fxsr, mmx, sse, sse2, sse3, ssse3, sse4.1, sse4.2, popcnt, avx, avx2, aes, clmul, erms, rtm, 3dnowpref, lzcnt, ht, tsc, tscinvbit, bmi1, bmi2, adx

Memory: 4k page, physical 16701228k(425884k free), swap 20893656k(13116k free)

vm_info: OpenJDK 64-Bit Server VM (25.152-b01) for windows-amd64 JRE (1.8.0_152-release-915-b01), built by "builder" with MS VC++ 10.0 (VS2010)

time: Thu Mar 08 13:24:38 2018
elapsed time: 3 seconds (0d 0h 0m 3s)

