#
# There is insufficient memory for the Java Runtime Environment to continue.
# Native memory allocation (malloc) failed to allocate 772336 bytes for Chunk::new
# Possible reasons:
#   The system is out of physical RAM or swap space
#   In 32 bit mode, the process size limit was hit
# Possible solutions:
#   Reduce memory load on the system
#   Increase physical memory or swap space
#   Check if swap backing store is full
#   Use 64 bit Java on a 64 bit OS
#   Decrease Java heap size (-Xmx/-Xms)
#   Decrease number of Java threads
#   Decrease Java thread stack sizes (-Xss)
#   Set larger code cache with -XX:ReservedCodeCacheSize=
# This output file may be truncated or incomplete.
#
#  Out of Memory Error (allocation.cpp:390), pid=6704, tid=0x000000000000190c
#
# JRE version: OpenJDK Runtime Environment (8.0_152-b01) (build 1.8.0_152-release-915-b01)
# Java VM: OpenJDK 64-Bit Server VM (25.152-b01 mixed mode windows-amd64 compressed oops)
# Failed to write core dump. Minidumps are not enabled by default on client versions of Windows
#

---------------  T H R E A D  ---------------

Current thread (0x000000005309e000):  JavaThread "C2 CompilerThread1" daemon [_thread_in_native, id=6412, stack(0x0000000055930000,0x0000000055a30000)]

Stack: [0x0000000055930000,0x0000000055a30000]
[error occurred during error reporting (printing stack bounds), id 0xc0000005]

Native frames: (J=compiled Java code, j=interpreted, Vv=VM code, C=native code)


Current CompileTask:
C2:   2516 1219 %     4       org.objectweb.asm.ClassReader::a @ 74 (3587 bytes)


---------------  P R O C E S S  ---------------

Java Threads: ( => current thread )
  0x0000000053fc1000 JavaThread "Service Thread" daemon [_thread_blocked, id=7624, stack(0x0000000055d10000,0x0000000055e10000)]
  0x0000000053f51000 JavaThread "C1 CompilerThread3" daemon [_thread_blocked, id=1612, stack(0x0000000055a30000,0x0000000055b30000)]
  0x000000005309f000 JavaThread "C2 CompilerThread2" daemon [_thread_in_native, id=8448, stack(0x00000000553e0000,0x00000000554e0000)]
=>0x000000005309e000 JavaThread "C2 CompilerThread1" daemon [_thread_in_native, id=6412, stack(0x0000000055930000,0x0000000055a30000)]
  0x0000000053f21800 JavaThread "C2 CompilerThread0" daemon [_thread_in_native, id=8968, stack(0x0000000055830000,0x0000000055930000)]
  0x0000000053f2f800 JavaThread "Attach Listener" daemon [_thread_blocked, id=3840, stack(0x00000000556a0000,0x00000000557a0000)]
  0x0000000053f2e800 JavaThread "Signal Dispatcher" daemon [_thread_blocked, id=2008, stack(0x0000000055590000,0x0000000055690000)]
  0x000000005308e000 JavaThread "Finalizer" daemon [_thread_blocked, id=11312, stack(0x00000000552a0000,0x00000000553a0000)]
  0x0000000053085000 JavaThread "Reference Handler" daemon [_thread_blocked, id=11320, stack(0x0000000055110000,0x0000000055210000)]
  0x000000000045f000 JavaThread "main" [_thread_in_Java, id=3352, stack(0x00000000020a0000,0x00000000021a0000)]

Other Threads:
  0x0000000053ed1800 VMThread [stack: 0x0000000054f80000,0x0000000055080000] [id=5948]
  0x0000000053f8f000 WatcherThread [stack: 0x0000000055c10000,0x0000000055d10000] [id=11380]

VM state:not at safepoint (normal execution)

VM Mutex/Monitor currently owned by a thread: None

Heap:
 PSYoungGen      total 18944K, used 13995K [0x00000000feb00000, 0x0000000100000000, 0x0000000100000000)
  eden space 16384K, 69% used [0x00000000feb00000,0x00000000ff62c638,0x00000000ffb00000)
  from space 2560K, 99% used [0x00000000ffd80000,0x00000000ffffe830,0x0000000100000000)
  to   space 2560K, 0% used [0x00000000ffb00000,0x00000000ffb00000,0x00000000ffd80000)
 ParOldGen       total 44032K, used 6357K [0x00000000fc000000, 0x00000000feb00000, 0x00000000feb00000)
  object space 44032K, 14% used [0x00000000fc000000,0x00000000fc635458,0x00000000feb00000)
 Metaspace       used 7702K, capacity 7916K, committed 8192K, reserved 1056768K
  class space    used 876K, capacity 956K, committed 1024K, reserved 1048576K

Card table byte_map: [0x0000000000480000,0x00000000004b0000] byte_map_base: 0xffffffffffca0000

Marking Bits: (ParMarkBitMap*) 0x0000000060a53950
 Begin Bits: [0x00000000124a0000, 0x00000000125a0000)
 End Bits:   [0x00000000125a0000, 0x00000000126a0000)

Polling page: 0x0000000000440000

CodeCache: size=245760Kb used=4909Kb max_used=4916Kb free=240850Kb
 bounds [0x0000000002470000, 0x0000000002950000, 0x0000000011470000]
 total_blobs=1565 nmethods=1232 adapters=245
 compilation: enabled

Compilation events (10 events):
Event: 2.476 Thread 0x000000005309f000 nmethod 1226 0x000000000293e610 code [0x000000000293e820, 0x000000000293f9f8]
Event: 2.476 Thread 0x000000005309f000 1232       4       java.util.HashMap::resize (359 bytes)
Event: 2.482 Thread 0x000000005309f000 nmethod 1232 0x000000000293dc10 code [0x000000000293dda0, 0x000000000293e2f8]
Event: 2.482 Thread 0x000000005309f000 1233       4       org.objectweb.asm.ClassReader::readConst (283 bytes)
Event: 2.488 Thread 0x000000005309f000 nmethod 1233 0x000000000293ca90 code [0x000000000293cd40, 0x000000000293d3d8]
Event: 2.488 Thread 0x000000005309f000 1227       4       org.objectweb.asm.tree.FrameNode::<init> (111 bytes)
Event: 2.498 Thread 0x000000005309f000 nmethod 1227 0x0000000002942ed0 code [0x00000000029430a0, 0x0000000002943ab8]
Event: 2.499 Thread 0x000000005309f000 1234       4       com.google.devtools.build.android.desugar.InvokeDynamicLambdaMethodCollector::visitMethod (24 bytes)
Event: 2.500 Thread 0x000000005309f000 nmethod 1234 0x000000000293aed0 code [0x000000000293b020, 0x000000000293b138]
Event: 2.500 Thread 0x000000005309f000 1235       4       com.google.devtools.build.android.desugar.LambdaDesugaring::visitMethod (206 bytes)

GC Heap History (8 events):
Event: 0.307 GC heap before
{Heap before GC invocations=1 (full 0):
 PSYoungGen      total 18944K, used 16384K [0x00000000feb00000, 0x0000000100000000, 0x0000000100000000)
  eden space 16384K, 100% used [0x00000000feb00000,0x00000000ffb00000,0x00000000ffb00000)
  from space 2560K, 0% used [0x00000000ffd80000,0x00000000ffd80000,0x0000000100000000)
  to   space 2560K, 0% used [0x00000000ffb00000,0x00000000ffb00000,0x00000000ffd80000)
 ParOldGen       total 44032K, used 0K [0x00000000fc000000, 0x00000000feb00000, 0x00000000feb00000)
  object space 44032K, 0% used [0x00000000fc000000,0x00000000fc000000,0x00000000feb00000)
 Metaspace       used 6485K, capacity 6682K, committed 6784K, reserved 1056768K
  class space    used 771K, capacity 823K, committed 896K, reserved 1048576K
Event: 0.311 GC heap after
Heap after GC invocations=1 (full 0):
 PSYoungGen      total 18944K, used 2544K [0x00000000feb00000, 0x0000000100000000, 0x0000000100000000)
  eden space 16384K, 0% used [0x00000000feb00000,0x00000000feb00000,0x00000000ffb00000)
  from space 2560K, 99% used [0x00000000ffb00000,0x00000000ffd7c020,0x00000000ffd80000)
  to   space 2560K, 0% used [0x00000000ffd80000,0x00000000ffd80000,0x0000000100000000)
 ParOldGen       total 44032K, used 1561K [0x00000000fc000000, 0x00000000feb00000, 0x00000000feb00000)
  object space 44032K, 3% used [0x00000000fc000000,0x00000000fc186448,0x00000000feb00000)
 Metaspace       used 6485K, capacity 6682K, committed 6784K, reserved 1056768K
  class space    used 771K, capacity 823K, committed 896K, reserved 1048576K
}
Event: 0.539 GC heap before
{Heap before GC invocations=2 (full 0):
 PSYoungGen      total 18944K, used 18928K [0x00000000feb00000, 0x0000000100000000, 0x0000000100000000)
  eden space 16384K, 100% used [0x00000000feb00000,0x00000000ffb00000,0x00000000ffb00000)
  from space 2560K, 99% used [0x00000000ffb00000,0x00000000ffd7c020,0x00000000ffd80000)
  to   space 2560K, 0% used [0x00000000ffd80000,0x00000000ffd80000,0x0000000100000000)
 ParOldGen       total 44032K, used 1561K [0x00000000fc000000, 0x00000000feb00000, 0x00000000feb00000)
  object space 44032K, 3% used [0x00000000fc000000,0x00000000fc186448,0x00000000feb00000)
 Metaspace       used 6948K, capacity 7084K, committed 7296K, reserved 1056768K
  class space    used 825K, capacity 892K, committed 896K, reserved 1048576K
Event: 0.566 GC heap after
Heap after GC invocations=2 (full 0):
 PSYoungGen      total 18944K, used 2554K [0x00000000feb00000, 0x0000000100000000, 0x0000000100000000)
  eden space 16384K, 0% used [0x00000000feb00000,0x00000000feb00000,0x00000000ffb00000)
  from space 2560K, 99% used [0x00000000ffd80000,0x00000000ffffe830,0x0000000100000000)
  to   space 2560K, 0% used [0x00000000ffb00000,0x00000000ffb00000,0x00000000ffd80000)
 ParOldGen       total 44032K, used 5688K [0x00000000fc000000, 0x00000000feb00000, 0x00000000feb00000)
  object space 44032K, 12% used [0x00000000fc000000,0x00000000fc58e340,0x00000000feb00000)
 Metaspace       used 6948K, capacity 7084K, committed 7296K, reserved 1056768K
  class space    used 825K, capacity 892K, committed 896K, reserved 1048576K
}
Event: 0.847 GC heap before
{Heap before GC invocations=3 (full 0):
 PSYoungGen      total 18944K, used 18938K [0x00000000feb00000, 0x0000000100000000, 0x0000000100000000)
  eden space 16384K, 100% used [0x00000000feb00000,0x00000000ffb00000,0x00000000ffb00000)
  from space 2560K, 99% used [0x00000000ffd80000,0x00000000ffffe830,0x0000000100000000)
  to   space 2560K, 0% used [0x00000000ffb00000,0x00000000ffb00000,0x00000000ffd80000)
 ParOldGen       total 44032K, used 5688K [0x00000000fc000000, 0x00000000feb00000, 0x00000000feb00000)
  object space 44032K, 12% used [0x00000000fc000000,0x00000000fc58e340,0x00000000feb00000)
 Metaspace       used 7585K, capacity 7724K, committed 7936K, reserved 1056768K
  class space    used 873K, capacity 956K, committed 1024K, reserved 1048576K
Event: 1.379 GC heap after
Heap after GC invocations=3 (full 0):
 PSYoungGen      total 18944K, used 2554K [0x00000000feb00000, 0x0000000100000000, 0x0000000100000000)
  eden space 16384K, 0% used [0x00000000feb00000,0x00000000feb00000,0x00000000ffb00000)
  from space 2560K, 99% used [0x00000000ffb00000,0x00000000ffd7e830,0x00000000ffd80000)
  to   space 2560K, 0% used [0x00000000ffd80000,0x00000000ffd80000,0x0000000100000000)
 ParOldGen       total 44032K, used 6309K [0x00000000fc000000, 0x00000000feb00000, 0x00000000feb00000)
  object space 44032K, 14% used [0x00000000fc000000,0x00000000fc629458,0x00000000feb00000)
 Metaspace       used 7585K, capacity 7724K, committed 7936K, reserved 1056768K
  class space    used 873K, capacity 956K, committed 1024K, reserved 1048576K
}
Event: 1.800 GC heap before
{Heap before GC invocations=4 (full 0):
 PSYoungGen      total 18944K, used 18938K [0x00000000feb00000, 0x0000000100000000, 0x0000000100000000)
  eden space 16384K, 100% used [0x00000000feb00000,0x00000000ffb00000,0x00000000ffb00000)
  from space 2560K, 99% used [0x00000000ffb00000,0x00000000ffd7e830,0x00000000ffd80000)
  to   space 2560K, 0% used [0x00000000ffd80000,0x00000000ffd80000,0x0000000100000000)
 ParOldGen       total 44032K, used 6309K [0x00000000fc000000, 0x00000000feb00000, 0x00000000feb00000)
  object space 44032K, 14% used [0x00000000fc000000,0x00000000fc629458,0x00000000feb00000)
 Metaspace       used 7683K, capacity 7852K, committed 7936K, reserved 1056768K
  class space    used 876K, capacity 956K, committed 1024K, reserved 1048576K
Event: 2.349 GC heap after
Heap after GC invocations=4 (full 0):
 PSYoungGen      total 18944K, used 2554K [0x00000000feb00000, 0x0000000100000000, 0x0000000100000000)
  eden space 16384K, 0% used [0x00000000feb00000,0x00000000feb00000,0x00000000ffb00000)
  from space 2560K, 99% used [0x00000000ffd80000,0x00000000ffffe830,0x0000000100000000)
  to   space 2560K, 0% used [0x00000000ffb00000,0x00000000ffb00000,0x00000000ffd80000)
 ParOldGen       total 44032K, used 6357K [0x00000000fc000000, 0x00000000feb00000, 0x00000000feb00000)
  object space 44032K, 14% used [0x00000000fc000000,0x00000000fc635458,0x00000000feb00000)
 Metaspace       used 7683K, capacity 7852K, committed 7936K, reserved 1056768K
  class space    used 876K, capacity 956K, committed 1024K, reserved 1048576K
}

Deoptimization events (10 events):
Event: 1.715 Thread 0x000000000045f000 Uncommon trap: reason=bimorphic action=maybe_recompile pc=0x0000000002826d88 method=org.objectweb.asm.MethodVisitor.visitInsn(I)V @ 12
Event: 1.715 Thread 0x000000000045f000 Uncommon trap: reason=bimorphic action=maybe_recompile pc=0x000000000281874c method=org.objectweb.asm.MethodVisitor.visitMethodInsn(ILjava/lang/String;Ljava/lang/String;Ljava/lang/String;Z)V @ 64
Event: 1.715 Thread 0x000000000045f000 Uncommon trap: reason=bimorphic action=maybe_recompile pc=0x0000000002889810 method=org.objectweb.asm.MethodVisitor.visitFieldInsn(ILjava/lang/String;Ljava/lang/String;Ljava/lang/String;)V @ 16
Event: 1.716 Thread 0x000000000045f000 Uncommon trap: reason=bimorphic action=maybe_recompile pc=0x0000000002826d88 method=org.objectweb.asm.MethodVisitor.visitInsn(I)V @ 12
Event: 1.716 Thread 0x000000000045f000 Uncommon trap: reason=bimorphic action=maybe_recompile pc=0x0000000002883494 method=org.objectweb.asm.MethodVisitor.visitMaxs(II)V @ 13
Event: 1.718 Thread 0x000000000045f000 Uncommon trap: reason=bimorphic action=maybe_recompile pc=0x0000000002826d6c method=org.objectweb.asm.tree.InsnNode.accept(Lorg/objectweb/asm/MethodVisitor;)V @ 5
Event: 1.718 Thread 0x000000000045f000 Uncommon trap: reason=bimorphic action=maybe_recompile pc=0x0000000002826d6c method=org.objectweb.asm.tree.InsnNode.accept(Lorg/objectweb/asm/MethodVisitor;)V @ 5
Event: 1.772 Thread 0x000000000045f000 Uncommon trap: reason=unstable_if action=reinterpret pc=0x00000000027cb1bc method=org.objectweb.asm.ClassReader.readUTF8(I[C)Ljava/lang/String; @ 11
Event: 2.370 Thread 0x000000000045f000 Uncommon trap: reason=unstable_if action=reinterpret pc=0x00000000028f31ec method=org.objectweb.asm.ClassReader.a(Lorg/objectweb/asm/MethodVisitor;Lorg/objectweb/asm/Context;I)V @ 800
Event: 2.371 Thread 0x000000000045f000 Uncommon trap: reason=unstable_if action=reinterpret pc=0x00000000028531d4 method=org.objectweb.asm.ClassReader.a(Lorg/objectweb/asm/MethodVisitor;Lorg/objectweb/asm/Context;I)V @ 669

Classes redefined (0 events):
No events

Internal exceptions (10 events):
Event: 1.459 Thread 0x000000000045f000 Exception <a 'sun/nio/fs/WindowsException'> (0x00000000fee2e3b8) thrown at [D:\src\AOSP-openjdk-cygwin\jdk8u\hotspot\src\share\vm\prims\jni.cpp, line 709]
Event: 1.459 Thread 0x000000000045f000 Exception <a 'sun/nio/fs/WindowsException'> (0x00000000fee2e8c0) thrown at [D:\src\AOSP-openjdk-cygwin\jdk8u\hotspot\src\share\vm\prims\jni.cpp, line 709]
Event: 1.761 Thread 0x000000000045f000 Exception <a 'sun/nio/fs/WindowsException'> (0x00000000ff4258a0) thrown at [D:\src\AOSP-openjdk-cygwin\jdk8u\hotspot\src\share\vm\prims\jni.cpp, line 709]
Event: 1.761 Thread 0x000000000045f000 Exception <a 'sun/nio/fs/WindowsException'> (0x00000000ff425da8) thrown at [D:\src\AOSP-openjdk-cygwin\jdk8u\hotspot\src\share\vm\prims\jni.cpp, line 709]
Event: 1.771 Thread 0x000000000045f000 Exception <a 'sun/nio/fs/WindowsException'> (0x00000000ff59a850) thrown at [D:\src\AOSP-openjdk-cygwin\jdk8u\hotspot\src\share\vm\prims\jni.cpp, line 709]
Event: 1.771 Thread 0x000000000045f000 Exception <a 'sun/nio/fs/WindowsException'> (0x00000000ff59ad58) thrown at [D:\src\AOSP-openjdk-cygwin\jdk8u\hotspot\src\share\vm\prims\jni.cpp, line 709]
Event: 2.356 Thread 0x000000000045f000 Exception <a 'sun/nio/fs/WindowsException'> (0x00000000fec73840) thrown at [D:\src\AOSP-openjdk-cygwin\jdk8u\hotspot\src\share\vm\prims\jni.cpp, line 709]
Event: 2.356 Thread 0x000000000045f000 Exception <a 'sun/nio/fs/WindowsException'> (0x00000000fec73d48) thrown at [D:\src\AOSP-openjdk-cygwin\jdk8u\hotspot\src\share\vm\prims\jni.cpp, line 709]
Event: 2.448 Thread 0x000000000045f000 Exception <a 'sun/nio/fs/WindowsException'> (0x00000000ff26e200) thrown at [D:\src\AOSP-openjdk-cygwin\jdk8u\hotspot\src\share\vm\prims\jni.cpp, line 709]
Event: 2.448 Thread 0x000000000045f000 Exception <a 'sun/nio/fs/WindowsException'> (0x00000000ff26e708) thrown at [D:\src\AOSP-openjdk-cygwin\jdk8u\hotspot\src\share\vm\prims\jni.cpp, line 709]

Events (10 events):
Event: 1.800 Executing VM operation: ParallelGCFailedAllocation
Event: 2.349 Executing VM operation: ParallelGCFailedAllocation done
Event: 2.352 Thread 0x000000000045f000 DEOPT PACKING pc=0x0000000002732ea0 sp=0x000000000219e9d0
Event: 2.352 Thread 0x000000000045f000 DEOPT UNPACKING pc=0x00000000024b75bf sp=0x000000000219e980 mode 0
Event: 2.370 Thread 0x000000000045f000 Uncommon trap: trap_request=0xffffff65 fr.pc=0x00000000028f31ec
Event: 2.370 Thread 0x000000000045f000 DEOPT PACKING pc=0x00000000028f31ec sp=0x000000000219ec60
Event: 2.370 Thread 0x000000000045f000 DEOPT UNPACKING pc=0x00000000024b556a sp=0x000000000219ec08 mode 2
Event: 2.371 Thread 0x000000000045f000 Uncommon trap: trap_request=0xffffff65 fr.pc=0x00000000028531d4
Event: 2.371 Thread 0x000000000045f000 DEOPT PACKING pc=0x00000000028531d4 sp=0x000000000219ec50
Event: 2.371 Thread 0x000000000045f000 DEOPT UNPACKING pc=0x00000000024b556a sp=0x000000000219ec08 mode 2


Dynamic libraries:
0x000000013f080000 - 0x000000013f0b1000 	C:\Program Files\Android\Android Studio\jre\bin\java.exe
0x0000000077320000 - 0x00000000774bf000 	C:\Windows\SYSTEM32\ntdll.dll
0x0000000077100000 - 0x000000007721f000 	C:\Windows\system32\kernel32.dll
0x000007fefd290000 - 0x000007fefd2fa000 	C:\Windows\system32\KERNELBASE.dll
0x000007fefdf90000 - 0x000007fefe06b000 	C:\Windows\system32\ADVAPI32.dll
0x000007feff2f0000 - 0x000007feff38f000 	C:\Windows\system32\msvcrt.dll
0x000007fefe540000 - 0x000007fefe55f000 	C:\Windows\SYSTEM32\sechost.dll
0x000007fefd730000 - 0x000007fefd85d000 	C:\Windows\system32\RPCRT4.dll
0x0000000077220000 - 0x000000007731a000 	C:\Windows\system32\USER32.dll
0x000007fefda70000 - 0x000007fefdad7000 	C:\Windows\system32\GDI32.dll
0x000007fefe530000 - 0x000007fefe53e000 	C:\Windows\system32\LPK.dll
0x000007fefdec0000 - 0x000007fefdf8b000 	C:\Windows\system32\USP10.dll
0x000007fefb3c0000 - 0x000007fefb5b4000 	C:\Windows\WinSxS\amd64_microsoft.windows.common-controls_6595b64144ccf1df_6.0.7601.23403_none_e36ad4593102f066\COMCTL32.dll
0x000007fefde40000 - 0x000007fefdeb1000 	C:\Windows\system32\SHLWAPI.dll
0x000007fefde10000 - 0x000007fefde3e000 	C:\Windows\system32\IMM32.DLL
0x000007fefe420000 - 0x000007fefe529000 	C:\Windows\system32\MSCTF.dll
0x000007fefcf30000 - 0x000007fefcf60000 	C:\Windows\system32\nvinitx.dll
0x000007fefcf20000 - 0x000007fefcf2c000 	C:\Windows\system32\VERSION.dll
0x000007fefd280000 - 0x000007fefd285000 	C:\Windows\system32\api-ms-win-downlevel-advapi32-l1-1-0.dll
0x000007fefcdc0000 - 0x000007fefcde5000 	C:\Windows\system32\SspiCli.dll
0x0000000062c40000 - 0x0000000062d12000 	C:\Program Files\Android\Android Studio\jre\jre\bin\msvcr100.dll
0x0000000060290000 - 0x0000000060ace000 	C:\Program Files\Android\Android Studio\jre\jre\bin\server\jvm.dll
0x000007fef91f0000 - 0x000007fef91f9000 	C:\Windows\system32\WSOCK32.dll
0x000007fefdce0000 - 0x000007fefdd2d000 	C:\Windows\system32\WS2_32.dll
0x000007fefd720000 - 0x000007fefd728000 	C:\Windows\system32\NSI.dll
0x000007fefab60000 - 0x000007fefab9b000 	C:\Windows\system32\WINMM.dll
0x00000000774c0000 - 0x00000000774c7000 	C:\Windows\system32\PSAPI.DLL
0x000007feedd00000 - 0x000007feedd0f000 	C:\Program Files\Android\Android Studio\jre\jre\bin\verify.dll
0x000007fee69e0000 - 0x000007fee6a09000 	C:\Program Files\Android\Android Studio\jre\jre\bin\java.dll
0x000007feed980000 - 0x000007feed996000 	C:\Program Files\Android\Android Studio\jre\jre\bin\zip.dll
0x000007fefe560000 - 0x000007feff2eb000 	C:\Windows\system32\SHELL32.dll
0x000007fefdae0000 - 0x000007fefdcdd000 	C:\Windows\system32\ole32.dll
0x000007fefcff0000 - 0x000007fefcfff000 	C:\Windows\system32\profapi.dll
0x000007fefc7e0000 - 0x000007fefc7f8000 	C:\Windows\system32\CRYPTSP.dll
0x000007fefc4e0000 - 0x000007fefc527000 	C:\Windows\system32\rsaenh.dll
0x000007fefd1d0000 - 0x000007fefd1ef000 	C:\Windows\system32\USERENV.dll
0x000007fefce50000 - 0x000007fefce5f000 	C:\Windows\system32\CRYPTBASE.dll
0x000007fee8600000 - 0x000007fee861a000 	C:\Program Files\Android\Android Studio\jre\jre\bin\net.dll
0x000007fefc780000 - 0x000007fefc7d5000 	C:\Windows\system32\mswsock.dll
0x000007fefc770000 - 0x000007fefc777000 	C:\Windows\System32\wship6.dll
0x000007fefa6b0000 - 0x000007fefa6d7000 	C:\Windows\system32\IPHLPAPI.DLL
0x000007fefa6a0000 - 0x000007fefa6ab000 	C:\Windows\system32\WINNSI.DLL
0x000007fefa250000 - 0x000007fefa261000 	C:\Windows\system32\dhcpcsvc6.DLL
0x000007fefa230000 - 0x000007fefa248000 	C:\Windows\system32\dhcpcsvc.DLL
0x000007fedb0e0000 - 0x000007fedb0f1000 	C:\Program Files\Android\Android Studio\jre\jre\bin\nio.dll

VM Arguments:
jvm_args: -Djava.awt.headless=true -Xmx64M -Dfile.encoding=windows-1252 -Duser.country=US -Duser.language=en -Duser.variant 
java_command: com.google.devtools.build.android.desugar.Desugar @C:\Users\zhli\workspace\ReUnite\app\build\intermediates\tmp\desugar_args1943610205880625693
java_class_path (initial): C:\Users\zhli\AppData\Local\Temp\3\desugar_deploy.jar104985555399314533
Launcher Type: SUN_STANDARD

Environment Variables:
JAVA_HOME=C:\Program Files\Java\jdk1.8.0_131
PATH=C:\ProgramData\Oracle\Java\javapath;C:\Windows\system32;C:\Windows;C:\Windows\System32\Wbem;C:\Windows\System32\WindowsPowerShell\v1.0\;C:\Program Files\Java\jdk1.8.0_131\bin;C:\Program Files\ActivIdentity\ActivClient\;C:\Program Files (x86)\ActivIdentity\ActivClient\;C:\Program Files\VanDyke Software\Clients\;C:\Program Files\TortoiseSVN\bin;C:\Program Files\nodejs\;C:\Windows\System32\WindowsPowerShell\v1.0\;C:\Windows\System32\WindowsPowerShell\v1.0\;C:\Program Files\Git\cmd;C:\Program Files (x86)\GtkSharp\2.12\bin;C:\Users\zhli\AppData\Roaming\npm;C:\Users\zhli\AppData\Local\atom\bin;C:\Users\zhli\Bin\flutter\bin;
USERNAME=zhli
OS=Windows_NT
PROCESSOR_IDENTIFIER=Intel64 Family 6 Model 94 Stepping 3, GenuineIntel



---------------  S Y S T E M  ---------------

OS: Windows 7 , 64 bit Build 7601 (6.1.7601.24024)

CPU:total 8 (initial active 8) (4 cores per cpu, 2 threads per core) family 6 model 94 stepping 3, cmov, cx8, fxsr, mmx, sse, sse2, sse3, ssse3, sse4.1, sse4.2, popcnt, avx, avx2, aes, clmul, erms, rtm, 3dnowpref, lzcnt, ht, tsc, tscinvbit, bmi1, bmi2, adx

Memory: 4k page, physical 16701228k(484756k free), swap 20893656k(5112k free)

vm_info: OpenJDK 64-Bit Server VM (25.152-b01) for windows-amd64 JRE (1.8.0_152-release-915-b01), built by "builder" with MS VC++ 10.0 (VS2010)

time: Thu Mar 08 13:44:36 2018
elapsed time: 2 seconds (0d 0h 0m 2s)

