#
# A fatal error has been detected by the Java Runtime Environment:
#
#  EXCEPTION_ACCESS_VIOLATION (0xc0000005) at pc=0x000000005dc6c5f7, pid=10040, tid=0x0000000000002474
#
# JRE version: OpenJDK Runtime Environment (8.0_152-b01) (build 1.8.0_152-release-915-b01)
# Java VM: OpenJDK 64-Bit Server VM (25.152-b01 mixed mode windows-amd64 compressed oops)
# Problematic frame:
# V  [jvm.dll+0x1ec5f7]
#
# Failed to write core dump. Minidumps are not enabled by default on client versions of Windows
#
# If you would like to submit a bug report, please visit:
#   http://bugreport.java.com/bugreport/crash.jsp
#

---------------  T H R E A D  ---------------

Current thread (0x00000000541d1000):  JavaThread "Signal Dispatcher" daemon [_thread_in_vm, id=9332, stack(0x00000000555f0000,0x00000000556f0000)]

siginfo: ExceptionCode=0xc0000005, writing address 0x00000000556ea160

Registers:
RAX=0x00000000556ea160, RBX=0x0000000000000006, RCX=0x0000000000005000, RDX=0x0000000000000006
RSP=0x00000000556ef160, RBP=0x0000000000000000, RSI=0x00000000556ef160, RDI=0x0000000000000006
R8 =0x0000000000000006, R9 =0x00000000541d07f0, R10=0x000000005275da70, R11=0x00000000555fa150
R12=0x00000000541d07f0, R13=0x00000000541d1000, R14=0x00000000556ef228, R15=0x000000005275da70
RIP=0x000000005dc6c5f7, EFLAGS=0x0000000000010206

Top of Stack: (sp=0x00000000556ef160)
0x00000000556ef160:   0000000000000478 0000000000000480
0x00000000556ef170:   00000000541d1000 00000000541d07f0
0x00000000556ef180:   00000000ffffffff 000000005dc6d527
0x00000000556ef190:   00000000556ef290 000000005275da70
0x00000000556ef1a0:   00000000541d1000 000000005db1b2d3
0x00000000556ef1b0:   00000000556ef1f0 00000000541d1000
0x00000000556ef1c0:   00000000556ef280 00000000541d1000
0x00000000556ef1d0:   000000005275da70 00000000541d1000
0x00000000556ef1e0:   00000000026c2f20 00000000541d1000
0x00000000556ef1f0:   000000005275da70 00000000541d1000
0x00000000556ef200:   000000005275da70 00000000541d1000
0x00000000556ef210:   0000000000000001 000000005275da70
0x00000000556ef220:   00000000541d1000 0000000053120870
0x00000000556ef230:   00000000541d1000 000000005db1c7bd
0x00000000556ef240:   00000000556ef638 00000000127366b0
0x00000000556ef250:   00000000127366b0 000007fefcf436e5 

Instructions: (pc=0x000000005dc6c5f7)
0x000000005dc6c5d7:   48 89 6c 24 30 33 ed 66 90 e8 ab bf 07 00 ff c3
0x000000005dc6c5e7:   48 63 c8 48 8b c6 48 0f af cf 48 ff c7 48 2b c1
0x000000005dc6c5f7:   89 28 48 63 c3 48 3b 05 a5 3f 57 00 7e db 48 8b
0x000000005dc6c607:   6c 24 30 48 8b 5c 24 38 48 8b 74 24 40 48 83 c4 


Register to memory mapping:

RAX=0x00000000556ea160 is pointing into the stack for thread: 0x00000000541d1000
RBX=0x0000000000000006 is an unknown value
RCX=0x0000000000005000 is an unknown value
RDX=0x0000000000000006 is an unknown value
RSP=0x00000000556ef160 is pointing into the stack for thread: 0x00000000541d1000
RBP=0x0000000000000000 is an unknown value
RSI=0x00000000556ef160 is pointing into the stack for thread: 0x00000000541d1000
RDI=0x0000000000000006 is an unknown value
R8 =0x0000000000000006 is an unknown value
R9 =0x00000000541d07f0 is an unknown value
R10={method} {0x000000005275da78} 'exit' '()V' in 'java/lang/Thread'
R11=0x00000000555fa150 is pointing into the stack for thread: 0x00000000541d1000
R12=0x00000000541d07f0 is an unknown value
R13=0x00000000541d1000 is a thread
R14=0x00000000556ef228 is pointing into the stack for thread: 0x00000000541d1000
R15={method} {0x000000005275da78} 'exit' '()V' in 'java/lang/Thread'


Stack: [0x00000000555f0000,0x00000000556f0000],  sp=0x00000000556ef160,  free space=1020k
Native frames: (J=compiled Java code, j=interpreted, Vv=VM code, C=native code)


---------------  P R O C E S S  ---------------

Java Threads: ( => current thread )
  0x000000005425e000 JavaThread "Service Thread" daemon [_thread_blocked, id=9440, stack(0x0000000056050000,0x0000000056150000)]
  0x00000000541fe800 JavaThread "C1 CompilerThread3" daemon [_thread_blocked, id=6008, stack(0x0000000055e00000,0x0000000055f00000)]
  0x00000000541e4000 JavaThread "C2 CompilerThread2" daemon [_thread_in_native, id=9796, stack(0x0000000055700000,0x0000000055800000)]
  0x00000000541dd000 JavaThread "C2 CompilerThread1" daemon [_thread_blocked, id=9640, stack(0x0000000055ba0000,0x0000000055ca0000)]
  0x00000000541d3800 JavaThread "C2 CompilerThread0" daemon [_thread_blocked, id=3584, stack(0x0000000055a50000,0x0000000055b50000)]
  0x00000000541d2800 JavaThread "Attach Listener" daemon [_thread_blocked, id=2592, stack(0x00000000558c0000,0x00000000559c0000)]
=>0x00000000541d1000 JavaThread "Signal Dispatcher" daemon [_thread_in_vm, id=9332, stack(0x00000000555f0000,0x00000000556f0000)]
  0x000000005311e800 JavaThread "Finalizer" daemon [_thread_blocked, id=6476, stack(0x0000000055270000,0x0000000055370000)]
  0x0000000053118000 JavaThread "Reference Handler" daemon [_thread_blocked, id=7020, stack(0x00000000553f0000,0x00000000554f0000)]

Other Threads:
  0x000000005310f000 VMThread [stack: 0x0000000055150000,0x0000000055250000] [id=4148]

VM state:synchronizing (normal execution)

VM Mutex/Monitor currently owned by a thread:  ([mutex/lock_event])
[0x0000000001e4cef0] Threads_lock - owner thread: 0x000000005310f000
[0x0000000001e4d3f0] Heap_lock - owner thread: 0x0000000001e4f000

Heap:
 PSYoungGen      total 18944K, used 12525K [0x00000000feb00000, 0x0000000100000000, 0x0000000100000000)
  eden space 16384K, 60% used [0x00000000feb00000,0x00000000ff4c1fd8,0x00000000ffb00000)
  from space 2560K, 98% used [0x00000000ffb00000,0x00000000ffd79540,0x00000000ffd80000)
  to   space 2560K, 0% used [0x00000000ffd80000,0x00000000ffd80000,0x0000000100000000)
 ParOldGen       total 44032K, used 6183K [0x00000000fc000000, 0x00000000feb00000, 0x00000000feb00000)
  object space 44032K, 14% used [0x00000000fc000000,0x00000000fc609fd8,0x00000000feb00000)
 Metaspace       used 7608K, capacity 7788K, committed 7936K, reserved 1056768K
  class space    used 875K, capacity 956K, committed 1024K, reserved 1048576K

Card table byte_map: [0x0000000000370000,0x00000000003a0000] byte_map_base: 0xffffffffffb90000

Marking Bits: (ParMarkBitMap*) 0x000000005e243950
 Begin Bits: [0x0000000012530000, 0x0000000012630000)
 End Bits:   [0x0000000012630000, 0x0000000012730000)

Polling page: 0x0000000000140000

CodeCache: size=245760Kb used=4013Kb max_used=4014Kb free=241746Kb
 bounds [0x00000000026b0000, 0x0000000002aa0000, 0x00000000116b0000]
 total_blobs=1426 nmethods=1090 adapters=245
 compilation: disabled (not enough contiguous free space left)

Compilation events (10 events):
Event: 2.991 Thread 0x00000000541fe800 1093       3       org.objectweb.asm.ClassWriter::<init> (117 bytes)
Event: 2.992 Thread 0x00000000541fe800 nmethod 1093 0x0000000002a9dd50 code [0x0000000002a9df60, 0x0000000002a9e968]
Event: 2.992 Thread 0x00000000541fe800 1094       3       com.google.devtools.build.android.desugar.InvokeDynamicLambdaMethodCollector::getLambdaMethodsUsedInInvokeDyanmic (8 bytes)
Event: 2.992 Thread 0x00000000541fe800 nmethod 1094 0x0000000002a9c450 code [0x0000000002a9c5e0, 0x0000000002a9c918]
Event: 2.992 Thread 0x00000000541fe800 1096       3       com.google.common.collect.Iterators::forArray (51 bytes)
Event: 2.992 Thread 0x00000000541dd000 

Event: 2.992 Thread 0x00000000541dd000 1095       4       org.objectweb.asm.tree.InsnList::accept (23 bytes)
Event: 2.993 Thread 0x00000000541dd000 

Event: 3.004 Thread 0x00000000541fe800 

Event: 3.012 Thread 0x00000000541d3800 


GC Heap History (6 events):
Event: 0.415 GC heap before
{Heap before GC invocations=1 (full 0):
 PSYoungGen      total 18944K, used 16384K [0x00000000feb00000, 0x0000000100000000, 0x0000000100000000)
  eden space 16384K, 100% used [0x00000000feb00000,0x00000000ffb00000,0x00000000ffb00000)
  from space 2560K, 0% used [0x00000000ffd80000,0x00000000ffd80000,0x0000000100000000)
  to   space 2560K, 0% used [0x00000000ffb00000,0x00000000ffb00000,0x00000000ffd80000)
 ParOldGen       total 44032K, used 0K [0x00000000fc000000, 0x00000000feb00000, 0x00000000feb00000)
  object space 44032K, 0% used [0x00000000fc000000,0x00000000fc000000,0x00000000feb00000)
 Metaspace       used 6493K, capacity 6682K, committed 6784K, reserved 1056768K
  class space    used 771K, capacity 823K, committed 896K, reserved 1048576K
Event: 0.446 GC heap after
Heap after GC invocations=1 (full 0):
 PSYoungGen      total 18944K, used 2544K [0x00000000feb00000, 0x0000000100000000, 0x0000000100000000)
  eden space 16384K, 0% used [0x00000000feb00000,0x00000000feb00000,0x00000000ffb00000)
  from space 2560K, 99% used [0x00000000ffb00000,0x00000000ffd7c020,0x00000000ffd80000)
  to   space 2560K, 0% used [0x00000000ffd80000,0x00000000ffd80000,0x0000000100000000)
 ParOldGen       total 44032K, used 1508K [0x00000000fc000000, 0x00000000feb00000, 0x00000000feb00000)
  object space 44032K, 3% used [0x00000000fc000000,0x00000000fc1792e0,0x00000000feb00000)
 Metaspace       used 6493K, capacity 6682K, committed 6784K, reserved 1056768K
  class space    used 771K, capacity 823K, committed 896K, reserved 1048576K
}
Event: 0.743 GC heap before
{Heap before GC invocations=2 (full 0):
 PSYoungGen      total 18944K, used 18928K [0x00000000feb00000, 0x0000000100000000, 0x0000000100000000)
  eden space 16384K, 100% used [0x00000000feb00000,0x00000000ffb00000,0x00000000ffb00000)
  from space 2560K, 99% used [0x00000000ffb00000,0x00000000ffd7c020,0x00000000ffd80000)
  to   space 2560K, 0% used [0x00000000ffd80000,0x00000000ffd80000,0x0000000100000000)
 ParOldGen       total 44032K, used 1508K [0x00000000fc000000, 0x00000000feb00000, 0x00000000feb00000)
  object space 44032K, 3% used [0x00000000fc000000,0x00000000fc1792e0,0x00000000feb00000)
 Metaspace       used 6943K, capacity 7084K, committed 7296K, reserved 1056768K
  class space    used 823K, capacity 892K, committed 896K, reserved 1048576K
Event: 1.257 GC heap after
Heap after GC invocations=2 (full 0):
 PSYoungGen      total 18944K, used 2549K [0x00000000feb00000, 0x0000000100000000, 0x0000000100000000)
  eden space 16384K, 0% used [0x00000000feb00000,0x00000000feb00000,0x00000000ffb00000)
  from space 2560K, 99% used [0x00000000ffd80000,0x00000000ffffd550,0x0000000100000000)
  to   space 2560K, 0% used [0x00000000ffb00000,0x00000000ffb00000,0x00000000ffd80000)
 ParOldGen       total 44032K, used 5621K [0x00000000fc000000, 0x00000000feb00000, 0x00000000feb00000)
  object space 44032K, 12% used [0x00000000fc000000,0x00000000fc57d470,0x00000000feb00000)
 Metaspace       used 6943K, capacity 7084K, committed 7296K, reserved 1056768K
  class space    used 823K, capacity 892K, committed 896K, reserved 1048576K
}
Event: 2.952 GC heap before
{Heap before GC invocations=3 (full 0):
 PSYoungGen      total 18944K, used 18933K [0x00000000feb00000, 0x0000000100000000, 0x0000000100000000)
  eden space 16384K, 100% used [0x00000000feb00000,0x00000000ffb00000,0x00000000ffb00000)
  from space 2560K, 99% used [0x00000000ffd80000,0x00000000ffffd550,0x0000000100000000)
  to   space 2560K, 0% used [0x00000000ffb00000,0x00000000ffb00000,0x00000000ffd80000)
 ParOldGen       total 44032K, used 5621K [0x00000000fc000000, 0x00000000feb00000, 0x00000000feb00000)
  object space 44032K, 12% used [0x00000000fc000000,0x00000000fc57d470,0x00000000feb00000)
 Metaspace       used 7571K, capacity 7724K, committed 7936K, reserved 1056768K
  class space    used 871K, capacity 956K, committed 1024K, reserved 1048576K
Event: 2.969 GC heap after
Heap after GC invocations=3 (full 0):
 PSYoungGen      total 18944K, used 2533K [0x00000000feb00000, 0x0000000100000000, 0x0000000100000000)
  eden space 16384K, 0% used [0x00000000feb00000,0x00000000feb00000,0x00000000ffb00000)
  from space 2560K, 98% used [0x00000000ffb00000,0x00000000ffd79540,0x00000000ffd80000)
  to   space 2560K, 0% used [0x00000000ffd80000,0x00000000ffd80000,0x0000000100000000)
 ParOldGen       total 44032K, used 6183K [0x00000000fc000000, 0x00000000feb00000, 0x00000000feb00000)
  object space 44032K, 14% used [0x00000000fc000000,0x00000000fc609fd8,0x00000000feb00000)
 Metaspace       used 7571K, capacity 7724K, committed 7936K, reserved 1056768K
  class space    used 871K, capacity 956K, committed 1024K, reserved 1048576K
}

Deoptimization events (10 events):
Event: 2.620 Thread 0x0000000001e4f000 Uncommon trap: reason=class_check action=maybe_recompile pc=0x0000000002a4031c method=org.objectweb.asm.MethodVisitor.visitVarInsn(II)V @ 13
Event: 2.620 Thread 0x0000000001e4f000 Uncommon trap: reason=class_check action=maybe_recompile pc=0x0000000002a4031c method=org.objectweb.asm.MethodVisitor.visitVarInsn(II)V @ 13
Event: 2.620 Thread 0x0000000001e4f000 Uncommon trap: reason=class_check action=maybe_recompile pc=0x0000000002a4031c method=org.objectweb.asm.MethodVisitor.visitVarInsn(II)V @ 13
Event: 2.620 Thread 0x0000000001e4f000 Uncommon trap: reason=class_check action=maybe_recompile pc=0x0000000002a402a8 method=org.objectweb.asm.tree.VarInsnNode.accept(Lorg/objectweb/asm/MethodVisitor;)V @ 9
Event: 2.620 Thread 0x0000000001e4f000 Uncommon trap: reason=class_check action=maybe_recompile pc=0x0000000002a402a8 method=org.objectweb.asm.tree.VarInsnNode.accept(Lorg/objectweb/asm/MethodVisitor;)V @ 9
Event: 2.620 Thread 0x0000000001e4f000 Uncommon trap: reason=class_check action=maybe_recompile pc=0x0000000002a402a8 method=org.objectweb.asm.tree.VarInsnNode.accept(Lorg/objectweb/asm/MethodVisitor;)V @ 9
Event: 2.621 Thread 0x0000000001e4f000 Uncommon trap: reason=null_check action=make_not_entrant pc=0x0000000002a6dea0 method=com.google.devtools.build.android.desugar.InterfaceDesugaring$InterfaceInvocationRewriter.visitMethodInsn(ILjava/lang/String;Ljava/lang/String;Ljava/lang/String;Z)V @ 10
Event: 2.951 Thread 0x0000000001e4f000 Uncommon trap: reason=null_check action=make_not_entrant pc=0x0000000002a8384c method=com.google.devtools.build.android.desugar.InterfaceDesugaring$InterfaceInvocationRewriter.visitMethodInsn(ILjava/lang/String;Ljava/lang/String;Ljava/lang/String;Z)V @ 10
Event: 2.976 Thread 0x0000000001e4f000 Uncommon trap: reason=unstable_if action=reinterpret pc=0x0000000002a51b30 method=org.objectweb.asm.Type.getArgumentsAndReturnSizes(Ljava/lang/String;)I @ 112
Event: 2.977 Thread 0x0000000001e4f000 Uncommon trap: reason=unstable_if action=reinterpret pc=0x0000000002a4047c method=org.objectweb.asm.MethodWriter.visitVarInsn(II)V @ 148

Classes redefined (0 events):
No events

Internal exceptions (10 events):
Event: 0.515 Thread 0x0000000001e4f000 Exception <a 'sun/nio/fs/WindowsException'> (0x00000000ff1797a0) thrown at [D:\src\AOSP-openjdk-cygwin\jdk8u\hotspot\src\share\vm\prims\jni.cpp, line 709]
Event: 0.524 Thread 0x0000000001e4f000 Exception <a 'sun/nio/fs/WindowsException'> (0x00000000ff17ec58) thrown at [D:\src\AOSP-openjdk-cygwin\jdk8u\hotspot\src\share\vm\prims\jni.cpp, line 709]
Event: 0.649 Thread 0x0000000001e4f000 Exception <a 'sun/nio/fs/WindowsException'> (0x00000000ffab9c38) thrown at [D:\src\AOSP-openjdk-cygwin\jdk8u\hotspot\src\share\vm\prims\jni.cpp, line 709]
Event: 0.649 Thread 0x0000000001e4f000 Exception <a 'sun/nio/fs/WindowsException'> (0x00000000ffaba1c0) thrown at [D:\src\AOSP-openjdk-cygwin\jdk8u\hotspot\src\share\vm\prims\jni.cpp, line 709]
Event: 1.605 Thread 0x0000000001e4f000 Exception <a 'sun/nio/fs/WindowsException'> (0x00000000ff003e28) thrown at [D:\src\AOSP-openjdk-cygwin\jdk8u\hotspot\src\share\vm\prims\jni.cpp, line 709]
Event: 1.605 Thread 0x0000000001e4f000 Exception <a 'sun/nio/fs/WindowsException'> (0x00000000ff004330) thrown at [D:\src\AOSP-openjdk-cygwin\jdk8u\hotspot\src\share\vm\prims\jni.cpp, line 709]
Event: 2.621 Thread 0x0000000001e4f000 Implicit null exception at 0x0000000002a6db9a to 0x0000000002a6de7d
Event: 2.951 Thread 0x0000000001e4f000 Implicit null exception at 0x0000000002a80e17 to 0x0000000002a83835
Event: 3.022 Thread 0x0000000001e4f000 Exception <a 'java/io/IOException': Write failed> (0x00000000ff43e7f0) thrown at [D:\src\AOSP-openjdk-cygwin\jdk8u\hotspot\src\share\vm\prims\jni.cpp, line 735]
Event: 3.028 Thread 0x0000000001e4f000 Exception <a 'java/lang/OutOfMemoryError': unable to create new native thread> (0x00000000ff4992b0) thrown at [D:\src\AOSP-openjdk-cygwin\jdk8u\hotspot\src\share\vm\prims\jvm.cpp, line 3033]

Events (10 events):
Event: 3.024 loading class java/lang/Throwable$WrappedPrintStream done
Event: 3.024 loading class java/util/IdentityHashMap$KeySet
Event: 3.025 loading class java/util/IdentityHashMap$KeySet done
Event: 3.026 Thread 0x0000000001e4f000 Thread exited: 0x0000000001e4f000
Event: 3.026 Thread 0x0000000001e4f000 Thread added: 0x0000000001e4f000
Event: 3.026 loading class java/util/IdentityHashMap$KeyIterator
Event: 3.027 loading class java/util/IdentityHashMap$IdentityHashMapIterator
Event: 3.028 loading class java/util/IdentityHashMap$IdentityHashMapIterator done
Event: 3.028 loading class java/util/IdentityHashMap$KeyIterator done
Event: 3.028 Thread 0x0000000001e4f000 Thread exited: 0x0000000001e4f000


Dynamic libraries:
0x000000013fe50000 - 0x000000013fe81000 	C:\Program Files\Android\Android Studio\jre\bin\java.exe
0x0000000077320000 - 0x00000000774bf000 	C:\Windows\SYSTEM32\ntdll.dll
0x0000000077100000 - 0x000000007721f000 	C:\Windows\system32\kernel32.dll
0x000007fefd290000 - 0x000007fefd2fa000 	C:\Windows\system32\KERNELBASE.dll
0x000007fefdf90000 - 0x000007fefe06b000 	C:\Windows\system32\ADVAPI32.dll
0x000007feff2f0000 - 0x000007feff38f000 	C:\Windows\system32\msvcrt.dll
0x000007fefe540000 - 0x000007fefe55f000 	C:\Windows\SYSTEM32\sechost.dll
0x000007fefd730000 - 0x000007fefd85d000 	C:\Windows\system32\RPCRT4.dll
0x0000000077220000 - 0x000000007731a000 	C:\Windows\system32\USER32.dll
0x000007fefda70000 - 0x000007fefdad7000 	C:\Windows\system32\GDI32.dll
0x000007fefe530000 - 0x000007fefe53e000 	C:\Windows\system32\LPK.dll
0x000007fefdec0000 - 0x000007fefdf8b000 	C:\Windows\system32\USP10.dll
0x000007fefb3c0000 - 0x000007fefb5b4000 	C:\Windows\WinSxS\amd64_microsoft.windows.common-controls_6595b64144ccf1df_6.0.7601.23403_none_e36ad4593102f066\COMCTL32.dll
0x000007fefde40000 - 0x000007fefdeb1000 	C:\Windows\system32\SHLWAPI.dll
0x000007fefde10000 - 0x000007fefde3e000 	C:\Windows\system32\IMM32.DLL
0x000007fefe420000 - 0x000007fefe529000 	C:\Windows\system32\MSCTF.dll
0x000007fefcf30000 - 0x000007fefcf60000 	C:\Windows\system32\nvinitx.dll
0x000007fefcf20000 - 0x000007fefcf2c000 	C:\Windows\system32\VERSION.dll
0x000007fefd280000 - 0x000007fefd285000 	C:\Windows\system32\api-ms-win-downlevel-advapi32-l1-1-0.dll
0x000007fefcdc0000 - 0x000007fefcde5000 	C:\Windows\system32\SspiCli.dll
0x00000000639c0000 - 0x0000000063a92000 	C:\Program Files\Android\Android Studio\jre\jre\bin\msvcr100.dll
0x000000005da80000 - 0x000000005e2be000 	C:\Program Files\Android\Android Studio\jre\jre\bin\server\jvm.dll
0x000007fef91f0000 - 0x000007fef91f9000 	C:\Windows\system32\WSOCK32.dll
0x000007fefdce0000 - 0x000007fefdd2d000 	C:\Windows\system32\WS2_32.dll
0x000007fefd720000 - 0x000007fefd728000 	C:\Windows\system32\NSI.dll
0x000007fefab60000 - 0x000007fefab9b000 	C:\Windows\system32\WINMM.dll
0x00000000774c0000 - 0x00000000774c7000 	C:\Windows\system32\PSAPI.DLL
0x000007feedd60000 - 0x000007feedd6f000 	C:\Program Files\Android\Android Studio\jre\jre\bin\verify.dll
0x000007feed990000 - 0x000007feed9b9000 	C:\Program Files\Android\Android Studio\jre\jre\bin\java.dll
0x000007fee8980000 - 0x000007fee8996000 	C:\Program Files\Android\Android Studio\jre\jre\bin\zip.dll
0x000007fefe560000 - 0x000007feff2eb000 	C:\Windows\system32\SHELL32.dll
0x000007fefdae0000 - 0x000007fefdcdd000 	C:\Windows\system32\ole32.dll
0x000007fefcff0000 - 0x000007fefcfff000 	C:\Windows\system32\profapi.dll
0x000007fefc7e0000 - 0x000007fefc7f8000 	C:\Windows\system32\CRYPTSP.dll
0x000007fefc4e0000 - 0x000007fefc527000 	C:\Windows\system32\rsaenh.dll
0x000007fefd1d0000 - 0x000007fefd1ef000 	C:\Windows\system32\USERENV.dll
0x000007fefce50000 - 0x000007fefce5f000 	C:\Windows\system32\CRYPTBASE.dll
0x000007fee8960000 - 0x000007fee897a000 	C:\Program Files\Android\Android Studio\jre\jre\bin\net.dll
0x000007fefc780000 - 0x000007fefc7d5000 	C:\Windows\system32\mswsock.dll
0x000007fefc770000 - 0x000007fefc777000 	C:\Windows\System32\wship6.dll
0x000007fefa6b0000 - 0x000007fefa6d7000 	C:\Windows\system32\IPHLPAPI.DLL
0x000007fefa6a0000 - 0x000007fefa6ab000 	C:\Windows\system32\WINNSI.DLL
0x000007fefa250000 - 0x000007fefa261000 	C:\Windows\system32\dhcpcsvc6.DLL
0x000007fefa230000 - 0x000007fefa248000 	C:\Windows\system32\dhcpcsvc.DLL
0x000007fee8710000 - 0x000007fee8721000 	C:\Program Files\Android\Android Studio\jre\jre\bin\nio.dll

VM Arguments:
jvm_args: -Djava.awt.headless=true -Xmx64M -Dfile.encoding=windows-1252 -Duser.country=US -Duser.language=en -Duser.variant 
java_command: com.google.devtools.build.android.desugar.Desugar @C:\Users\zhli\workspace\ReUnite\app\build\intermediates\tmp\desugar_args1180930668785600678
java_class_path (initial): C:\Users\zhli\AppData\Local\Temp\3\desugar_deploy.jar3862804513960915086
Launcher Type: SUN_STANDARD

Environment Variables:
JAVA_HOME=C:\Program Files\Java\jdk1.8.0_131
PATH=C:\ProgramData\Oracle\Java\javapath;C:\Windows\system32;C:\Windows;C:\Windows\System32\Wbem;C:\Windows\System32\WindowsPowerShell\v1.0\;C:\Program Files\Java\jdk1.8.0_131\bin;C:\Program Files\ActivIdentity\ActivClient\;C:\Program Files (x86)\ActivIdentity\ActivClient\;C:\Program Files\VanDyke Software\Clients\;C:\Program Files\TortoiseSVN\bin;C:\Program Files\nodejs\;C:\Windows\System32\WindowsPowerShell\v1.0\;C:\Windows\System32\WindowsPowerShell\v1.0\;C:\Program Files\Git\cmd;C:\Program Files (x86)\GtkSharp\2.12\bin;C:\Users\zhli\AppData\Roaming\npm;C:\Users\zhli\AppData\Local\atom\bin;C:\Users\zhli\Bin\flutter\bin;
USERNAME=zhli
OS=Windows_NT
PROCESSOR_IDENTIFIER=Intel64 Family 6 Model 94 Stepping 3, GenuineIntel



---------------  S Y S T E M  ---------------

OS: Windows 7 , 64 bit Build 7601 (6.1.7601.24024)

CPU:total 8 (initial active 8) (4 cores per cpu, 2 threads per core) family 6 model 94 stepping 3, cmov, cx8, fxsr, mmx, sse, sse2, sse3, ssse3, sse4.1, sse4.2, popcnt, avx, avx2, aes, clmul, erms, rtm, 3dnowpref, lzcnt, ht, tsc, tscinvbit, bmi1, bmi2, adx

Memory: 4k page, physical 16701228k(40396k free), swap 20893656k(1064k free)

vm_info: OpenJDK 64-Bit Server VM (25.152-b01) for windows-amd64 JRE (1.8.0_152-release-915-b01), built by "builder" with MS VC++ 10.0 (VS2010)

time: Mon Mar 12 14:23:49 2018
elapsed time: 3 seconds (0d 0h 0m 3s)

