#
# There is insufficient memory for the Java Runtime Environment to continue.
# Native memory allocation (malloc) failed to allocate 725712 bytes for Chunk::new
# Possible reasons:
#   The system is out of physical RAM or swap space
#   In 32 bit mode, the process size limit was hit
# Possible solutions:
#   Reduce memory load on the system
#   Increase physical memory or swap space
#   Check if swap backing store is full
#   Use 64 bit Java on a 64 bit OS
#   Decrease Java heap size (-Xmx/-Xms)
#   Decrease number of Java threads
#   Decrease Java thread stack sizes (-Xss)
#   Set larger code cache with -XX:ReservedCodeCacheSize=
# This output file may be truncated or incomplete.
#
#  Out of Memory Error (allocation.cpp:390), pid=6504, tid=0x0000000000002804
#
# JRE version: OpenJDK Runtime Environment (8.0_152-b01) (build 1.8.0_152-release-915-b01)
# Java VM: OpenJDK 64-Bit Server VM (25.152-b01 mixed mode windows-amd64 compressed oops)
# Failed to write core dump. Minidumps are not enabled by default on client versions of Windows
#

---------------  T H R E A D  ---------------

Current thread (0x0000000053e8b000):  JavaThread "C2 CompilerThread1" daemon [_thread_in_native, id=10244, stack(0x00000000557b0000,0x00000000558b0000)]

Stack: [0x00000000557b0000,0x00000000558b0000]
[error occurred during error reporting (printing stack bounds), id 0xc0000005]

Native frames: (J=compiled Java code, j=interpreted, Vv=VM code, C=native code)


Current CompileTask:
C2:   2724 1048       4       org.objectweb.asm.ClassReader::a (3587 bytes)


---------------  P R O C E S S  ---------------

Java Threads: ( => current thread )
  0x0000000053f1e000 JavaThread "Service Thread" daemon [_thread_blocked, id=9396, stack(0x0000000055c00000,0x0000000055d00000)]
  0x0000000052ddf000 JavaThread "C1 CompilerThread3" daemon [_thread_blocked, id=7512, stack(0x0000000055aa0000,0x0000000055ba0000)]
  0x0000000053e8b800 JavaThread "C2 CompilerThread2" daemon [_thread_blocked, id=6132, stack(0x0000000055900000,0x0000000055a00000)]
=>0x0000000053e8b000 JavaThread "C2 CompilerThread1" daemon [_thread_in_native, id=10244, stack(0x00000000557b0000,0x00000000558b0000)]
  0x0000000053e82800 JavaThread "C2 CompilerThread0" daemon [_thread_in_native, id=2744, stack(0x0000000055260000,0x0000000055360000)]
  0x0000000053e81800 JavaThread "Attach Listener" daemon [_thread_blocked, id=4440, stack(0x00000000555f0000,0x00000000556f0000)]
  0x0000000053e81000 JavaThread "Signal Dispatcher" daemon [_thread_blocked, id=11832, stack(0x00000000553c0000,0x00000000554c0000)]
  0x0000000052dcf000 JavaThread "Finalizer" daemon [_thread_blocked, id=11984, stack(0x0000000055050000,0x0000000055150000)]
  0x0000000052dc8000 JavaThread "Reference Handler" daemon [_thread_blocked, id=11872, stack(0x0000000054f30000,0x0000000055030000)]
  0x0000000001f0f000 JavaThread "main" [_thread_in_native, id=4820, stack(0x0000000001f60000,0x0000000002060000)]

Other Threads:
  0x0000000052dbf000 VMThread [stack: 0x0000000054e00000,0x0000000054f00000] [id=11728]
  0x0000000053efe800 WatcherThread [stack: 0x0000000055e50000,0x0000000055f50000] [id=11580]

VM state:not at safepoint (normal execution)

VM Mutex/Monitor currently owned by a thread: None

Heap:
 PSYoungGen      total 18944K, used 15620K [0x00000000feb00000, 0x0000000100000000, 0x0000000100000000)
  eden space 16384K, 79% used [0x00000000feb00000,0x00000000ff7c2840,0x00000000ffb00000)
  from space 2560K, 99% used [0x00000000ffb00000,0x00000000ffd7e830,0x00000000ffd80000)
  to   space 2560K, 0% used [0x00000000ffd80000,0x00000000ffd80000,0x0000000100000000)
 ParOldGen       total 44032K, used 6238K [0x00000000fc000000, 0x00000000feb00000, 0x00000000feb00000)
  object space 44032K, 14% used [0x00000000fc000000,0x00000000fc617be0,0x00000000feb00000)
 Metaspace       used 7670K, capacity 7852K, committed 7936K, reserved 1056768K
  class space    used 873K, capacity 956K, committed 1024K, reserved 1048576K

Card table byte_map: [0x0000000000610000,0x0000000000640000] byte_map_base: 0xffffffffffe30000

Marking Bits: (ParMarkBitMap*) 0x000000005e243950
 Begin Bits: [0x00000000121e0000, 0x00000000122e0000)
 End Bits:   [0x00000000122e0000, 0x00000000123e0000)

Polling page: 0x0000000000340000

CodeCache: size=245760Kb used=4378Kb max_used=4390Kb free=241381Kb
 bounds [0x0000000002330000, 0x0000000002780000, 0x0000000011330000]
 total_blobs=1441 nmethods=1109 adapters=245
 compilation: enabled

Compilation events (10 events):
Event: 2.649 Thread 0x0000000053e8b800 nmethod 1093 0x0000000002738290 code [0x00000000027383c0, 0x0000000002738438]
Event: 2.650 Thread 0x0000000053e8b800 1094       4       org.objectweb.asm.ClassReader::b (1124 bytes)
Event: 2.654 Thread 0x0000000053e82800 nmethod 1092 0x000000000276c350 code [0x000000000276c620, 0x000000000276cc68]
Event: 2.654 Thread 0x0000000053e82800 1095       4       org.objectweb.asm.ByteVector::<init> (13 bytes)
Event: 2.655 Thread 0x0000000053e82800 nmethod 1095 0x000000000272d590 code [0x000000000272d6e0, 0x000000000272d7d8]
Event: 2.676 Thread 0x0000000053e82800 1096 %     4       org.objectweb.asm.ClassReader::<init> @ 72 (257 bytes)
Event: 2.676 Thread 0x0000000052ddf000 1097       3       org.objectweb.asm.Type::getArgumentTypes (131 bytes)
Event: 2.676 Thread 0x0000000052ddf000 nmethod 1097 0x000000000276de90 code [0x000000000276e060, 0x000000000276e938]
Event: 2.683 Thread 0x0000000053e82800 nmethod 1096% 0x0000000002765350 code [0x00000000027656e0, 0x0000000002765bf8]
Event: 2.683 Thread 0x0000000053e82800 1099       4       org.objectweb.asm.tree.MethodNode::visitLocalVariable (35 bytes)

GC Heap History (6 events):
Event: 0.408 GC heap before
{Heap before GC invocations=1 (full 0):
 PSYoungGen      total 18944K, used 16384K [0x00000000feb00000, 0x0000000100000000, 0x0000000100000000)
  eden space 16384K, 100% used [0x00000000feb00000,0x00000000ffb00000,0x00000000ffb00000)
  from space 2560K, 0% used [0x00000000ffd80000,0x00000000ffd80000,0x0000000100000000)
  to   space 2560K, 0% used [0x00000000ffb00000,0x00000000ffb00000,0x00000000ffd80000)
 ParOldGen       total 44032K, used 0K [0x00000000fc000000, 0x00000000feb00000, 0x00000000feb00000)
  object space 44032K, 0% used [0x00000000fc000000,0x00000000fc000000,0x00000000feb00000)
 Metaspace       used 6485K, capacity 6682K, committed 6784K, reserved 1056768K
  class space    used 771K, capacity 823K, committed 896K, reserved 1048576K
Event: 0.504 GC heap after
Heap after GC invocations=1 (full 0):
 PSYoungGen      total 18944K, used 2528K [0x00000000feb00000, 0x0000000100000000, 0x0000000100000000)
  eden space 16384K, 0% used [0x00000000feb00000,0x00000000feb00000,0x00000000ffb00000)
  from space 2560K, 98% used [0x00000000ffb00000,0x00000000ffd78030,0x00000000ffd80000)
  to   space 2560K, 0% used [0x00000000ffd80000,0x00000000ffd80000,0x0000000100000000)
 ParOldGen       total 44032K, used 1572K [0x00000000fc000000, 0x00000000feb00000, 0x00000000feb00000)
  object space 44032K, 3% used [0x00000000fc000000,0x00000000fc189188,0x00000000feb00000)
 Metaspace       used 6485K, capacity 6682K, committed 6784K, reserved 1056768K
  class space    used 771K, capacity 823K, committed 896K, reserved 1048576K
}
Event: 0.716 GC heap before
{Heap before GC invocations=2 (full 0):
 PSYoungGen      total 18944K, used 18912K [0x00000000feb00000, 0x0000000100000000, 0x0000000100000000)
  eden space 16384K, 100% used [0x00000000feb00000,0x00000000ffb00000,0x00000000ffb00000)
  from space 2560K, 98% used [0x00000000ffb00000,0x00000000ffd78030,0x00000000ffd80000)
  to   space 2560K, 0% used [0x00000000ffd80000,0x00000000ffd80000,0x0000000100000000)
 ParOldGen       total 44032K, used 1572K [0x00000000fc000000, 0x00000000feb00000, 0x00000000feb00000)
  object space 44032K, 3% used [0x00000000fc000000,0x00000000fc189188,0x00000000feb00000)
 Metaspace       used 6958K, capacity 7084K, committed 7296K, reserved 1056768K
  class space    used 826K, capacity 892K, committed 896K, reserved 1048576K
Event: 1.011 GC heap after
Heap after GC invocations=2 (full 0):
 PSYoungGen      total 18944K, used 2554K [0x00000000feb00000, 0x0000000100000000, 0x0000000100000000)
  eden space 16384K, 0% used [0x00000000feb00000,0x00000000feb00000,0x00000000ffb00000)
  from space 2560K, 99% used [0x00000000ffd80000,0x00000000ffffe830,0x0000000100000000)
  to   space 2560K, 0% used [0x00000000ffb00000,0x00000000ffb00000,0x00000000ffd80000)
 ParOldGen       total 44032K, used 5604K [0x00000000fc000000, 0x00000000feb00000, 0x00000000feb00000)
  object space 44032K, 12% used [0x00000000fc000000,0x00000000fc579078,0x00000000feb00000)
 Metaspace       used 6958K, capacity 7084K, committed 7296K, reserved 1056768K
  class space    used 826K, capacity 892K, committed 896K, reserved 1048576K
}
Event: 1.683 GC heap before
{Heap before GC invocations=3 (full 0):
 PSYoungGen      total 18944K, used 18938K [0x00000000feb00000, 0x0000000100000000, 0x0000000100000000)
  eden space 16384K, 100% used [0x00000000feb00000,0x00000000ffb00000,0x00000000ffb00000)
  from space 2560K, 99% used [0x00000000ffd80000,0x00000000ffffe830,0x0000000100000000)
  to   space 2560K, 0% used [0x00000000ffb00000,0x00000000ffb00000,0x00000000ffd80000)
 ParOldGen       total 44032K, used 5604K [0x00000000fc000000, 0x00000000feb00000, 0x00000000feb00000)
  object space 44032K, 12% used [0x00000000fc000000,0x00000000fc579078,0x00000000feb00000)
 Metaspace       used 7646K, capacity 7788K, committed 7936K, reserved 1056768K
  class space    used 873K, capacity 956K, committed 1024K, reserved 1048576K
Event: 2.411 GC heap after
Heap after GC invocations=3 (full 0):
 PSYoungGen      total 18944K, used 2554K [0x00000000feb00000, 0x0000000100000000, 0x0000000100000000)
  eden space 16384K, 0% used [0x00000000feb00000,0x00000000feb00000,0x00000000ffb00000)
  from space 2560K, 99% used [0x00000000ffb00000,0x00000000ffd7e830,0x00000000ffd80000)
  to   space 2560K, 0% used [0x00000000ffd80000,0x00000000ffd80000,0x0000000100000000)
 ParOldGen       total 44032K, used 6238K [0x00000000fc000000, 0x00000000feb00000, 0x00000000feb00000)
  object space 44032K, 14% used [0x00000000fc000000,0x00000000fc617be0,0x00000000feb00000)
 Metaspace       used 7646K, capacity 7788K, committed 7936K, reserved 1056768K
  class space    used 873K, capacity 956K, committed 1024K, reserved 1048576K
}

Deoptimization events (10 events):
Event: 0.651 Thread 0x0000000001f0f000 Uncommon trap: reason=unloaded action=reinterpret pc=0x000000000252dcb4 method=java.util.zip.ZipEntry.setExtra0([BZ)V @ 37
Event: 0.712 Thread 0x0000000001f0f000 Uncommon trap: reason=unstable_if action=reinterpret pc=0x00000000024e9be8 method=java.lang.String.<init>([CII)V @ 18
Event: 1.606 Thread 0x0000000001f0f000 Uncommon trap: reason=class_check action=maybe_recompile pc=0x0000000002665198 method=org.objectweb.asm.MethodVisitor.visitVarInsn(II)V @ 13
Event: 1.606 Thread 0x0000000001f0f000 Uncommon trap: reason=class_check action=maybe_recompile pc=0x0000000002665198 method=org.objectweb.asm.MethodVisitor.visitVarInsn(II)V @ 13
Event: 1.606 Thread 0x0000000001f0f000 Uncommon trap: reason=class_check action=maybe_recompile pc=0x0000000002665198 method=org.objectweb.asm.MethodVisitor.visitVarInsn(II)V @ 13
Event: 1.606 Thread 0x0000000001f0f000 Uncommon trap: reason=unstable_if action=reinterpret pc=0x0000000002690ca4 method=org.objectweb.asm.Label.a(Lorg/objectweb/asm/MethodWriter;I[B)Z @ 56
Event: 1.623 Thread 0x0000000001f0f000 Uncommon trap: reason=unstable_if action=reinterpret pc=0x00000000026b4674 method=org.objectweb.asm.Label.a(Lorg/objectweb/asm/MethodWriter;I[B)Z @ 56
Event: 2.536 Thread 0x0000000001f0f000 Uncommon trap: reason=null_check action=make_not_entrant pc=0x0000000002733a54 method=com.google.devtools.build.android.desugar.InterfaceDesugaring$InterfaceInvocationRewriter.visitMethodInsn(ILjava/lang/String;Ljava/lang/String;Ljava/lang/String;Z)V @ 10
Event: 2.541 Thread 0x0000000001f0f000 Uncommon trap: reason=null_check action=make_not_entrant pc=0x000000000273dd24 method=com.google.devtools.build.android.desugar.InterfaceDesugaring$InterfaceInvocationRewriter.visitMethodInsn(ILjava/lang/String;Ljava/lang/String;Ljava/lang/String;Z)V @ 10
Event: 2.576 Thread 0x0000000001f0f000 Uncommon trap: reason=unstable_if action=reinterpret pc=0x00000000026247c8 method=org.objectweb.asm.Item.a(Lorg/objectweb/asm/Item;)Z @ 345

Classes redefined (0 events):
No events

Internal exceptions (10 events):
Event: 0.559 Thread 0x0000000001f0f000 Exception <a 'sun/nio/fs/WindowsException'> (0x00000000ff17a3c0) thrown at [D:\src\AOSP-openjdk-cygwin\jdk8u\hotspot\src\share\vm\prims\jni.cpp, line 709]
Event: 0.559 Thread 0x0000000001f0f000 Exception <a 'sun/nio/fs/WindowsException'> (0x00000000ff17a978) thrown at [D:\src\AOSP-openjdk-cygwin\jdk8u\hotspot\src\share\vm\prims\jni.cpp, line 709]
Event: 0.559 Thread 0x0000000001f0f000 Exception <a 'sun/nio/fs/WindowsException'> (0x00000000ff17b138) thrown at [D:\src\AOSP-openjdk-cygwin\jdk8u\hotspot\src\share\vm\prims\jni.cpp, line 709]
Event: 0.567 Thread 0x0000000001f0f000 Exception <a 'sun/nio/fs/WindowsException'> (0x00000000ff1805f0) thrown at [D:\src\AOSP-openjdk-cygwin\jdk8u\hotspot\src\share\vm\prims\jni.cpp, line 709]
Event: 0.699 Thread 0x0000000001f0f000 Exception <a 'sun/nio/fs/WindowsException'> (0x00000000ffab80b8) thrown at [D:\src\AOSP-openjdk-cygwin\jdk8u\hotspot\src\share\vm\prims\jni.cpp, line 709]
Event: 0.703 Thread 0x0000000001f0f000 Exception <a 'sun/nio/fs/WindowsException'> (0x00000000ffab8640) thrown at [D:\src\AOSP-openjdk-cygwin\jdk8u\hotspot\src\share\vm\prims\jni.cpp, line 709]
Event: 1.114 Thread 0x0000000001f0f000 Exception <a 'sun/nio/fs/WindowsException'> (0x00000000febdb640) thrown at [D:\src\AOSP-openjdk-cygwin\jdk8u\hotspot\src\share\vm\prims\jni.cpp, line 709]
Event: 1.302 Thread 0x0000000001f0f000 Exception <a 'sun/nio/fs/WindowsException'> (0x00000000febdbb48) thrown at [D:\src\AOSP-openjdk-cygwin\jdk8u\hotspot\src\share\vm\prims\jni.cpp, line 709]
Event: 2.536 Thread 0x0000000001f0f000 Implicit null exception at 0x0000000002730fc5 to 0x0000000002733a31
Event: 2.541 Thread 0x0000000001f0f000 Implicit null exception at 0x000000000273b3a2 to 0x000000000273dd15

Events (10 events):
Event: 2.448 Thread 0x0000000001f0f000 DEOPT UNPACKING pc=0x00000000023775bf sp=0x000000000205e7b0 mode 0
Event: 2.536 Thread 0x0000000001f0f000 Uncommon trap: trap_request=0xfffffff4 fr.pc=0x0000000002733a54
Event: 2.536 Thread 0x0000000001f0f000 DEOPT PACKING pc=0x0000000002733a54 sp=0x000000000205e8d0
Event: 2.536 Thread 0x0000000001f0f000 DEOPT UNPACKING pc=0x000000000237556a sp=0x000000000205e850 mode 2
Event: 2.541 Thread 0x0000000001f0f000 Uncommon trap: trap_request=0xfffffff4 fr.pc=0x000000000273dd24
Event: 2.541 Thread 0x0000000001f0f000 DEOPT PACKING pc=0x000000000273dd24 sp=0x000000000205e840
Event: 2.541 Thread 0x0000000001f0f000 DEOPT UNPACKING pc=0x000000000237556a sp=0x000000000205e840 mode 2
Event: 2.576 Thread 0x0000000001f0f000 Uncommon trap: trap_request=0xffffff65 fr.pc=0x00000000026247c8
Event: 2.576 Thread 0x0000000001f0f000 DEOPT PACKING pc=0x00000000026247c8 sp=0x000000000205e7e0
Event: 2.576 Thread 0x0000000001f0f000 DEOPT UNPACKING pc=0x000000000237556a sp=0x000000000205e778 mode 2


Dynamic libraries:
0x000000013fe50000 - 0x000000013fe81000 	C:\Program Files\Android\Android Studio\jre\bin\java.exe
0x0000000077320000 - 0x00000000774bf000 	C:\Windows\SYSTEM32\ntdll.dll
0x0000000077100000 - 0x000000007721f000 	C:\Windows\system32\kernel32.dll
0x000007fefd290000 - 0x000007fefd2fa000 	C:\Windows\system32\KERNELBASE.dll
0x000007fefdf90000 - 0x000007fefe06b000 	C:\Windows\system32\ADVAPI32.dll
0x000007feff2f0000 - 0x000007feff38f000 	C:\Windows\system32\msvcrt.dll
0x000007fefe540000 - 0x000007fefe55f000 	C:\Windows\SYSTEM32\sechost.dll
0x000007fefd730000 - 0x000007fefd85d000 	C:\Windows\system32\RPCRT4.dll
0x0000000077220000 - 0x000000007731a000 	C:\Windows\system32\USER32.dll
0x000007fefda70000 - 0x000007fefdad7000 	C:\Windows\system32\GDI32.dll
0x000007fefe530000 - 0x000007fefe53e000 	C:\Windows\system32\LPK.dll
0x000007fefdec0000 - 0x000007fefdf8b000 	C:\Windows\system32\USP10.dll
0x000007fefb3c0000 - 0x000007fefb5b4000 	C:\Windows\WinSxS\amd64_microsoft.windows.common-controls_6595b64144ccf1df_6.0.7601.23403_none_e36ad4593102f066\COMCTL32.dll
0x000007fefde40000 - 0x000007fefdeb1000 	C:\Windows\system32\SHLWAPI.dll
0x000007fefde10000 - 0x000007fefde3e000 	C:\Windows\system32\IMM32.DLL
0x000007fefe420000 - 0x000007fefe529000 	C:\Windows\system32\MSCTF.dll
0x000007fefcf30000 - 0x000007fefcf60000 	C:\Windows\system32\nvinitx.dll
0x000007fefcf20000 - 0x000007fefcf2c000 	C:\Windows\system32\VERSION.dll
0x000007fefd280000 - 0x000007fefd285000 	C:\Windows\system32\api-ms-win-downlevel-advapi32-l1-1-0.dll
0x000007fefcdc0000 - 0x000007fefcde5000 	C:\Windows\system32\SspiCli.dll
0x00000000639c0000 - 0x0000000063a92000 	C:\Program Files\Android\Android Studio\jre\jre\bin\msvcr100.dll
0x000000005da80000 - 0x000000005e2be000 	C:\Program Files\Android\Android Studio\jre\jre\bin\server\jvm.dll
0x000007fef91f0000 - 0x000007fef91f9000 	C:\Windows\system32\WSOCK32.dll
0x000007fefdce0000 - 0x000007fefdd2d000 	C:\Windows\system32\WS2_32.dll
0x000007fefd720000 - 0x000007fefd728000 	C:\Windows\system32\NSI.dll
0x000007fefab60000 - 0x000007fefab9b000 	C:\Windows\system32\WINMM.dll
0x00000000774c0000 - 0x00000000774c7000 	C:\Windows\system32\PSAPI.DLL
0x000007feedd60000 - 0x000007feedd6f000 	C:\Program Files\Android\Android Studio\jre\jre\bin\verify.dll
0x000007feed990000 - 0x000007feed9b9000 	C:\Program Files\Android\Android Studio\jre\jre\bin\java.dll
0x000007fee8980000 - 0x000007fee8996000 	C:\Program Files\Android\Android Studio\jre\jre\bin\zip.dll
0x000007fefe560000 - 0x000007feff2eb000 	C:\Windows\system32\SHELL32.dll
0x000007fefdae0000 - 0x000007fefdcdd000 	C:\Windows\system32\ole32.dll
0x000007fefcff0000 - 0x000007fefcfff000 	C:\Windows\system32\profapi.dll
0x000007fefc7e0000 - 0x000007fefc7f8000 	C:\Windows\system32\CRYPTSP.dll
0x000007fefc4e0000 - 0x000007fefc527000 	C:\Windows\system32\rsaenh.dll
0x000007fefd1d0000 - 0x000007fefd1ef000 	C:\Windows\system32\USERENV.dll
0x000007fefce50000 - 0x000007fefce5f000 	C:\Windows\system32\CRYPTBASE.dll
0x000007fee8960000 - 0x000007fee897a000 	C:\Program Files\Android\Android Studio\jre\jre\bin\net.dll
0x000007fefc780000 - 0x000007fefc7d5000 	C:\Windows\system32\mswsock.dll
0x000007fefc770000 - 0x000007fefc777000 	C:\Windows\System32\wship6.dll
0x000007fefa6b0000 - 0x000007fefa6d7000 	C:\Windows\system32\IPHLPAPI.DLL
0x000007fefa6a0000 - 0x000007fefa6ab000 	C:\Windows\system32\WINNSI.DLL
0x000007fefa250000 - 0x000007fefa261000 	C:\Windows\system32\dhcpcsvc6.DLL
0x000007fefa230000 - 0x000007fefa248000 	C:\Windows\system32\dhcpcsvc.DLL
0x000007fee8710000 - 0x000007fee8721000 	C:\Program Files\Android\Android Studio\jre\jre\bin\nio.dll

VM Arguments:
jvm_args: -Djava.awt.headless=true -Xmx64M -Dfile.encoding=windows-1252 -Duser.country=US -Duser.language=en -Duser.variant 
java_command: com.google.devtools.build.android.desugar.Desugar @C:\Users\zhli\workspace\ReUnite\app\build\intermediates\tmp\desugar_args4138055244727374857
java_class_path (initial): C:\Users\zhli\AppData\Local\Temp\3\desugar_deploy.jar3862804513960915086
Launcher Type: SUN_STANDARD

Environment Variables:
JAVA_HOME=C:\Program Files\Java\jdk1.8.0_131
PATH=C:\ProgramData\Oracle\Java\javapath;C:\Windows\system32;C:\Windows;C:\Windows\System32\Wbem;C:\Windows\System32\WindowsPowerShell\v1.0\;C:\Program Files\Java\jdk1.8.0_131\bin;C:\Program Files\ActivIdentity\ActivClient\;C:\Program Files (x86)\ActivIdentity\ActivClient\;C:\Program Files\VanDyke Software\Clients\;C:\Program Files\TortoiseSVN\bin;C:\Program Files\nodejs\;C:\Windows\System32\WindowsPowerShell\v1.0\;C:\Windows\System32\WindowsPowerShell\v1.0\;C:\Program Files\Git\cmd;C:\Program Files (x86)\GtkSharp\2.12\bin;C:\Users\zhli\AppData\Roaming\npm;C:\Users\zhli\AppData\Local\atom\bin;C:\Users\zhli\Bin\flutter\bin;
USERNAME=zhli
OS=Windows_NT
PROCESSOR_IDENTIFIER=Intel64 Family 6 Model 94 Stepping 3, GenuineIntel



---------------  S Y S T E M  ---------------

OS: Windows 7 , 64 bit Build 7601 (6.1.7601.24024)

CPU:total 8 (initial active 8) (4 cores per cpu, 2 threads per core) family 6 model 94 stepping 3, cmov, cx8, fxsr, mmx, sse, sse2, sse3, ssse3, sse4.1, sse4.2, popcnt, avx, avx2, aes, clmul, erms, rtm, 3dnowpref, lzcnt, ht, tsc, tscinvbit, bmi1, bmi2, adx

Memory: 4k page, physical 16701228k(145148k free), swap 20893656k(4948k free)

vm_info: OpenJDK 64-Bit Server VM (25.152-b01) for windows-amd64 JRE (1.8.0_152-release-915-b01), built by "builder" with MS VC++ 10.0 (VS2010)

time: Mon Mar 12 14:24:53 2018
elapsed time: 2 seconds (0d 0h 0m 2s)

