#
# There is insufficient memory for the Java Runtime Environment to continue.
# Native memory allocation (malloc) failed to allocate 1289456 bytes for Chunk::new
# Possible reasons:
#   The system is out of physical RAM or swap space
#   In 32 bit mode, the process size limit was hit
# Possible solutions:
#   Reduce memory load on the system
#   Increase physical memory or swap space
#   Check if swap backing store is full
#   Use 64 bit Java on a 64 bit OS
#   Decrease Java heap size (-Xmx/-Xms)
#   Decrease number of Java threads
#   Decrease Java thread stack sizes (-Xss)
#   Set larger code cache with -XX:ReservedCodeCacheSize=
# This output file may be truncated or incomplete.
#
#  Out of Memory Error (allocation.cpp:390), pid=3188, tid=0x00000000000020a4
#
# JRE version: OpenJDK Runtime Environment (8.0_152-b01) (build 1.8.0_152-release-915-b01)
# Java VM: OpenJDK 64-Bit Server VM (25.152-b01 mixed mode windows-amd64 compressed oops)
# Failed to write core dump. Minidumps are not enabled by default on client versions of Windows
#

---------------  T H R E A D  ---------------

Current thread (0x00000000541c3000):  JavaThread "C2 CompilerThread2" daemon [_thread_in_native, id=8356, stack(0x0000000055d90000,0x0000000055e90000)]

Stack: [0x0000000055d90000,0x0000000055e90000]
[error occurred during error reporting (printing stack bounds), id 0xc0000005]

Native frames: (J=compiled Java code, j=interpreted, Vv=VM code, C=native code)


Current CompileTask:
C2:   3036 1085       4       org.objectweb.asm.ClassReader::b (1124 bytes)


---------------  P R O C E S S  ---------------

Java Threads: ( => current thread )
  0x0000000054245800 JavaThread "Service Thread" daemon [_thread_blocked, id=8960, stack(0x0000000056070000,0x0000000056170000)]
  0x00000000541e6000 JavaThread "C1 CompilerThread3" daemon [_thread_blocked, id=4940, stack(0x0000000055f00000,0x0000000056000000)]
=>0x00000000541c3000 JavaThread "C2 CompilerThread2" daemon [_thread_in_native, id=8356, stack(0x0000000055d90000,0x0000000055e90000)]
  0x00000000541bc000 JavaThread "C2 CompilerThread1" daemon [_thread_blocked, id=7868, stack(0x0000000055c10000,0x0000000055d10000)]
  0x00000000541ae800 JavaThread "C2 CompilerThread0" daemon [_thread_blocked, id=9800, stack(0x0000000055a10000,0x0000000055b10000)]
  0x00000000541ad000 JavaThread "Attach Listener" daemon [_thread_blocked, id=8548, stack(0x0000000055880000,0x0000000055980000)]
  0x00000000541ba000 JavaThread "Signal Dispatcher" daemon [_thread_blocked, id=1556, stack(0x00000000556d0000,0x00000000557d0000)]
  0x0000000052fef000 JavaThread "Finalizer" daemon [_thread_blocked, id=11480, stack(0x0000000055120000,0x0000000055220000)]
  0x0000000052fe8000 JavaThread "Reference Handler" daemon [_thread_blocked, id=2388, stack(0x0000000055420000,0x0000000055520000)]
  0x0000000001eef000 JavaThread "main" [_thread_in_Java, id=5384, stack(0x0000000001fc0000,0x00000000020c0000)]

Other Threads:
  0x0000000052fdf000 VMThread [stack: 0x0000000055280000,0x0000000055380000] [id=5452]
  0x0000000054247800 WatcherThread [stack: 0x0000000055550000,0x0000000055650000] [id=4252]

VM state:not at safepoint (normal execution)

VM Mutex/Monitor currently owned by a thread: None

Heap:
 PSYoungGen      total 18944K, used 15334K [0x00000000feb00000, 0x0000000100000000, 0x0000000100000000)
  eden space 16384K, 78% used [0x00000000feb00000,0x00000000ff77c490,0x00000000ffb00000)
  from space 2560K, 99% used [0x00000000ffb00000,0x00000000ffd7d540,0x00000000ffd80000)
  to   space 2560K, 0% used [0x00000000ffd80000,0x00000000ffd80000,0x0000000100000000)
 ParOldGen       total 44032K, used 6273K [0x00000000fc000000, 0x00000000feb00000, 0x00000000feb00000)
  object space 44032K, 14% used [0x00000000fc000000,0x00000000fc6206f8,0x00000000feb00000)
 Metaspace       used 7609K, capacity 7788K, committed 7936K, reserved 1056768K
  class space    used 873K, capacity 956K, committed 1024K, reserved 1048576K

Card table byte_map: [0x0000000000580000,0x00000000005b0000] byte_map_base: 0xffffffffffda0000

Marking Bits: (ParMarkBitMap*) 0x000000005e243950
 Begin Bits: [0x0000000012400000, 0x0000000012500000)
 End Bits:   [0x0000000012500000, 0x0000000012600000)

Polling page: 0x0000000000340000

CodeCache: size=245760Kb used=4214Kb max_used=4228Kb free=241545Kb
 bounds [0x0000000002430000, 0x0000000002860000, 0x0000000011430000]
 total_blobs=1445 nmethods=1113 adapters=245
 compilation: enabled

Compilation events (10 events):
Event: 2.881 Thread 0x00000000541ae800 1109       4       java.util.zip.ZipOutputStream::writeShort (41 bytes)
Event: 2.881 Thread 0x00000000541e6000 nmethod 1112 0x0000000002844f50 code [0x00000000028450c0, 0x0000000002845328]
Event: 2.881 Thread 0x00000000541e6000 1113       3       java.util.zip.ZipOutputStream::writeCEN (514 bytes)
Event: 2.883 Thread 0x00000000541e6000 nmethod 1113 0x00000000028422d0 code [0x00000000028426c0, 0x0000000002843eb8]
Event: 2.884 Thread 0x00000000541ae800 nmethod 1109 0x0000000002849fd0 code [0x000000000284a140, 0x000000000284a6b8]
Event: 2.884 Thread 0x00000000541ae800 1114       4       java.util.zip.ZipOutputStream::writeInt (69 bytes)
Event: 2.887 Thread 0x00000000541bc000 nmethod 1057 0x000000000284e010 code [0x000000000284e380, 0x0000000002851198]
Event: 2.887 Thread 0x00000000541bc000 1091 %     4       org.objectweb.asm.ByteVector::c @ 12 (335 bytes)
Event: 2.888 Thread 0x00000000541ae800 nmethod 1114 0x000000000284b0d0 code [0x000000000284b260, 0x000000000284bb10]
Event: 2.902 Thread 0x00000000541bc000 nmethod 1091% 0x0000000002855750 code [0x00000000028558c0, 0x0000000002856568]

GC Heap History (6 events):
Event: 0.451 GC heap before
{Heap before GC invocations=1 (full 0):
 PSYoungGen      total 18944K, used 16384K [0x00000000feb00000, 0x0000000100000000, 0x0000000100000000)
  eden space 16384K, 100% used [0x00000000feb00000,0x00000000ffb00000,0x00000000ffb00000)
  from space 2560K, 0% used [0x00000000ffd80000,0x00000000ffd80000,0x0000000100000000)
  to   space 2560K, 0% used [0x00000000ffb00000,0x00000000ffb00000,0x00000000ffd80000)
 ParOldGen       total 44032K, used 0K [0x00000000fc000000, 0x00000000feb00000, 0x00000000feb00000)
  object space 44032K, 0% used [0x00000000fc000000,0x00000000fc000000,0x00000000feb00000)
 Metaspace       used 6481K, capacity 6682K, committed 6784K, reserved 1056768K
  class space    used 771K, capacity 823K, committed 896K, reserved 1048576K
Event: 0.481 GC heap after
Heap after GC invocations=1 (full 0):
 PSYoungGen      total 18944K, used 2544K [0x00000000feb00000, 0x0000000100000000, 0x0000000100000000)
  eden space 16384K, 0% used [0x00000000feb00000,0x00000000feb00000,0x00000000ffb00000)
  from space 2560K, 99% used [0x00000000ffb00000,0x00000000ffd7c020,0x00000000ffd80000)
  to   space 2560K, 0% used [0x00000000ffd80000,0x00000000ffd80000,0x0000000100000000)
 ParOldGen       total 44032K, used 1524K [0x00000000fc000000, 0x00000000feb00000, 0x00000000feb00000)
  object space 44032K, 3% used [0x00000000fc000000,0x00000000fc17d310,0x00000000feb00000)
 Metaspace       used 6481K, capacity 6682K, committed 6784K, reserved 1056768K
  class space    used 771K, capacity 823K, committed 896K, reserved 1048576K
}
Event: 0.714 GC heap before
{Heap before GC invocations=2 (full 0):
 PSYoungGen      total 18944K, used 18928K [0x00000000feb00000, 0x0000000100000000, 0x0000000100000000)
  eden space 16384K, 100% used [0x00000000feb00000,0x00000000ffb00000,0x00000000ffb00000)
  from space 2560K, 99% used [0x00000000ffb00000,0x00000000ffd7c020,0x00000000ffd80000)
  to   space 2560K, 0% used [0x00000000ffd80000,0x00000000ffd80000,0x0000000100000000)
 ParOldGen       total 44032K, used 1524K [0x00000000fc000000, 0x00000000feb00000, 0x00000000feb00000)
  object space 44032K, 3% used [0x00000000fc000000,0x00000000fc17d310,0x00000000feb00000)
 Metaspace       used 6888K, capacity 6988K, committed 7040K, reserved 1056768K
  class space    used 819K, capacity 860K, committed 896K, reserved 1048576K
Event: 1.248 GC heap after
Heap after GC invocations=2 (full 0):
 PSYoungGen      total 18944K, used 2549K [0x00000000feb00000, 0x0000000100000000, 0x0000000100000000)
  eden space 16384K, 0% used [0x00000000feb00000,0x00000000feb00000,0x00000000ffb00000)
  from space 2560K, 99% used [0x00000000ffd80000,0x00000000ffffd540,0x0000000100000000)
  to   space 2560K, 0% used [0x00000000ffb00000,0x00000000ffb00000,0x00000000ffd80000)
 ParOldGen       total 44032K, used 5698K [0x00000000fc000000, 0x00000000feb00000, 0x00000000feb00000)
  object space 44032K, 12% used [0x00000000fc000000,0x00000000fc590808,0x00000000feb00000)
 Metaspace       used 6888K, capacity 6988K, committed 7040K, reserved 1056768K
  class space    used 819K, capacity 860K, committed 896K, reserved 1048576K
}
Event: 1.929 GC heap before
{Heap before GC invocations=3 (full 0):
 PSYoungGen      total 18944K, used 18933K [0x00000000feb00000, 0x0000000100000000, 0x0000000100000000)
  eden space 16384K, 100% used [0x00000000feb00000,0x00000000ffb00000,0x00000000ffb00000)
  from space 2560K, 99% used [0x00000000ffd80000,0x00000000ffffd540,0x0000000100000000)
  to   space 2560K, 0% used [0x00000000ffb00000,0x00000000ffb00000,0x00000000ffd80000)
 ParOldGen       total 44032K, used 5698K [0x00000000fc000000, 0x00000000feb00000, 0x00000000feb00000)
  object space 44032K, 12% used [0x00000000fc000000,0x00000000fc590808,0x00000000feb00000)
 Metaspace       used 7555K, capacity 7724K, committed 7936K, reserved 1056768K
  class space    used 872K, capacity 956K, committed 1024K, reserved 1048576K
Event: 2.076 GC heap after
Heap after GC invocations=3 (full 0):
 PSYoungGen      total 18944K, used 2549K [0x00000000feb00000, 0x0000000100000000, 0x0000000100000000)
  eden space 16384K, 0% used [0x00000000feb00000,0x00000000feb00000,0x00000000ffb00000)
  from space 2560K, 99% used [0x00000000ffb00000,0x00000000ffd7d540,0x00000000ffd80000)
  to   space 2560K, 0% used [0x00000000ffd80000,0x00000000ffd80000,0x0000000100000000)
 ParOldGen       total 44032K, used 6273K [0x00000000fc000000, 0x00000000feb00000, 0x00000000feb00000)
  object space 44032K, 14% used [0x00000000fc000000,0x00000000fc6206f8,0x00000000feb00000)
 Metaspace       used 7555K, capacity 7724K, committed 7936K, reserved 1056768K
  class space    used 872K, capacity 956K, committed 1024K, reserved 1048576K
}

Deoptimization events (10 events):
Event: 0.657 Thread 0x0000000001eef000 Uncommon trap: reason=unloaded action=reinterpret pc=0x0000000002635bb4 method=java.util.zip.ZipEntry.setExtra0([BZ)V @ 37
Event: 1.255 Thread 0x0000000001eef000 Uncommon trap: reason=unstable_if action=reinterpret pc=0x00000000025eafe8 method=java.lang.String.<init>([CII)V @ 18
Event: 1.521 Thread 0x0000000001eef000 Uncommon trap: reason=unstable_if action=reinterpret pc=0x00000000026d1f50 method=org.objectweb.asm.ClassReader.a(II[C)Ljava/lang/String; @ 77
Event: 1.521 Thread 0x0000000001eef000 Uncommon trap: reason=unstable_if action=reinterpret pc=0x00000000026d07e8 method=org.objectweb.asm.ByteVector.putUTF8(Ljava/lang/String;)Lorg/objectweb/asm/ByteVector; @ 98
Event: 1.622 Thread 0x0000000001eef000 Uncommon trap: reason=unstable_if action=reinterpret pc=0x000000000271b4a8 method=org.objectweb.asm.Item.a(Lorg/objectweb/asm/Item;)Z @ 251
Event: 1.729 Thread 0x0000000001eef000 Uncommon trap: reason=unstable_if action=reinterpret pc=0x00000000027309f8 method=org.objectweb.asm.Type.getArgumentsAndReturnSizes(Ljava/lang/String;)I @ 118
Event: 1.889 Thread 0x0000000001eef000 Uncommon trap: reason=unstable_if action=reinterpret pc=0x000000000278f5ac method=org.objectweb.asm.MethodWriter.visitVarInsn(II)V @ 142
Event: 1.889 Thread 0x0000000001eef000 Uncommon trap: reason=unstable_if action=reinterpret pc=0x0000000002776398 method=org.objectweb.asm.MethodWriter.visitVarInsn(II)V @ 142
Event: 2.842 Thread 0x0000000001eef000 Uncommon trap: reason=null_check action=make_not_entrant pc=0x000000000282c4cc method=com.google.devtools.build.android.desugar.InterfaceDesugaring$InterfaceInvocationRewriter.visitMethodInsn(ILjava/lang/String;Ljava/lang/String;Ljava/lang/String;Z)V @ 10
Event: 2.868 Thread 0x0000000001eef000 Uncommon trap: reason=unstable_if action=reinterpret pc=0x000000000270ab80 method=org.objectweb.asm.ByteVector.putUTF8(Ljava/lang/String;)Lorg/objectweb/asm/ByteVector; @ 98

Classes redefined (0 events):
No events

Internal exceptions (10 events):
Event: 0.542 Thread 0x0000000001eef000 Exception <a 'sun/nio/fs/WindowsException'> (0x00000000ff179940) thrown at [D:\src\AOSP-openjdk-cygwin\jdk8u\hotspot\src\share\vm\prims\jni.cpp, line 709]
Event: 0.543 Thread 0x0000000001eef000 Exception <a 'sun/nio/fs/WindowsException'> (0x00000000ff179f10) thrown at [D:\src\AOSP-openjdk-cygwin\jdk8u\hotspot\src\share\vm\prims\jni.cpp, line 709]
Event: 0.543 Thread 0x0000000001eef000 Exception <a 'sun/nio/fs/WindowsException'> (0x00000000ff17a4f0) thrown at [D:\src\AOSP-openjdk-cygwin\jdk8u\hotspot\src\share\vm\prims\jni.cpp, line 709]
Event: 0.543 Thread 0x0000000001eef000 Exception <a 'sun/nio/fs/WindowsException'> (0x00000000ff17acc0) thrown at [D:\src\AOSP-openjdk-cygwin\jdk8u\hotspot\src\share\vm\prims\jni.cpp, line 709]
Event: 0.543 Thread 0x0000000001eef000 Exception <a 'sun/nio/fs/WindowsException'> (0x00000000ff17b278) thrown at [D:\src\AOSP-openjdk-cygwin\jdk8u\hotspot\src\share\vm\prims\jni.cpp, line 709]
Event: 0.543 Thread 0x0000000001eef000 Exception <a 'sun/nio/fs/WindowsException'> (0x00000000ff17ba38) thrown at [D:\src\AOSP-openjdk-cygwin\jdk8u\hotspot\src\share\vm\prims\jni.cpp, line 709]
Event: 0.548 Thread 0x0000000001eef000 Exception <a 'sun/nio/fs/WindowsException'> (0x00000000ff180ef0) thrown at [D:\src\AOSP-openjdk-cygwin\jdk8u\hotspot\src\share\vm\prims\jni.cpp, line 709]
Event: 0.681 Thread 0x0000000001eef000 Exception <a 'sun/nio/fs/WindowsException'> (0x00000000ffabbef0) thrown at [D:\src\AOSP-openjdk-cygwin\jdk8u\hotspot\src\share\vm\prims\jni.cpp, line 709]
Event: 0.681 Thread 0x0000000001eef000 Exception <a 'sun/nio/fs/WindowsException'> (0x00000000ffabc478) thrown at [D:\src\AOSP-openjdk-cygwin\jdk8u\hotspot\src\share\vm\prims\jni.cpp, line 709]
Event: 2.842 Thread 0x0000000001eef000 Implicit null exception at 0x000000000282c1da to 0x000000000282c4a9

Events (10 events):
Event: 2.842 Thread 0x0000000001eef000 Uncommon trap: trap_request=0xfffffff4 fr.pc=0x000000000282c4cc
Event: 2.842 Thread 0x0000000001eef000 DEOPT PACKING pc=0x000000000282c4cc sp=0x00000000020bed70
Event: 2.842 Thread 0x0000000001eef000 DEOPT UNPACKING pc=0x000000000247556a sp=0x00000000020becf0 mode 2
Event: 2.851 Thread 0x0000000001eef000 DEOPT PACKING pc=0x0000000002723b70 sp=0x00000000020bee20
Event: 2.851 Thread 0x0000000001eef000 DEOPT UNPACKING pc=0x00000000024775bf sp=0x00000000020beb48 mode 0
Event: 2.868 Thread 0x0000000001eef000 Uncommon trap: trap_request=0xffffff65 fr.pc=0x000000000270ab80
Event: 2.868 Thread 0x0000000001eef000 DEOPT PACKING pc=0x000000000270ab80 sp=0x00000000020bed20
Event: 2.868 Thread 0x0000000001eef000 DEOPT UNPACKING pc=0x000000000247556a sp=0x00000000020bec80 mode 2
Event: 2.877 loading class java/util/Vector$Itr
Event: 2.879 loading class java/util/Vector$Itr done


Dynamic libraries:
0x000000013fe50000 - 0x000000013fe81000 	C:\Program Files\Android\Android Studio\jre\bin\java.exe
0x0000000077320000 - 0x00000000774bf000 	C:\Windows\SYSTEM32\ntdll.dll
0x0000000077100000 - 0x000000007721f000 	C:\Windows\system32\kernel32.dll
0x000007fefd290000 - 0x000007fefd2fa000 	C:\Windows\system32\KERNELBASE.dll
0x000007fefdf90000 - 0x000007fefe06b000 	C:\Windows\system32\ADVAPI32.dll
0x000007feff2f0000 - 0x000007feff38f000 	C:\Windows\system32\msvcrt.dll
0x000007fefe540000 - 0x000007fefe55f000 	C:\Windows\SYSTEM32\sechost.dll
0x000007fefd730000 - 0x000007fefd85d000 	C:\Windows\system32\RPCRT4.dll
0x0000000077220000 - 0x000000007731a000 	C:\Windows\system32\USER32.dll
0x000007fefda70000 - 0x000007fefdad7000 	C:\Windows\system32\GDI32.dll
0x000007fefe530000 - 0x000007fefe53e000 	C:\Windows\system32\LPK.dll
0x000007fefdec0000 - 0x000007fefdf8b000 	C:\Windows\system32\USP10.dll
0x000007fefb3c0000 - 0x000007fefb5b4000 	C:\Windows\WinSxS\amd64_microsoft.windows.common-controls_6595b64144ccf1df_6.0.7601.23403_none_e36ad4593102f066\COMCTL32.dll
0x000007fefde40000 - 0x000007fefdeb1000 	C:\Windows\system32\SHLWAPI.dll
0x000007fefde10000 - 0x000007fefde3e000 	C:\Windows\system32\IMM32.DLL
0x000007fefe420000 - 0x000007fefe529000 	C:\Windows\system32\MSCTF.dll
0x000007fefcf30000 - 0x000007fefcf60000 	C:\Windows\system32\nvinitx.dll
0x000007fefcf20000 - 0x000007fefcf2c000 	C:\Windows\system32\VERSION.dll
0x000007fefd280000 - 0x000007fefd285000 	C:\Windows\system32\api-ms-win-downlevel-advapi32-l1-1-0.dll
0x000007fefcdc0000 - 0x000007fefcde5000 	C:\Windows\system32\SspiCli.dll
0x00000000639c0000 - 0x0000000063a92000 	C:\Program Files\Android\Android Studio\jre\jre\bin\msvcr100.dll
0x000000005da80000 - 0x000000005e2be000 	C:\Program Files\Android\Android Studio\jre\jre\bin\server\jvm.dll
0x000007fef91f0000 - 0x000007fef91f9000 	C:\Windows\system32\WSOCK32.dll
0x000007fefdce0000 - 0x000007fefdd2d000 	C:\Windows\system32\WS2_32.dll
0x000007fefd720000 - 0x000007fefd728000 	C:\Windows\system32\NSI.dll
0x000007fefab60000 - 0x000007fefab9b000 	C:\Windows\system32\WINMM.dll
0x00000000774c0000 - 0x00000000774c7000 	C:\Windows\system32\PSAPI.DLL
0x000007feedd60000 - 0x000007feedd6f000 	C:\Program Files\Android\Android Studio\jre\jre\bin\verify.dll
0x000007feed990000 - 0x000007feed9b9000 	C:\Program Files\Android\Android Studio\jre\jre\bin\java.dll
0x000007fee8980000 - 0x000007fee8996000 	C:\Program Files\Android\Android Studio\jre\jre\bin\zip.dll
0x000007fefe560000 - 0x000007feff2eb000 	C:\Windows\system32\SHELL32.dll
0x000007fefdae0000 - 0x000007fefdcdd000 	C:\Windows\system32\ole32.dll
0x000007fefcff0000 - 0x000007fefcfff000 	C:\Windows\system32\profapi.dll
0x000007fefc7e0000 - 0x000007fefc7f8000 	C:\Windows\system32\CRYPTSP.dll
0x000007fefc4e0000 - 0x000007fefc527000 	C:\Windows\system32\rsaenh.dll
0x000007fefd1d0000 - 0x000007fefd1ef000 	C:\Windows\system32\USERENV.dll
0x000007fefce50000 - 0x000007fefce5f000 	C:\Windows\system32\CRYPTBASE.dll
0x000007fee8960000 - 0x000007fee897a000 	C:\Program Files\Android\Android Studio\jre\jre\bin\net.dll
0x000007fefc780000 - 0x000007fefc7d5000 	C:\Windows\system32\mswsock.dll
0x000007fefc770000 - 0x000007fefc777000 	C:\Windows\System32\wship6.dll
0x000007fefa6b0000 - 0x000007fefa6d7000 	C:\Windows\system32\IPHLPAPI.DLL
0x000007fefa6a0000 - 0x000007fefa6ab000 	C:\Windows\system32\WINNSI.DLL
0x000007fefa250000 - 0x000007fefa261000 	C:\Windows\system32\dhcpcsvc6.DLL
0x000007fefa230000 - 0x000007fefa248000 	C:\Windows\system32\dhcpcsvc.DLL
0x000007fee8710000 - 0x000007fee8721000 	C:\Program Files\Android\Android Studio\jre\jre\bin\nio.dll

VM Arguments:
jvm_args: -Djava.awt.headless=true -Xmx64M -Dfile.encoding=windows-1252 -Duser.country=US -Duser.language=en -Duser.variant 
java_command: com.google.devtools.build.android.desugar.Desugar @C:\Users\zhli\workspace\ReUnite\app\build\intermediates\tmp\desugar_args2078783838876082559
java_class_path (initial): C:\Users\zhli\AppData\Local\Temp\3\desugar_deploy.jar3862804513960915086
Launcher Type: SUN_STANDARD

Environment Variables:
JAVA_HOME=C:\Program Files\Java\jdk1.8.0_131
PATH=C:\ProgramData\Oracle\Java\javapath;C:\Windows\system32;C:\Windows;C:\Windows\System32\Wbem;C:\Windows\System32\WindowsPowerShell\v1.0\;C:\Program Files\Java\jdk1.8.0_131\bin;C:\Program Files\ActivIdentity\ActivClient\;C:\Program Files (x86)\ActivIdentity\ActivClient\;C:\Program Files\VanDyke Software\Clients\;C:\Program Files\TortoiseSVN\bin;C:\Program Files\nodejs\;C:\Windows\System32\WindowsPowerShell\v1.0\;C:\Windows\System32\WindowsPowerShell\v1.0\;C:\Program Files\Git\cmd;C:\Program Files (x86)\GtkSharp\2.12\bin;C:\Users\zhli\AppData\Roaming\npm;C:\Users\zhli\AppData\Local\atom\bin;C:\Users\zhli\Bin\flutter\bin;
USERNAME=zhli
OS=Windows_NT
PROCESSOR_IDENTIFIER=Intel64 Family 6 Model 94 Stepping 3, GenuineIntel



---------------  S Y S T E M  ---------------

OS: Windows 7 , 64 bit Build 7601 (6.1.7601.24024)

CPU:total 8 (initial active 8) (4 cores per cpu, 2 threads per core) family 6 model 94 stepping 3, cmov, cx8, fxsr, mmx, sse, sse2, sse3, ssse3, sse4.1, sse4.2, popcnt, avx, avx2, aes, clmul, erms, rtm, 3dnowpref, lzcnt, ht, tsc, tscinvbit, bmi1, bmi2, adx

Memory: 4k page, physical 16701228k(40848k free), swap 20893656k(1140k free)

vm_info: OpenJDK 64-Bit Server VM (25.152-b01) for windows-amd64 JRE (1.8.0_152-release-915-b01), built by "builder" with MS VC++ 10.0 (VS2010)

time: Mon Mar 12 14:23:49 2018
elapsed time: 3 seconds (0d 0h 0m 3s)

