#
# There is insufficient memory for the Java Runtime Environment to continue.
# Native memory allocation (malloc) failed to allocate 32744 bytes for ChunkPool::allocate
# Possible reasons:
#   The system is out of physical RAM or swap space
#   In 32 bit mode, the process size limit was hit
# Possible solutions:
#   Reduce memory load on the system
#   Increase physical memory or swap space
#   Check if swap backing store is full
#   Use 64 bit Java on a 64 bit OS
#   Decrease Java heap size (-Xmx/-Xms)
#   Decrease number of Java threads
#   Decrease Java thread stack sizes (-Xss)
#   Set larger code cache with -XX:ReservedCodeCacheSize=
# This output file may be truncated or incomplete.
#
#  Out of Memory Error (allocation.cpp:273), pid=9924, tid=0x0000000000001a44
#
# JRE version: OpenJDK Runtime Environment (8.0_152-b01) (build 1.8.0_152-release-915-b01)
# Java VM: OpenJDK 64-Bit Server VM (25.152-b01 mixed mode windows-amd64 compressed oops)
# Failed to write core dump. Minidumps are not enabled by default on client versions of Windows
#

---------------  T H R E A D  ---------------

Current thread (0x000000005332c800):  JavaThread "C2 CompilerThread2" daemon [_thread_in_native, id=6724, stack(0x0000000055740000,0x0000000055840000)]

Stack: [0x0000000055740000,0x0000000055840000]
[error occurred during error reporting (printing stack bounds), id 0xc0000005]

Native frames: (J=compiled Java code, j=interpreted, Vv=VM code, C=native code)


Current CompileTask:
C2:   2672  870 %     4       org.objectweb.asm.ClassReader::a @ 74 (3587 bytes)


---------------  P R O C E S S  ---------------

Java Threads: ( => current thread )
  0x0000000054243800 JavaThread "Service Thread" daemon [_thread_blocked, id=9244, stack(0x0000000055e00000,0x0000000055f00000)]
  0x000000005332f000 JavaThread "C1 CompilerThread3" daemon [_thread_in_vm, id=1276, stack(0x0000000055bd0000,0x0000000055cd0000)]
=>0x000000005332c800 JavaThread "C2 CompilerThread2" daemon [_thread_in_native, id=6724, stack(0x0000000055740000,0x0000000055840000)]
  0x00000000541ba800 JavaThread "C2 CompilerThread1" daemon [_thread_in_native, id=7468, stack(0x0000000055950000,0x0000000055a50000)]
  0x00000000541b3000 JavaThread "C2 CompilerThread0" daemon [_thread_in_native, id=4896, stack(0x0000000055840000,0x0000000055940000)]
  0x00000000541b2000 JavaThread "Attach Listener" daemon [_thread_blocked, id=5356, stack(0x00000000555e0000,0x00000000556e0000)]
  0x00000000541c0800 JavaThread "Signal Dispatcher" daemon [_thread_blocked, id=11720, stack(0x00000000554e0000,0x00000000555e0000)]
  0x0000000053320000 JavaThread "Finalizer" daemon [_thread_blocked, id=10448, stack(0x0000000001fa0000,0x00000000020a0000)]
  0x0000000053319000 JavaThread "Reference Handler" daemon [_thread_blocked, id=10040, stack(0x0000000055230000,0x0000000055330000)]
  0x0000000001f9f000 JavaThread "main" [_thread_in_native, id=4636, stack(0x00000000022f0000,0x00000000023f0000)]

Other Threads:
  0x0000000054163000 VMThread [stack: 0x00000000550e0000,0x00000000551e0000] [id=2544]
  0x0000000054246000 WatcherThread [stack: 0x0000000055f70000,0x0000000056070000] [id=9932]

VM state:not at safepoint (normal execution)

VM Mutex/Monitor currently owned by a thread: None

Heap:
 PSYoungGen      total 18944K, used 5452K [0x00000000feb00000, 0x0000000100000000, 0x0000000100000000)
  eden space 16384K, 17% used [0x00000000feb00000,0x00000000fedd94c8,0x00000000ffb00000)
  from space 2560K, 99% used [0x00000000ffb00000,0x00000000ffd79e90,0x00000000ffd80000)
  to   space 2560K, 0% used [0x00000000ffd80000,0x00000000ffd80000,0x0000000100000000)
 ParOldGen       total 44032K, used 6195K [0x00000000fc000000, 0x00000000feb00000, 0x00000000feb00000)
  object space 44032K, 14% used [0x00000000fc000000,0x00000000fc60cc68,0x00000000feb00000)
 Metaspace       used 7602K, capacity 7788K, committed 7936K, reserved 1056768K
  class space    used 874K, capacity 956K, committed 1024K, reserved 1048576K

Card table byte_map: [0x0000000000370000,0x00000000003a0000] byte_map_base: 0xffffffffffb90000

Marking Bits: (ParMarkBitMap*) 0x0000000060a53950
 Begin Bits: [0x0000000012730000, 0x0000000012830000)
 End Bits:   [0x0000000012830000, 0x0000000012930000)

Polling page: 0x0000000000140000

CodeCache: size=245760Kb used=3755Kb max_used=3755Kb free=242004Kb
 bounds [0x00000000026c0000, 0x0000000002a70000, 0x00000000116c0000]
 total_blobs=1357 nmethods=1022 adapters=245
 compilation: enabled

Compilation events (10 events):
Event: 2.027 Thread 0x000000005332f000 1024       3       com.google.devtools.build.android.desugar.Java7Compatibility::<init> (13 bytes)
Event: 2.027 Thread 0x000000005332f000 nmethod 1024 0x0000000002a63f50 code [0x0000000002a640c0, 0x0000000002a64330]
Event: 2.027 Thread 0x000000005332f000 1025       3       com.google.devtools.build.android.desugar.DefaultMethodClassFixer::<init> (35 bytes)
Event: 2.027 Thread 0x000000005332f000 nmethod 1025 0x0000000002a64450 code [0x0000000002a64600, 0x0000000002a64bf0]
Event: 2.027 Thread 0x000000005332f000 1026       3       com.google.devtools.build.android.desugar.InterfaceDesugaring::<init> (18 bytes)
Event: 2.027 Thread 0x000000005332f000 nmethod 1026 0x0000000002a64fd0 code [0x0000000002a65140, 0x0000000002a653b0]
Event: 2.027 Thread 0x000000005332f000 1027       3       java.io.FilterOutputStream::write (9 bytes)
Event: 2.028 Thread 0x000000005332f000 nmethod 1027 0x0000000002a654d0 code [0x0000000002a65640, 0x0000000002a65868]
Event: 2.032 Thread 0x000000005332f000 1028       3       org.objectweb.asm.ClassWriter::<init> (117 bytes)
Event: 2.033 Thread 0x000000005332f000 nmethod 1028 0x0000000002a65910 code [0x0000000002a65b20, 0x0000000002a66528]

GC Heap History (5 events):
Event: 1.154 GC heap before
{Heap before GC invocations=1 (full 0):
 PSYoungGen      total 18944K, used 16384K [0x00000000feb00000, 0x0000000100000000, 0x0000000100000000)
  eden space 16384K, 100% used [0x00000000feb00000,0x00000000ffb00000,0x00000000ffb00000)
  from space 2560K, 0% used [0x00000000ffd80000,0x00000000ffd80000,0x0000000100000000)
  to   space 2560K, 0% used [0x00000000ffb00000,0x00000000ffb00000,0x00000000ffd80000)
 ParOldGen       total 44032K, used 0K [0x00000000fc000000, 0x00000000feb00000, 0x00000000feb00000)
  object space 44032K, 0% used [0x00000000fc000000,0x00000000fc000000,0x00000000feb00000)
 Metaspace       used 6498K, capacity 6682K, committed 6784K, reserved 1056768K
  class space    used 771K, capacity 823K, committed 896K, reserved 1048576K
Event: 1.174 GC heap after
Heap after GC invocations=1 (full 0):
 PSYoungGen      total 18944K, used 2528K [0x00000000feb00000, 0x0000000100000000, 0x0000000100000000)
  eden space 16384K, 0% used [0x00000000feb00000,0x00000000feb00000,0x00000000ffb00000)
  from space 2560K, 98% used [0x00000000ffb00000,0x00000000ffd78030,0x00000000ffd80000)
  to   space 2560K, 0% used [0x00000000ffd80000,0x00000000ffd80000,0x0000000100000000)
 ParOldGen       total 44032K, used 1555K [0x00000000fc000000, 0x00000000feb00000, 0x00000000feb00000)
  object space 44032K, 3% used [0x00000000fc000000,0x00000000fc184f08,0x00000000feb00000)
 Metaspace       used 6498K, capacity 6682K, committed 6784K, reserved 1056768K
  class space    used 771K, capacity 823K, committed 896K, reserved 1048576K
}
Event: 1.686 GC heap before
{Heap before GC invocations=2 (full 0):
 PSYoungGen      total 18944K, used 18912K [0x00000000feb00000, 0x0000000100000000, 0x0000000100000000)
  eden space 16384K, 100% used [0x00000000feb00000,0x00000000ffb00000,0x00000000ffb00000)
  from space 2560K, 98% used [0x00000000ffb00000,0x00000000ffd78030,0x00000000ffd80000)
  to   space 2560K, 0% used [0x00000000ffd80000,0x00000000ffd80000,0x0000000100000000)
 ParOldGen       total 44032K, used 1555K [0x00000000fc000000, 0x00000000feb00000, 0x00000000feb00000)
  object space 44032K, 3% used [0x00000000fc000000,0x00000000fc184f08,0x00000000feb00000)
 Metaspace       used 6979K, capacity 7148K, committed 7296K, reserved 1056768K
  class space    used 829K, capacity 892K, committed 896K, reserved 1048576K
Event: 1.713 GC heap after
Heap after GC invocations=2 (full 0):
 PSYoungGen      total 18944K, used 2549K [0x00000000feb00000, 0x0000000100000000, 0x0000000100000000)
  eden space 16384K, 0% used [0x00000000feb00000,0x00000000feb00000,0x00000000ffb00000)
  from space 2560K, 99% used [0x00000000ffd80000,0x00000000ffffd530,0x0000000100000000)
  to   space 2560K, 0% used [0x00000000ffb00000,0x00000000ffb00000,0x00000000ffd80000)
 ParOldGen       total 44032K, used 5680K [0x00000000fc000000, 0x00000000feb00000, 0x00000000feb00000)
  object space 44032K, 12% used [0x00000000fc000000,0x00000000fc58c100,0x00000000feb00000)
 Metaspace       used 6979K, capacity 7148K, committed 7296K, reserved 1056768K
  class space    used 829K, capacity 892K, committed 896K, reserved 1048576K
}
Event: 2.034 GC heap before
{Heap before GC invocations=3 (full 0):
 PSYoungGen      total 18944K, used 18933K [0x00000000feb00000, 0x0000000100000000, 0x0000000100000000)
  eden space 16384K, 100% used [0x00000000feb00000,0x00000000ffb00000,0x00000000ffb00000)
  from space 2560K, 99% used [0x00000000ffd80000,0x00000000ffffd530,0x0000000100000000)
  to   space 2560K, 0% used [0x00000000ffb00000,0x00000000ffb00000,0x00000000ffd80000)
 ParOldGen       total 44032K, used 5680K [0x00000000fc000000, 0x00000000feb00000, 0x00000000feb00000)
  object space 44032K, 12% used [0x00000000fc000000,0x00000000fc58c100,0x00000000feb00000)
 Metaspace       used 7600K, capacity 7788K, committed 7936K, reserved 1056768K
  class space    used 874K, capacity 956K, committed 1024K, reserved 1048576K

Deoptimization events (10 events):
Event: 1.851 Thread 0x0000000001f9f000 Uncommon trap: reason=unstable_if action=reinterpret pc=0x00000000029a7658 method=java.io.BufferedOutputStream.write(I)V @ 9
Event: 1.917 Thread 0x0000000001f9f000 Uncommon trap: reason=unstable_if action=reinterpret pc=0x00000000029de16c method=org.objectweb.asm.MethodWriter.visitVarInsn(II)V @ 136
Event: 1.966 Thread 0x0000000001f9f000 Uncommon trap: reason=bimorphic action=maybe_recompile pc=0x0000000002a19034 method=org.objectweb.asm.MethodVisitor.visitInsn(I)V @ 12
Event: 1.966 Thread 0x0000000001f9f000 Uncommon trap: reason=bimorphic action=maybe_recompile pc=0x0000000002a19034 method=org.objectweb.asm.MethodVisitor.visitInsn(I)V @ 12
Event: 2.002 Thread 0x0000000001f9f000 Uncommon trap: reason=class_check action=maybe_recompile pc=0x0000000002a32a20 method=org.objectweb.asm.MethodVisitor.visitVarInsn(II)V @ 13
Event: 2.002 Thread 0x0000000001f9f000 Uncommon trap: reason=class_check action=maybe_recompile pc=0x0000000002a32a20 method=org.objectweb.asm.MethodVisitor.visitVarInsn(II)V @ 13
Event: 2.002 Thread 0x0000000001f9f000 Uncommon trap: reason=class_check action=maybe_recompile pc=0x0000000002a32a20 method=org.objectweb.asm.MethodVisitor.visitVarInsn(II)V @ 13
Event: 2.002 Thread 0x0000000001f9f000 Uncommon trap: reason=class_check action=maybe_recompile pc=0x0000000002a329ac method=org.objectweb.asm.tree.VarInsnNode.accept(Lorg/objectweb/asm/MethodVisitor;)V @ 9
Event: 2.002 Thread 0x0000000001f9f000 Uncommon trap: reason=class_check action=maybe_recompile pc=0x0000000002a329ac method=org.objectweb.asm.tree.VarInsnNode.accept(Lorg/objectweb/asm/MethodVisitor;)V @ 9
Event: 2.002 Thread 0x0000000001f9f000 Uncommon trap: reason=class_check action=maybe_recompile pc=0x0000000002a329ac method=org.objectweb.asm.tree.VarInsnNode.accept(Lorg/objectweb/asm/MethodVisitor;)V @ 9

Classes redefined (0 events):
No events

Internal exceptions (10 events):
Event: 1.843 Thread 0x0000000001f9f000 Exception <a 'sun/nio/fs/WindowsException'> (0x00000000feebe6a0) thrown at [D:\src\AOSP-openjdk-cygwin\jdk8u\hotspot\src\share\vm\prims\jni.cpp, line 709]
Event: 1.843 Thread 0x0000000001f9f000 Exception <a 'sun/nio/fs/WindowsException'> (0x00000000feebeba8) thrown at [D:\src\AOSP-openjdk-cygwin\jdk8u\hotspot\src\share\vm\prims\jni.cpp, line 709]
Event: 1.900 Thread 0x0000000001f9f000 Exception <a 'sun/nio/fs/WindowsException'> (0x00000000ff034668) thrown at [D:\src\AOSP-openjdk-cygwin\jdk8u\hotspot\src\share\vm\prims\jni.cpp, line 709]
Event: 1.900 Thread 0x0000000001f9f000 Exception <a 'sun/nio/fs/WindowsException'> (0x00000000ff034b70) thrown at [D:\src\AOSP-openjdk-cygwin\jdk8u\hotspot\src\share\vm\prims\jni.cpp, line 709]
Event: 1.902 Thread 0x0000000001f9f000 Exception <a 'sun/nio/fs/WindowsException'> (0x00000000ff037fa8) thrown at [D:\src\AOSP-openjdk-cygwin\jdk8u\hotspot\src\share\vm\prims\jni.cpp, line 709]
Event: 1.902 Thread 0x0000000001f9f000 Exception <a 'sun/nio/fs/WindowsException'> (0x00000000ff0384b0) thrown at [D:\src\AOSP-openjdk-cygwin\jdk8u\hotspot\src\share\vm\prims\jni.cpp, line 709]
Event: 1.988 Thread 0x0000000001f9f000 Exception <a 'sun/nio/fs/WindowsException'> (0x00000000ff62f3a8) thrown at [D:\src\AOSP-openjdk-cygwin\jdk8u\hotspot\src\share\vm\prims\jni.cpp, line 709]
Event: 1.988 Thread 0x0000000001f9f000 Exception <a 'sun/nio/fs/WindowsException'> (0x00000000ff62f8b0) thrown at [D:\src\AOSP-openjdk-cygwin\jdk8u\hotspot\src\share\vm\prims\jni.cpp, line 709]
Event: 1.994 Thread 0x0000000001f9f000 Exception <a 'sun/nio/fs/WindowsException'> (0x00000000ff671858) thrown at [D:\src\AOSP-openjdk-cygwin\jdk8u\hotspot\src\share\vm\prims\jni.cpp, line 709]
Event: 1.994 Thread 0x0000000001f9f000 Exception <a 'sun/nio/fs/WindowsException'> (0x00000000ff671d60) thrown at [D:\src\AOSP-openjdk-cygwin\jdk8u\hotspot\src\share\vm\prims\jni.cpp, line 709]

Events (10 events):
Event: 2.002 Thread 0x0000000001f9f000 Uncommon trap: trap_request=0xffffffde fr.pc=0x0000000002a329ac
Event: 2.002 Thread 0x0000000001f9f000 DEOPT PACKING pc=0x0000000002a329ac sp=0x00000000023ee880
Event: 2.002 Thread 0x0000000001f9f000 DEOPT UNPACKING pc=0x000000000270556a sp=0x00000000023ee838 mode 2
Event: 2.002 Thread 0x0000000001f9f000 Uncommon trap: trap_request=0xffffffde fr.pc=0x0000000002a329ac
Event: 2.002 Thread 0x0000000001f9f000 DEOPT PACKING pc=0x0000000002a329ac sp=0x00000000023ee880
Event: 2.002 Thread 0x0000000001f9f000 DEOPT UNPACKING pc=0x000000000270556a sp=0x00000000023ee838 mode 2
Event: 2.002 Thread 0x0000000001f9f000 Uncommon trap: trap_request=0xffffffde fr.pc=0x0000000002a329ac
Event: 2.002 Thread 0x0000000001f9f000 DEOPT PACKING pc=0x0000000002a329ac sp=0x00000000023ee880
Event: 2.002 Thread 0x0000000001f9f000 DEOPT UNPACKING pc=0x000000000270556a sp=0x00000000023ee838 mode 2
Event: 2.034 Executing VM operation: ParallelGCFailedAllocation


Dynamic libraries:
0x000000013f080000 - 0x000000013f0b1000 	C:\Program Files\Android\Android Studio\jre\bin\java.exe
0x0000000077320000 - 0x00000000774bf000 	C:\Windows\SYSTEM32\ntdll.dll
0x0000000077100000 - 0x000000007721f000 	C:\Windows\system32\kernel32.dll
0x000007fefd290000 - 0x000007fefd2fa000 	C:\Windows\system32\KERNELBASE.dll
0x000007fefdf90000 - 0x000007fefe06b000 	C:\Windows\system32\ADVAPI32.dll
0x000007feff2f0000 - 0x000007feff38f000 	C:\Windows\system32\msvcrt.dll
0x000007fefe540000 - 0x000007fefe55f000 	C:\Windows\SYSTEM32\sechost.dll
0x000007fefd730000 - 0x000007fefd85d000 	C:\Windows\system32\RPCRT4.dll
0x0000000077220000 - 0x000000007731a000 	C:\Windows\system32\USER32.dll
0x000007fefda70000 - 0x000007fefdad7000 	C:\Windows\system32\GDI32.dll
0x000007fefe530000 - 0x000007fefe53e000 	C:\Windows\system32\LPK.dll
0x000007fefdec0000 - 0x000007fefdf8b000 	C:\Windows\system32\USP10.dll
0x000007fefb3c0000 - 0x000007fefb5b4000 	C:\Windows\WinSxS\amd64_microsoft.windows.common-controls_6595b64144ccf1df_6.0.7601.23403_none_e36ad4593102f066\COMCTL32.dll
0x000007fefde40000 - 0x000007fefdeb1000 	C:\Windows\system32\SHLWAPI.dll
0x000007fefde10000 - 0x000007fefde3e000 	C:\Windows\system32\IMM32.DLL
0x000007fefe420000 - 0x000007fefe529000 	C:\Windows\system32\MSCTF.dll
0x000007fefcf30000 - 0x000007fefcf60000 	C:\Windows\system32\nvinitx.dll
0x000007fefcf20000 - 0x000007fefcf2c000 	C:\Windows\system32\VERSION.dll
0x000007fefd280000 - 0x000007fefd285000 	C:\Windows\system32\api-ms-win-downlevel-advapi32-l1-1-0.dll
0x000007fefcdc0000 - 0x000007fefcde5000 	C:\Windows\system32\SspiCli.dll
0x0000000062c40000 - 0x0000000062d12000 	C:\Program Files\Android\Android Studio\jre\jre\bin\msvcr100.dll
0x0000000060290000 - 0x0000000060ace000 	C:\Program Files\Android\Android Studio\jre\jre\bin\server\jvm.dll
0x000007fef91f0000 - 0x000007fef91f9000 	C:\Windows\system32\WSOCK32.dll
0x000007fefdce0000 - 0x000007fefdd2d000 	C:\Windows\system32\WS2_32.dll
0x000007fefd720000 - 0x000007fefd728000 	C:\Windows\system32\NSI.dll
0x000007fefab60000 - 0x000007fefab9b000 	C:\Windows\system32\WINMM.dll
0x00000000774c0000 - 0x00000000774c7000 	C:\Windows\system32\PSAPI.DLL
0x000007feedd00000 - 0x000007feedd0f000 	C:\Program Files\Android\Android Studio\jre\jre\bin\verify.dll
0x000007fee69e0000 - 0x000007fee6a09000 	C:\Program Files\Android\Android Studio\jre\jre\bin\java.dll
0x000007feed980000 - 0x000007feed996000 	C:\Program Files\Android\Android Studio\jre\jre\bin\zip.dll
0x000007fefe560000 - 0x000007feff2eb000 	C:\Windows\system32\SHELL32.dll
0x000007fefdae0000 - 0x000007fefdcdd000 	C:\Windows\system32\ole32.dll
0x000007fefcff0000 - 0x000007fefcfff000 	C:\Windows\system32\profapi.dll
0x000007fefc7e0000 - 0x000007fefc7f8000 	C:\Windows\system32\CRYPTSP.dll
0x000007fefc4e0000 - 0x000007fefc527000 	C:\Windows\system32\rsaenh.dll
0x000007fefd1d0000 - 0x000007fefd1ef000 	C:\Windows\system32\USERENV.dll
0x000007fefce50000 - 0x000007fefce5f000 	C:\Windows\system32\CRYPTBASE.dll
0x000007fee8600000 - 0x000007fee861a000 	C:\Program Files\Android\Android Studio\jre\jre\bin\net.dll
0x000007fefc780000 - 0x000007fefc7d5000 	C:\Windows\system32\mswsock.dll
0x000007fefc770000 - 0x000007fefc777000 	C:\Windows\System32\wship6.dll
0x000007fefa6b0000 - 0x000007fefa6d7000 	C:\Windows\system32\IPHLPAPI.DLL
0x000007fefa6a0000 - 0x000007fefa6ab000 	C:\Windows\system32\WINNSI.DLL
0x000007fefa250000 - 0x000007fefa261000 	C:\Windows\system32\dhcpcsvc6.DLL
0x000007fefa230000 - 0x000007fefa248000 	C:\Windows\system32\dhcpcsvc.DLL
0x000007fedb0e0000 - 0x000007fedb0f1000 	C:\Program Files\Android\Android Studio\jre\jre\bin\nio.dll

VM Arguments:
jvm_args: -Djava.awt.headless=true -Xmx64M -Dfile.encoding=windows-1252 -Duser.country=US -Duser.language=en -Duser.variant 
java_command: com.google.devtools.build.android.desugar.Desugar @C:\Users\zhli\workspace\ReUnite\app\build\intermediates\tmp\desugar_args4411061479866685999
java_class_path (initial): C:\Users\zhli\AppData\Local\Temp\3\desugar_deploy.jar104985555399314533
Launcher Type: SUN_STANDARD

Environment Variables:
JAVA_HOME=C:\Program Files\Java\jdk1.8.0_131
PATH=C:\ProgramData\Oracle\Java\javapath;C:\Windows\system32;C:\Windows;C:\Windows\System32\Wbem;C:\Windows\System32\WindowsPowerShell\v1.0\;C:\Program Files\Java\jdk1.8.0_131\bin;C:\Program Files\ActivIdentity\ActivClient\;C:\Program Files (x86)\ActivIdentity\ActivClient\;C:\Program Files\VanDyke Software\Clients\;C:\Program Files\TortoiseSVN\bin;C:\Program Files\nodejs\;C:\Windows\System32\WindowsPowerShell\v1.0\;C:\Windows\System32\WindowsPowerShell\v1.0\;C:\Program Files\Git\cmd;C:\Program Files (x86)\GtkSharp\2.12\bin;C:\Users\zhli\AppData\Roaming\npm;C:\Users\zhli\AppData\Local\atom\bin;C:\Users\zhli\Bin\flutter\bin;
USERNAME=zhli
OS=Windows_NT
PROCESSOR_IDENTIFIER=Intel64 Family 6 Model 94 Stepping 3, GenuineIntel



---------------  S Y S T E M  ---------------

OS: Windows 7 , 64 bit Build 7601 (6.1.7601.24024)

CPU:total 8 (initial active 8) (4 cores per cpu, 2 threads per core) family 6 model 94 stepping 3, cmov, cx8, fxsr, mmx, sse, sse2, sse3, ssse3, sse4.1, sse4.2, popcnt, avx, avx2, aes, clmul, erms, rtm, 3dnowpref, lzcnt, ht, tsc, tscinvbit, bmi1, bmi2, adx

Memory: 4k page, physical 16701228k(425900k free), swap 20893656k(13128k free)

vm_info: OpenJDK 64-Bit Server VM (25.152-b01) for windows-amd64 JRE (1.8.0_152-release-915-b01), built by "builder" with MS VC++ 10.0 (VS2010)

time: Thu Mar 08 13:24:38 2018
elapsed time: 2 seconds (0d 0h 0m 2s)

