#
# There is insufficient memory for the Java Runtime Environment to continue.
# Native memory allocation (malloc) failed to allocate 32744 bytes for ChunkPool::allocate
# Possible reasons:
#   The system is out of physical RAM or swap space
#   In 32 bit mode, the process size limit was hit
# Possible solutions:
#   Reduce memory load on the system
#   Increase physical memory or swap space
#   Check if swap backing store is full
#   Use 64 bit Java on a 64 bit OS
#   Decrease Java heap size (-Xmx/-Xms)
#   Decrease number of Java threads
#   Decrease Java thread stack sizes (-Xss)
#   Set larger code cache with -XX:ReservedCodeCacheSize=
# This output file may be truncated or incomplete.
#
#  Out of Memory Error (allocation.cpp:273), pid=872, tid=0x0000000000001ee4
#
# JRE version: OpenJDK Runtime Environment (8.0_152-b01) (build 1.8.0_152-release-915-b01)
# Java VM: OpenJDK 64-Bit Server VM (25.152-b01 mixed mode windows-amd64 compressed oops)
# Failed to write core dump. Minidumps are not enabled by default on client versions of Windows
#

---------------  T H R E A D  ---------------

Current thread (0x000000005415d800):  JavaThread "C2 CompilerThread1" daemon [_thread_in_native, id=7908, stack(0x00000000559b0000,0x0000000055ab0000)]

Stack: [0x00000000559b0000,0x0000000055ab0000]
[error occurred during error reporting (printing stack bounds), id 0xc0000005]

Native frames: (J=compiled Java code, j=interpreted, Vv=VM code, C=native code)


Current CompileTask:
C2:   3307  885       4       org.objectweb.asm.ClassReader::a (3587 bytes)


---------------  P R O C E S S  ---------------

Java Threads: ( => current thread )
  0x00000000541ea800 JavaThread "Service Thread" daemon [_thread_blocked, id=6964, stack(0x0000000055ed0000,0x0000000055fd0000)]
  0x0000000054193000 JavaThread "C1 CompilerThread3" daemon [_thread_blocked, id=6140, stack(0x0000000055d10000,0x0000000055e10000)]
  0x0000000054168800 JavaThread "C2 CompilerThread2" daemon [_thread_in_native, id=12252, stack(0x0000000055b80000,0x0000000055c80000)]
=>0x000000005415d800 JavaThread "C2 CompilerThread1" daemon [_thread_in_native, id=7908, stack(0x00000000559b0000,0x0000000055ab0000)]
  0x000000005414c800 JavaThread "C2 CompilerThread0" daemon [_thread_blocked, id=4048, stack(0x00000000555f0000,0x00000000556f0000)]
  0x0000000054158000 JavaThread "Attach Listener" daemon [_thread_blocked, id=1084, stack(0x0000000055730000,0x0000000055830000)]
  0x0000000054156800 JavaThread "Signal Dispatcher" daemon [_thread_blocked, id=5060, stack(0x0000000055450000,0x0000000055550000)]
  0x00000000531ac000 JavaThread "Finalizer" daemon [_thread_blocked, id=12120, stack(0x00000000550a0000,0x00000000551a0000)]
  0x00000000531a5000 JavaThread "Reference Handler" daemon [_thread_blocked, id=8584, stack(0x0000000055330000,0x0000000055430000)]
  0x0000000001faf000 JavaThread "main" [_thread_in_native, id=6316, stack(0x0000000002200000,0x0000000002300000)]

Other Threads:
  0x0000000054101800 VMThread [stack: 0x00000000551b0000,0x00000000552b0000] [id=10420]
  0x00000000541eb800 WatcherThread [stack: 0x00000000558a0000,0x00000000559a0000] [id=6272]

VM state:not at safepoint (normal execution)

VM Mutex/Monitor currently owned by a thread: None

Heap:
 PSYoungGen      total 18944K, used 10740K [0x00000000feb00000, 0x0000000100000000, 0x0000000100000000)
  eden space 16384K, 49% used [0x00000000feb00000,0x00000000ff2ffcb8,0x00000000ffb00000)
  from space 2560K, 99% used [0x00000000ffb00000,0x00000000ffd7d530,0x00000000ffd80000)
  to   space 2560K, 0% used [0x00000000ffd80000,0x00000000ffd80000,0x0000000100000000)
 ParOldGen       total 44032K, used 6315K [0x00000000fc000000, 0x00000000feb00000, 0x00000000feb00000)
  object space 44032K, 14% used [0x00000000fc000000,0x00000000fc62ac70,0x00000000feb00000)
 Metaspace       used 7673K, capacity 7852K, committed 7936K, reserved 1056768K
  class space    used 875K, capacity 956K, committed 1024K, reserved 1048576K

Card table byte_map: [0x0000000000270000,0x00000000002a0000] byte_map_base: 0xffffffffffa90000

Marking Bits: (ParMarkBitMap*) 0x0000000060a53950
 Begin Bits: [0x00000000125c0000, 0x00000000126c0000)
 End Bits:   [0x00000000126c0000, 0x00000000127c0000)

Polling page: 0x0000000000240000

CodeCache: size=245760Kb used=4042Kb max_used=4054Kb free=241717Kb
 bounds [0x00000000025d0000, 0x00000000029d0000, 0x00000000115d0000]
 total_blobs=1438 nmethods=1105 adapters=245
 compilation: enabled

Compilation events (10 events):
Event: 2.717 Thread 0x0000000054193000 nmethod 1051 0x00000000029a24d0 code [0x00000000029a2700, 0x00000000029a3218]
Event: 2.718 Thread 0x0000000054193000 1052       3       com.google.common.collect.ImmutableList::iterator (5 bytes)
Event: 2.718 Thread 0x0000000054193000 nmethod 1052 0x00000000029a1110 code [0x00000000029a1280, 0x00000000029a1568]
Event: 2.718 Thread 0x0000000054193000 1053       3       com.google.common.collect.ImmutableList::listIterator (6 bytes)
Event: 2.718 Thread 0x0000000054193000 nmethod 1053 0x00000000029a0d10 code [0x00000000029a0e80, 0x00000000029a1088]
Event: 2.718 Thread 0x0000000054193000 1054       3       com.google.common.collect.RegularImmutableList::listIterator (15 bytes)
Event: 2.719 Thread 0x0000000054193000 nmethod 1054 0x00000000029a0910 code [0x00000000029a0a80, 0x00000000029a0c28]
Event: 2.719 Thread 0x0000000054168800 1055       4       org.objectweb.asm.MethodVisitor::visitVarInsn (17 bytes)
Event: 2.725 Thread 0x0000000054168800 nmethod 1055 0x00000000029a7ed0 code [0x00000000029a8060, 0x00000000029a8658]
Event: 2.725 Thread 0x0000000054168800 1056       4       org.objectweb.asm.tree.VarInsnNode::accept (18 bytes)

GC Heap History (6 events):
Event: 1.832 GC heap before
{Heap before GC invocations=1 (full 0):
 PSYoungGen      total 18944K, used 16384K [0x00000000feb00000, 0x0000000100000000, 0x0000000100000000)
  eden space 16384K, 100% used [0x00000000feb00000,0x00000000ffb00000,0x00000000ffb00000)
  from space 2560K, 0% used [0x00000000ffd80000,0x00000000ffd80000,0x0000000100000000)
  to   space 2560K, 0% used [0x00000000ffb00000,0x00000000ffb00000,0x00000000ffd80000)
 ParOldGen       total 44032K, used 0K [0x00000000fc000000, 0x00000000feb00000, 0x00000000feb00000)
  object space 44032K, 0% used [0x00000000fc000000,0x00000000fc000000,0x00000000feb00000)
 Metaspace       used 6501K, capacity 6682K, committed 6784K, reserved 1056768K
  class space    used 771K, capacity 823K, committed 896K, reserved 1048576K
Event: 1.836 GC heap after
Heap after GC invocations=1 (full 0):
 PSYoungGen      total 18944K, used 2544K [0x00000000feb00000, 0x0000000100000000, 0x0000000100000000)
  eden space 16384K, 0% used [0x00000000feb00000,0x00000000feb00000,0x00000000ffb00000)
  from space 2560K, 99% used [0x00000000ffb00000,0x00000000ffd7c020,0x00000000ffd80000)
  to   space 2560K, 0% used [0x00000000ffd80000,0x00000000ffd80000,0x0000000100000000)
 ParOldGen       total 44032K, used 1579K [0x00000000fc000000, 0x00000000feb00000, 0x00000000feb00000)
  object space 44032K, 3% used [0x00000000fc000000,0x00000000fc18aee0,0x00000000feb00000)
 Metaspace       used 6501K, capacity 6682K, committed 6784K, reserved 1056768K
  class space    used 771K, capacity 823K, committed 896K, reserved 1048576K
}
Event: 2.322 GC heap before
{Heap before GC invocations=2 (full 0):
 PSYoungGen      total 18944K, used 18928K [0x00000000feb00000, 0x0000000100000000, 0x0000000100000000)
  eden space 16384K, 100% used [0x00000000feb00000,0x00000000ffb00000,0x00000000ffb00000)
  from space 2560K, 99% used [0x00000000ffb00000,0x00000000ffd7c020,0x00000000ffd80000)
  to   space 2560K, 0% used [0x00000000ffd80000,0x00000000ffd80000,0x0000000100000000)
 ParOldGen       total 44032K, used 1579K [0x00000000fc000000, 0x00000000feb00000, 0x00000000feb00000)
  object space 44032K, 3% used [0x00000000fc000000,0x00000000fc18aee0,0x00000000feb00000)
 Metaspace       used 6986K, capacity 7148K, committed 7296K, reserved 1056768K
  class space    used 829K, capacity 892K, committed 896K, reserved 1048576K
Event: 2.348 GC heap after
Heap after GC invocations=2 (full 0):
 PSYoungGen      total 18944K, used 2549K [0x00000000feb00000, 0x0000000100000000, 0x0000000100000000)
  eden space 16384K, 0% used [0x00000000feb00000,0x00000000feb00000,0x00000000ffb00000)
  from space 2560K, 99% used [0x00000000ffd80000,0x00000000ffffd530,0x0000000100000000)
  to   space 2560K, 0% used [0x00000000ffb00000,0x00000000ffb00000,0x00000000ffd80000)
 ParOldGen       total 44032K, used 5704K [0x00000000fc000000, 0x00000000feb00000, 0x00000000feb00000)
  object space 44032K, 12% used [0x00000000fc000000,0x00000000fc5920d8,0x00000000feb00000)
 Metaspace       used 6986K, capacity 7148K, committed 7296K, reserved 1056768K
  class space    used 829K, capacity 892K, committed 896K, reserved 1048576K
}
Event: 2.731 GC heap before
{Heap before GC invocations=3 (full 0):
 PSYoungGen      total 18944K, used 18933K [0x00000000feb00000, 0x0000000100000000, 0x0000000100000000)
  eden space 16384K, 100% used [0x00000000feb00000,0x00000000ffb00000,0x00000000ffb00000)
  from space 2560K, 99% used [0x00000000ffd80000,0x00000000ffffd530,0x0000000100000000)
  to   space 2560K, 0% used [0x00000000ffb00000,0x00000000ffb00000,0x00000000ffd80000)
 ParOldGen       total 44032K, used 5704K [0x00000000fc000000, 0x00000000feb00000, 0x00000000feb00000)
  object space 44032K, 12% used [0x00000000fc000000,0x00000000fc5920d8,0x00000000feb00000)
 Metaspace       used 7624K, capacity 7852K, committed 7936K, reserved 1056768K
  class space    used 875K, capacity 956K, committed 1024K, reserved 1048576K
Event: 2.788 GC heap after
Heap after GC invocations=3 (full 0):
 PSYoungGen      total 18944K, used 2549K [0x00000000feb00000, 0x0000000100000000, 0x0000000100000000)
  eden space 16384K, 0% used [0x00000000feb00000,0x00000000feb00000,0x00000000ffb00000)
  from space 2560K, 99% used [0x00000000ffb00000,0x00000000ffd7d530,0x00000000ffd80000)
  to   space 2560K, 0% used [0x00000000ffd80000,0x00000000ffd80000,0x0000000100000000)
 ParOldGen       total 44032K, used 6315K [0x00000000fc000000, 0x00000000feb00000, 0x00000000feb00000)
  object space 44032K, 14% used [0x00000000fc000000,0x00000000fc62ac70,0x00000000feb00000)
 Metaspace       used 7624K, capacity 7852K, committed 7936K, reserved 1056768K
  class space    used 875K, capacity 956K, committed 1024K, reserved 1048576K
}

Deoptimization events (10 events):
Event: 2.389 Thread 0x0000000001faf000 Uncommon trap: reason=unstable_if action=reinterpret pc=0x00000000027adbe8 method=java.lang.String.<init>([CII)V @ 18
Event: 2.512 Thread 0x0000000001faf000 Uncommon trap: reason=unstable_if action=reinterpret pc=0x00000000028f79bc method=org.objectweb.asm.MethodWriter.visitVarInsn(II)V @ 130
Event: 2.512 Thread 0x0000000001faf000 Uncommon trap: reason=unstable_if action=reinterpret pc=0x00000000028fc3d8 method=org.objectweb.asm.Type.getArgumentsAndReturnSizes(Ljava/lang/String;)I @ 47
Event: 2.533 Thread 0x0000000001faf000 Uncommon trap: reason=unstable_if action=reinterpret pc=0x000000000290f618 method=java.io.BufferedOutputStream.write(I)V @ 9
Event: 2.606 Thread 0x0000000001faf000 Uncommon trap: reason=unstable_if action=reinterpret pc=0x0000000002961b28 method=org.objectweb.asm.MethodWriter.visitVarInsn(II)V @ 136
Event: 2.606 Thread 0x0000000001faf000 Uncommon trap: reason=unstable_if action=reinterpret pc=0x000000000295aeb4 method=org.objectweb.asm.Type.getArgumentsAndReturnSizes(Ljava/lang/String;)I @ 100
Event: 2.719 Thread 0x0000000001faf000 Uncommon trap: reason=class_check action=maybe_recompile pc=0x0000000002983f94 method=org.objectweb.asm.MethodVisitor.visitVarInsn(II)V @ 13
Event: 2.719 Thread 0x0000000001faf000 Uncommon trap: reason=class_check action=maybe_recompile pc=0x0000000002983f94 method=org.objectweb.asm.MethodVisitor.visitVarInsn(II)V @ 13
Event: 2.719 Thread 0x0000000001faf000 Uncommon trap: reason=class_check action=maybe_recompile pc=0x0000000002983f94 method=org.objectweb.asm.MethodVisitor.visitVarInsn(II)V @ 13
Event: 2.719 Thread 0x0000000001faf000 Uncommon trap: reason=class_check action=maybe_recompile pc=0x0000000002983f94 method=org.objectweb.asm.MethodVisitor.visitVarInsn(II)V @ 13

Classes redefined (0 events):
No events

Internal exceptions (10 events):
Event: 2.415 Thread 0x0000000001faf000 Exception <a 'sun/nio/fs/WindowsException'> (0x00000000fed40fe8) thrown at [D:\src\AOSP-openjdk-cygwin\jdk8u\hotspot\src\share\vm\prims\jni.cpp, line 709]
Event: 2.415 Thread 0x0000000001faf000 Exception <a 'sun/nio/fs/WindowsException'> (0x00000000fed414f0) thrown at [D:\src\AOSP-openjdk-cygwin\jdk8u\hotspot\src\share\vm\prims\jni.cpp, line 709]
Event: 2.509 Thread 0x0000000001faf000 Exception <a 'sun/nio/fs/WindowsException'> (0x00000000fefe7d48) thrown at [D:\src\AOSP-openjdk-cygwin\jdk8u\hotspot\src\share\vm\prims\jni.cpp, line 709]
Event: 2.509 Thread 0x0000000001faf000 Exception <a 'sun/nio/fs/WindowsException'> (0x00000000fefe8250) thrown at [D:\src\AOSP-openjdk-cygwin\jdk8u\hotspot\src\share\vm\prims\jni.cpp, line 709]
Event: 2.534 Thread 0x0000000001faf000 Exception <a 'sun/nio/fs/WindowsException'> (0x00000000ff0c6bd8) thrown at [D:\src\AOSP-openjdk-cygwin\jdk8u\hotspot\src\share\vm\prims\jni.cpp, line 709]
Event: 2.534 Thread 0x0000000001faf000 Exception <a 'sun/nio/fs/WindowsException'> (0x00000000ff0c70e0) thrown at [D:\src\AOSP-openjdk-cygwin\jdk8u\hotspot\src\share\vm\prims\jni.cpp, line 709]
Event: 2.548 Thread 0x0000000001faf000 Exception <a 'sun/nio/fs/WindowsException'> (0x00000000ff0f2720) thrown at [D:\src\AOSP-openjdk-cygwin\jdk8u\hotspot\src\share\vm\prims\jni.cpp, line 709]
Event: 2.548 Thread 0x0000000001faf000 Exception <a 'sun/nio/fs/WindowsException'> (0x00000000ff0f2c28) thrown at [D:\src\AOSP-openjdk-cygwin\jdk8u\hotspot\src\share\vm\prims\jni.cpp, line 709]
Event: 2.697 Thread 0x0000000001faf000 Exception <a 'sun/nio/fs/WindowsException'> (0x00000000ff95dad8) thrown at [D:\src\AOSP-openjdk-cygwin\jdk8u\hotspot\src\share\vm\prims\jni.cpp, line 709]
Event: 2.697 Thread 0x0000000001faf000 Exception <a 'sun/nio/fs/WindowsException'> (0x00000000ff95dfe0) thrown at [D:\src\AOSP-openjdk-cygwin\jdk8u\hotspot\src\share\vm\prims\jni.cpp, line 709]

Events (10 events):
Event: 2.719 Thread 0x0000000001faf000 DEOPT PACKING pc=0x0000000002983f94 sp=0x00000000022fe7f0
Event: 2.719 Thread 0x0000000001faf000 DEOPT UNPACKING pc=0x000000000261556a sp=0x00000000022fe7a0 mode 2
Event: 2.719 Thread 0x0000000001faf000 Uncommon trap: trap_request=0xffffffde fr.pc=0x0000000002983f94
Event: 2.719 Thread 0x0000000001faf000 DEOPT PACKING pc=0x0000000002983f94 sp=0x00000000022fe7f0
Event: 2.719 Thread 0x0000000001faf000 DEOPT UNPACKING pc=0x000000000261556a sp=0x00000000022fe7a0 mode 2
Event: 2.719 Thread 0x0000000001faf000 Uncommon trap: trap_request=0xffffffde fr.pc=0x0000000002983f94
Event: 2.719 Thread 0x0000000001faf000 DEOPT PACKING pc=0x0000000002983f94 sp=0x00000000022fe7f0
Event: 2.719 Thread 0x0000000001faf000 DEOPT UNPACKING pc=0x000000000261556a sp=0x00000000022fe7a0 mode 2
Event: 2.731 Executing VM operation: ParallelGCFailedAllocation
Event: 2.788 Executing VM operation: ParallelGCFailedAllocation done


Dynamic libraries:
0x000000013f080000 - 0x000000013f0b1000 	C:\Program Files\Android\Android Studio\jre\bin\java.exe
0x0000000077320000 - 0x00000000774bf000 	C:\Windows\SYSTEM32\ntdll.dll
0x0000000077100000 - 0x000000007721f000 	C:\Windows\system32\kernel32.dll
0x000007fefd290000 - 0x000007fefd2fa000 	C:\Windows\system32\KERNELBASE.dll
0x000007fefdf90000 - 0x000007fefe06b000 	C:\Windows\system32\ADVAPI32.dll
0x000007feff2f0000 - 0x000007feff38f000 	C:\Windows\system32\msvcrt.dll
0x000007fefe540000 - 0x000007fefe55f000 	C:\Windows\SYSTEM32\sechost.dll
0x000007fefd730000 - 0x000007fefd85d000 	C:\Windows\system32\RPCRT4.dll
0x0000000077220000 - 0x000000007731a000 	C:\Windows\system32\USER32.dll
0x000007fefda70000 - 0x000007fefdad7000 	C:\Windows\system32\GDI32.dll
0x000007fefe530000 - 0x000007fefe53e000 	C:\Windows\system32\LPK.dll
0x000007fefdec0000 - 0x000007fefdf8b000 	C:\Windows\system32\USP10.dll
0x000007fefb3c0000 - 0x000007fefb5b4000 	C:\Windows\WinSxS\amd64_microsoft.windows.common-controls_6595b64144ccf1df_6.0.7601.23403_none_e36ad4593102f066\COMCTL32.dll
0x000007fefde40000 - 0x000007fefdeb1000 	C:\Windows\system32\SHLWAPI.dll
0x000007fefde10000 - 0x000007fefde3e000 	C:\Windows\system32\IMM32.DLL
0x000007fefe420000 - 0x000007fefe529000 	C:\Windows\system32\MSCTF.dll
0x000007fefcf30000 - 0x000007fefcf60000 	C:\Windows\system32\nvinitx.dll
0x000007fefcf20000 - 0x000007fefcf2c000 	C:\Windows\system32\VERSION.dll
0x000007fefd280000 - 0x000007fefd285000 	C:\Windows\system32\api-ms-win-downlevel-advapi32-l1-1-0.dll
0x000007fefcdc0000 - 0x000007fefcde5000 	C:\Windows\system32\SspiCli.dll
0x0000000062c40000 - 0x0000000062d12000 	C:\Program Files\Android\Android Studio\jre\jre\bin\msvcr100.dll
0x0000000060290000 - 0x0000000060ace000 	C:\Program Files\Android\Android Studio\jre\jre\bin\server\jvm.dll
0x000007fef91f0000 - 0x000007fef91f9000 	C:\Windows\system32\WSOCK32.dll
0x000007fefdce0000 - 0x000007fefdd2d000 	C:\Windows\system32\WS2_32.dll
0x000007fefd720000 - 0x000007fefd728000 	C:\Windows\system32\NSI.dll
0x000007fefab60000 - 0x000007fefab9b000 	C:\Windows\system32\WINMM.dll
0x00000000774c0000 - 0x00000000774c7000 	C:\Windows\system32\PSAPI.DLL
0x000007feedd00000 - 0x000007feedd0f000 	C:\Program Files\Android\Android Studio\jre\jre\bin\verify.dll
0x000007fee69e0000 - 0x000007fee6a09000 	C:\Program Files\Android\Android Studio\jre\jre\bin\java.dll
0x000007feed980000 - 0x000007feed996000 	C:\Program Files\Android\Android Studio\jre\jre\bin\zip.dll
0x000007fefe560000 - 0x000007feff2eb000 	C:\Windows\system32\SHELL32.dll
0x000007fefdae0000 - 0x000007fefdcdd000 	C:\Windows\system32\ole32.dll
0x000007fefcff0000 - 0x000007fefcfff000 	C:\Windows\system32\profapi.dll
0x000007fefc7e0000 - 0x000007fefc7f8000 	C:\Windows\system32\CRYPTSP.dll
0x000007fefc4e0000 - 0x000007fefc527000 	C:\Windows\system32\rsaenh.dll
0x000007fefd1d0000 - 0x000007fefd1ef000 	C:\Windows\system32\USERENV.dll
0x000007fefce50000 - 0x000007fefce5f000 	C:\Windows\system32\CRYPTBASE.dll
0x000007fee8600000 - 0x000007fee861a000 	C:\Program Files\Android\Android Studio\jre\jre\bin\net.dll
0x000007fefc780000 - 0x000007fefc7d5000 	C:\Windows\system32\mswsock.dll
0x000007fefc770000 - 0x000007fefc777000 	C:\Windows\System32\wship6.dll
0x000007fefa6b0000 - 0x000007fefa6d7000 	C:\Windows\system32\IPHLPAPI.DLL
0x000007fefa6a0000 - 0x000007fefa6ab000 	C:\Windows\system32\WINNSI.DLL
0x000007fefa250000 - 0x000007fefa261000 	C:\Windows\system32\dhcpcsvc6.DLL
0x000007fefa230000 - 0x000007fefa248000 	C:\Windows\system32\dhcpcsvc.DLL
0x000007fedb0e0000 - 0x000007fedb0f1000 	C:\Program Files\Android\Android Studio\jre\jre\bin\nio.dll

VM Arguments:
jvm_args: -Djava.awt.headless=true -Xmx64M -Dfile.encoding=windows-1252 -Duser.country=US -Duser.language=en -Duser.variant 
java_command: com.google.devtools.build.android.desugar.Desugar @C:\Users\zhli\workspace\ReUnite\app\build\intermediates\tmp\desugar_args8879089814462645484
java_class_path (initial): C:\Users\zhli\AppData\Local\Temp\3\desugar_deploy.jar104985555399314533
Launcher Type: SUN_STANDARD

Environment Variables:
JAVA_HOME=C:\Program Files\Java\jdk1.8.0_131
PATH=C:\ProgramData\Oracle\Java\javapath;C:\Windows\system32;C:\Windows;C:\Windows\System32\Wbem;C:\Windows\System32\WindowsPowerShell\v1.0\;C:\Program Files\Java\jdk1.8.0_131\bin;C:\Program Files\ActivIdentity\ActivClient\;C:\Program Files (x86)\ActivIdentity\ActivClient\;C:\Program Files\VanDyke Software\Clients\;C:\Program Files\TortoiseSVN\bin;C:\Program Files\nodejs\;C:\Windows\System32\WindowsPowerShell\v1.0\;C:\Windows\System32\WindowsPowerShell\v1.0\;C:\Program Files\Git\cmd;C:\Program Files (x86)\GtkSharp\2.12\bin;C:\Users\zhli\AppData\Roaming\npm;C:\Users\zhli\AppData\Local\atom\bin;C:\Users\zhli\Bin\flutter\bin;
USERNAME=zhli
OS=Windows_NT
PROCESSOR_IDENTIFIER=Intel64 Family 6 Model 94 Stepping 3, GenuineIntel



---------------  S Y S T E M  ---------------

OS: Windows 7 , 64 bit Build 7601 (6.1.7601.24024)

CPU:total 8 (initial active 8) (4 cores per cpu, 2 threads per core) family 6 model 94 stepping 3, cmov, cx8, fxsr, mmx, sse, sse2, sse3, ssse3, sse4.1, sse4.2, popcnt, avx, avx2, aes, clmul, erms, rtm, 3dnowpref, lzcnt, ht, tsc, tscinvbit, bmi1, bmi2, adx

Memory: 4k page, physical 16701228k(425884k free), swap 20893656k(13128k free)

vm_info: OpenJDK 64-Bit Server VM (25.152-b01) for windows-amd64 JRE (1.8.0_152-release-915-b01), built by "builder" with MS VC++ 10.0 (VS2010)

time: Thu Mar 08 13:24:38 2018
elapsed time: 3 seconds (0d 0h 0m 3s)

